IQ-TREE multicore version 2.2.0 COVID-edition for Linux 64-bit built Jun  1 2022
Developed by Bui Quang Minh, James Barbetti, Nguyen Lam Tung,
Olga Chernomor, Heiko Schmidt, Dominik Schrempf, Michael Woodhams, Ly Trong Nhan.

Host:    harriet (AVX, 503 GB RAM)
Command: /home/susana/iqtree-2.2.0-Linux/bin/iqtree2 -s amplicon_alignments/amplicon2 -m TN+F+R2 -B 5000 -T AUTO
Seed:    864108 (Using SPRNG - Scalable Parallel Random Number Generator)
Time:    Thu Nov 24 11:00:58 2022
Kernel:  AVX - auto-detect threads (96 CPU cores detected)

Reading alignment file amplicon_alignments/amplicon2 ... Fasta format detected
Reading fasta file: done in 0.0107208 secs using 84.3% CPU
Alignment most likely contains DNA/RNA sequences
Constructing alignment: done in 0.0164933 secs using 1044% CPU
WARNING: 2 sites contain only gaps or ambiguous characters.
Alignment has 204 sequences with 1875 columns, 784 distinct patterns
100 parsimony-informative, 195 singleton sites, 1580 constant sites
                                                 Gap/Ambiguity  Composition  p-value
Analyzing sequences: done in 0.00029658 secs using 591.4% CPU
   1  18S_0067a_deg_5Mod_52_F.NSR399_5Mod_52_R_ASV_1    83.31%    passed     64.71%
   2  18S_0067a_deg_5Mod_52_F.NSR399_5Mod_52_R_ASV_2    83.31%    passed     70.60%
   3  18S_0067a_deg_5Mod_52_F.NSR399_5Mod_52_R_ASV_3    83.31%    passed     72.13%
   4  JQ993669_Isospora_sp._ex_Talpa_europaea           34.51%    passed     95.57%
   5  JQ993670_Isospora_sp._ex_Talpa_europaea           51.89%    passed     64.16%
   6  JQ993671_Isospora_sp._ex_Talpa_europaea           22.88%    passed     99.83%
   7  JQ993665_Eimeria_nafuko                           26.67%    passed     99.01%
   8  JQ993659_Eimeria_alorani                          26.72%    passed     69.39%
   9  KU174470_Eimeria_apionodes                        25.76%    passed     99.10%
  10  KU174461_Eimeria_apionodes                        25.87%    passed     98.90%
  11  KU174464_Eimeria_apionodes                        55.63%    passed     93.78%
  12  KU174480_Eimeria_apionodes                        49.65%    passed     77.00%
  13  KU174483_Eimeria_apionodes                        50.35%    passed     75.74%
  14  KU174462_Eimeria_apionodes                        25.65%    passed     98.69%
  15  KU174463_Eimeria_apionodes                        57.07%    passed     71.66%
  16  KU174468_Eimeria_apionodes                        27.25%    passed     98.04%
  17  KU174479_Eimeria_apionodes                        46.67%    passed     87.75%
  18  KU174449_Eimeria_apionodes                        26.35%    passed     98.61%
  19  KU174450_Eimeria_apionodes                        25.23%    passed     99.45%
  20  KU174465_Eimeria_apionodes                        54.29%    passed     98.36%
  21  KU174467_Eimeria_apionodes                        25.76%    passed     98.35%
  22  KU174474_Eimeria_apionodes                        25.92%    passed     98.84%
  23  KU174451_Eimeria_apionodes                        25.71%    passed     98.39%
  24  KU174459_Eimeria_apionodes                        26.19%    passed     96.50%
  25  KU174485_Eimeria_apionodes                        38.77%    passed     98.36%
  26  KU174487_Eimeria_apionodes                        59.63%    passed     78.43%
  27  KU174472_Eimeria_apionodes                        25.71%    passed     99.15%
  28  JQ993666_Eimeria_burdai                           24.48%    passed     99.88%
  29  JQ993649_Eimeria_caviae                           24.05%    passed     99.92%
  30  JQ993650_Eimeria_chinchillae                      19.15%    passed     98.32%
  31  AF080614_Eimeria_falciformis                       4.64%    passed     93.08%
  32  MH751998_Eimeria_falciformis                      41.23%    passed     97.05%
  33  KT360995_Eimeria_ferrisi                          29.12%    passed     99.11%
  34  JF304148_Eimeria_myoxi                            22.72%    passed     99.20%
  35  U40263_Eimeria_nieschulzi                          4.21%    passed     90.49%
  36  JQ993651_Eimeria_nkaka                            26.72%    passed     91.24%
  37  AF311643_Eimeria_separata                         17.87%    passed     78.70%
  38  AF311644_Eimeria_sevilletensis                    17.07%    passed     60.75%
  39  JQ993654_Eimeria_sp._ex_Acomys_sp._JK-2013        19.20%    passed     97.90%
  40  JQ993655_Eimeria_sp._ex_Apodemus_agrarius         24.43%    passed     93.92%
  41  JQ993656_Eimeria_sp._ex_Apodemus_agrarius         24.53%    passed     86.44%
  42  JQ993657_Eimeria_sp._ex_Apodemus_agrarius         24.48%    passed     99.52%
  43  JQ993658_Eimeria_sp._ex_Apodemus_agrarius         26.19%    passed     97.64%
  44  JQ993660_Eimeria_sp._ex_Apodemus_agrarius         24.53%    passed     98.86%
  45  KU174475_Eimeria_apionodes                        25.76%    passed     81.72%
  46  JQ993661_Eimeria_sp._ex_Apodemus_sylvaticus       25.55%    passed     82.07%
  47  JQ993662_Eimeria_sp._ex_Apodemus_sylvaticus       25.44%    passed     97.27%
  48  JQ993663_Eimeria_sp._ex_Cricetus_cricetus         24.43%    passed     98.22%
  49  JQ993664_Eimeria_sp._ex_Gerbillus_dasyurus        19.20%    passed     99.96%
  50  JQ993652_Eimeria_sp._2_JK-2013                    24.00%    passed     92.59%
  51  JQ993667_Eimeria_sp._ex_Mastomys_natalensis       19.09%    passed     97.97%
  52  KU174454_Eimeria_sp._ex_Microtus_agrestis         26.56%    passed     98.80%
  53  KU174469_Eimeria_sp._ex_Microtus_agrestis         28.80%    passed     99.56%
  54  KU174481_Eimeria_sp._ex_Microtus_agrestis         47.95%    passed     79.55%
  55  KU174456_Eimeria_sp._ex_Microtus_arvalis          25.76%    passed     98.79%
  56  KU174484_Eimeria_sp._ex_Microtus_arvalis          49.28%    passed     80.49%
  57  KU174478_Eimeria_sp._ex_Microtus_arvalis          58.19%    passed     76.75%
  58  KU174473_Eimeria_sp._ex_Microtus_arvalis          25.87%    passed     98.90%
  59  KU174471_Eimeria_sp._ex_Microtus_levis            25.65%    passed     99.00%
  60  KU174455_Eimeria_sp._ex_Microtus_subterraneus     25.39%    passed     99.89%
  61  KU174457_Eimeria_sp._ex_Clethrionomys_glareolus   27.89%    passed     98.72%
  62  KU174476_Eimeria_sp._ex_Clethrionomys_glareolus   36.75%    passed     97.19%
  63  KU174466_Eimeria_sp._ex_Clethrionomys_glareolus   28.16%    passed     99.09%
  64  KU174486_Eimeria_sp._ex_Clethrionomys_glareolus   56.11%    passed     95.84%
  65  KU174453_Eimeria_sp._ex_Clethrionomys_glareolus   28.80%    passed     98.90%
  66  KU174458_Eimeria_sp._ex_Clethrionomys_glareolus   28.69%    passed     98.69%
  67  KU174460_Eimeria_sp._ex_Clethrionomys_glareolus   25.76%    passed     98.54%
  68  KU174452_Eimeria_sp._ex_Clethrionomys_glareolus   26.08%    passed     98.94%
  69  KU174482_Eimeria_sp._ex_Clethrionomys_glareolus   57.23%    passed     86.96%
  70  AF246717_Eimeria_telekii                          16.80%    passed     92.51%
  71  KT184355_Eimeria_vermiformis                      39.20%    passed     87.55%
  72  JQ993653_Eimeria_vilasi                           23.25%    passed     96.35%
  73  AF307880_Eimeria_albigulae                        17.33%    passed     93.93%
  74  AF339489_Eimeria_chaetodipi                       16.37%    passed     92.48%
  75  AF307878_Eimeria_arizonensis                      16.64%    passed     94.29%
  76  AF307876_Eimeria_antrozoi                         16.85%    passed     98.12%
  77  AF324214_Eimeria_chobotari                        17.01%    passed     93.31%
  78  AF339490_Eimeria_dipodomysis                      18.29%    passed     70.01%
  79  AF339491_Eimeria_leucopi                          18.51%    passed     92.97%
  80  AF307879_Eimeria_onychomysis                      18.51%    passed     91.46%
  81  AF339492_Eimeria_peromysci                        16.16%    passed     87.21%
  82  AF307877_Eimeria_rioarribaensis                   17.39%    passed     97.60%
  83  AF311642_Eimeria_reedi                            17.65%    passed     95.39%
  84  KU192965_Eimeria_alorani                          40.32%    passed     94.72%
  85  KU192958_Eimeria_alorani                          31.57%    passed     98.04%
  86  KU192936_Eimeria_apionodes                        25.71%    passed     98.75%
  87  KU192961_Eimeria_alorani                          26.35%    passed     97.19%
  88  KU192956_Eimeria_apionodes                        59.09%    passed     70.76%
  89  KU192931_Eimeria_apionodes                        25.55%    passed     98.26%
  90  KU192938_Eimeria_apionodes                        72.91%    passed     78.02%
  91  KU192916_Eimeria_apionodes                        28.21%    passed     95.94%
  92  KT184339.1_Eimeria_falciformis                     4.48%    passed     88.32%
  93  MH751925.1_Eimeria_ferrisi                        29.87%    passed     98.87%
  94  MH751926.1_Eimeria_vermiformis                    43.15%    passed     91.40%
  95  MH751927.1_Eimeria_ferrisi                        49.49%    passed     92.21%
  96  MH751928.1_Eimeria_ferrisi                        43.15%    passed     95.44%
  97  MH751929.1_Eimeria_ferrisi                        43.09%    passed     94.12%
  98  MH751930.1_Eimeria_ferrisi                        43.09%    passed     94.12%
  99  MH751931.1_Eimeria_ferrisi                        43.09%    passed     94.12%
 100  MH751932.1_Eimeria_ferrisi                        43.89%    passed     88.79%
 101  MH751933.1_Eimeria_ferrisi                        43.15%    passed     95.59%
 102  MH751934.1_Eimeria_falciformis                    44.05%    passed     86.82%
 103  MH751935.1_Eimeria_ferrisi                        43.09%    passed     93.68%
 104  MH751936.1_Eimeria_ferrisi                        43.25%    passed     95.91%
 105  MH751937.1_Eimeria_falciformis                    43.25%    passed     91.37%
 106  MH751938.1_Eimeria_ferrisi                        28.64%    passed     99.50%
 107  MH751939.1_Eimeria_ferrisi                        43.52%    passed     96.17%
 108  MH751940.1_Eimeria_vermiformis                    38.93%    passed     96.72%
 109  MH751941.1_Eimeria_falciformis                    43.20%    passed     92.28%
 110  MH751942.1_Eimeria_falciformis                    28.32%    passed     94.39%
 111  MH751943.1_Eimeria_falciformis                    43.31%    passed     93.80%
 112  MH751944.1_Eimeria_ferrisi                        43.04%    passed     95.13%
 113  MH751945.1_Eimeria_ferrisi                        30.93%    passed     99.98%
 114  MH751946.1_Eimeria_ferrisi                        42.29%    passed     93.58%
 115  MH751947.1_Eimeria_ferrisi                        28.48%    passed     98.74%
 116  MH751948.1_Eimeria_vermiformis                    29.12%    passed     97.38%
 117  MH751949.1_Eimeria_ferrisi                        28.69%    passed     99.01%
 118  MH751950.1_Eimeria_ferrisi                        37.01%    passed     97.24%
 119  MH751951.1_Eimeria_vermiformis                    43.47%    passed     92.31%
 120  MH751952.1_Eimeria_ferrisi                        43.09%    passed     94.12%
 121  MH751953.1_Eimeria_ferrisi                        43.09%    passed     95.54%
 122  MH751954.1_Eimeria_ferrisi                        40.48%    passed     97.24%
 123  MH751955.1_Eimeria_ferrisi                        29.81%    passed     98.00%
 124  MH751956.1_Eimeria_ferrisi                        43.09%    passed     94.12%
 125  MH751957.1_Eimeria_vermiformis                    27.63%    passed     95.24%
 126  MH751958.1_Eimeria_ferrisi                        50.08%    passed     94.26%
 127  MH751959.1_Eimeria_ferrisi                        28.96%    passed     99.43%
 128  MH751960.1_Eimeria_falciformis                    28.05%    passed     99.74%
 129  MH751961.1_Eimeria_ferrisi                        43.04%    passed     93.69%
 130  MH751962.1_Eimeria_ferrisi                        30.51%    passed     99.63%
 131  MH751963.1_Eimeria_ferrisi                        26.99%    passed     98.97%
 132  MH751964.1_Eimeria_falciformis                    46.99%    passed     77.13%
 133  MH751965.1_Eimeria_ferrisi                        31.95%    passed     99.68%
 134  MH751966.1_Eimeria_ferrisi                        28.43%    passed     99.60%
 135  MH751967.1_Eimeria_ferrisi                        46.83%    passed     85.76%
 136  MH751968.1_Eimeria_ferrisi                        43.15%    passed     94.16%
 137  MH751969.1_Eimeria_ferrisi                        43.63%    passed     87.93%
 138  MH751970.1_Eimeria_ferrisi                        27.79%    passed     97.96%
 139  MH751971.1_Eimeria_ferrisi                        43.09%    passed     94.12%
 140  MH751972.1_Eimeria_ferrisi                        37.44%    passed     98.11%
 141  MH751973.1_Eimeria_ferrisi                        43.09%    passed     94.12%
 142  MH751974.1_Eimeria_vermiformis                    43.09%    passed     92.39%
 143  MH751975.1_Eimeria_falciformis                    48.43%    passed     91.92%
 144  MH751976.1_Eimeria_falciformis                    55.36%    passed     92.12%
 145  MH751977.1_Eimeria_vermiformis                    31.41%    passed     99.01%
 146  MH751978.1_Eimeria_falciformis                    27.63%    passed     97.68%
 147  MH751979.1_Eimeria_ferrisi                        25.97%    passed     98.51%
 148  MH751980.1_Eimeria_falciformis                    28.00%    passed     98.25%
 149  MH751981.1_Eimeria_falciformis                    30.45%    passed     96.17%
 150  MH751982.1_Eimeria_ferrisi                        28.69%    passed     99.01%
 151  MH751983.1_Eimeria_ferrisi                        46.72%    passed     75.08%
 152  MH751984.1_Eimeria_ferrisi                        28.21%    passed     98.20%
 153  MH751985.1_Eimeria_ferrisi                        27.73%    passed     98.87%
 154  MH751986.1_Eimeria_ferrisi                        29.07%    passed     99.02%
 155  MH751987.1_Eimeria_ferrisi                        29.92%    passed     99.96%
 156  MH751988.1_Eimeria_ferrisi                        30.40%    passed     99.08%
 157  MH751989.1_Eimeria_ferrisi                        27.89%    passed     97.41%
 158  MH751990.1_Eimeria_ferrisi                        43.09%    passed     94.12%
 159  MH751991.1_Eimeria_ferrisi                        28.96%    passed     99.21%
 160  MH751992.1_Eimeria_ferrisi                        43.04%    passed     95.13%
 161  MH751993.1_Eimeria_ferrisi                        29.12%    passed     98.70%
 162  MH751994.1_Eimeria_ferrisi                        35.95%    passed     99.97%
 163  MH751995.1_Eimeria_ferrisi                        29.12%    passed     98.70%
 164  MH751996.1_Eimeria_ferrisi                        28.69%    passed     99.28%
 165  MH751997.1_Eimeria_ferrisi                        36.43%    passed     99.13%
 166  MH751998.1_Eimeria_falciformis                    41.23%    passed     97.05%
 167  MH751999.1_Eimeria_ferrisi                        47.31%    passed     78.54%
 168  MH752000.1_Eimeria_ferrisi                        26.08%    passed     97.60%
 169  MH752001.1_Eimeria_ferrisi                        43.09%    passed     94.12%
 170  MH752002.1_Eimeria_ferrisi                        59.57%    passed     89.34%
 171  MH752003.1_Eimeria_vermiformis                    28.80%    passed     99.42%
 172  MH752004.1_Eimeria_ferrisi                        26.45%    passed     98.93%
 173  MH752005.1_Eimeria_ferrisi                        25.76%    passed     98.27%
 174  MH752006.1_Eimeria_ferrisi                        26.03%    passed     98.45%
 175  MH752007.1_Eimeria_ferrisi                        46.83%    passed     87.48%
 176  MH752008.1_Eimeria_ferrisi                        26.88%    passed     98.77%
 177  MH752009.1_Eimeria_ferrisi                        25.65%    passed     98.32%
 178  MH752010.1_Eimeria_ferrisi                        39.57%    passed     96.43%
 179  MH752011.1_Eimeria_falciformis                    25.55%    passed     99.28%
 180  MH752012.1_Eimeria_falciformis                    25.44%    passed     99.63%
 181  MH752013.1_Eimeria_ferrisi                        25.07%    passed     99.13%
 182  MH752014.1_Eimeria_ferrisi                        25.07%    passed     99.13%
 183  MH752015.1_Eimeria_ferrisi                        25.33%    passed     98.45%
 184  MH752016.1_Eimeria_falciformis                    31.41%    passed     99.00%
 185  MH752017.1_Eimeria_falciformis                    28.37%    passed     99.54%
 186  MH752018.1_Eimeria_falciformis                    28.48%    passed     99.39%
 187  MH752019.1_Eimeria_falciformis                    28.00%    passed     99.41%
 188  MH752020.1_Eimeria_ferrisi                        71.20%    passed     98.69%
 189  MH752021.1_Eimeria_ferrisi                        55.20%    passed     59.36%
 190  MH752022.1_Eimeria_ferrisi                        28.85%    passed     91.89%
 191  MH752023.1_Eimeria_ferrisi                        60.91%    passed     50.38%
 192  MH752024.1_Eimeria_ferrisi                        35.25%    passed     98.69%
 193  MH752025.1_Eimeria_ferrisi                        26.99%    passed     91.50%
 194  MH752026.1_Eimeria_ferrisi                        52.59%    passed     68.29%
 195  MH752027.1_Eimeria_ferrisi                        27.95%    passed     91.70%
 196  MH752028.1_Eimeria_ferrisi                        60.59%    passed     60.26%
 197  MH752029.1_Eimeria_ferrisi                        43.25%    passed     93.25%
 198  MH752030.1_Eimeria_vermiformis                    32.32%    passed     98.90%
 199  MH752031.1_Eimeria_ferrisi                        50.29%    passed     67.66%
 200  MH752032.1_Eimeria_ferrisi                        42.56%    passed     97.83%
 201  MH752033.1_Eimeria_ferrisi                        32.96%    passed     98.60%
 202  MH752034.1_Eimeria_ferrisi                        31.57%    passed     99.90%
 203  MH752035.1_Eimeria_ferrisi                        37.23%    passed     99.49%
 204  MH752036.1_Eimeria_ferrisi                        45.01%    passed     97.34%
WARNING: 23 sequences contain more than 50% gaps/ambiguity
****  TOTAL                                             34.35%  0 sequences failed composition chi2 test (p-value<5%; df=3)
NOTE: KU174473_Eimeria_sp._ex_Microtus_arvalis is identical to KU174461_Eimeria_apionodes but kept for subsequent analysis
NOTE: MH751998.1_Eimeria_falciformis is identical to MH751998_Eimeria_falciformis but kept for subsequent analysis
NOTE: MH751930.1_Eimeria_ferrisi is identical to MH751929.1_Eimeria_ferrisi but kept for subsequent analysis
NOTE: MH751992.1_Eimeria_ferrisi is identical to MH751944.1_Eimeria_ferrisi but kept for subsequent analysis
NOTE: MH751982.1_Eimeria_ferrisi is identical to MH751949.1_Eimeria_ferrisi but kept for subsequent analysis
NOTE: MH751995.1_Eimeria_ferrisi is identical to MH751993.1_Eimeria_ferrisi but kept for subsequent analysis
NOTE: MH752014.1_Eimeria_ferrisi is identical to MH752013.1_Eimeria_ferrisi but kept for subsequent analysis
Checking for duplicate sequences: done in 0.00304433 secs using 1630% CPU
Identifying sites to remove: done in 0.0059176 secs using 5803% CPU
NOTE: 7 identical sequences (see below) will be ignored for subsequent analysis
NOTE: MH751931.1_Eimeria_ferrisi (identical to MH751929.1_Eimeria_ferrisi) is ignored but added at the end
NOTE: MH751952.1_Eimeria_ferrisi (identical to MH751929.1_Eimeria_ferrisi) is ignored but added at the end
NOTE: MH751956.1_Eimeria_ferrisi (identical to MH751929.1_Eimeria_ferrisi) is ignored but added at the end
NOTE: MH751971.1_Eimeria_ferrisi (identical to MH751929.1_Eimeria_ferrisi) is ignored but added at the end
NOTE: MH751973.1_Eimeria_ferrisi (identical to MH751929.1_Eimeria_ferrisi) is ignored but added at the end
NOTE: MH751990.1_Eimeria_ferrisi (identical to MH751929.1_Eimeria_ferrisi) is ignored but added at the end
NOTE: MH752001.1_Eimeria_ferrisi (identical to MH751929.1_Eimeria_ferrisi) is ignored but added at the end
Alignment was printed to amplicon_alignments/amplicon2.uniqueseq.phy

For your convenience alignment with unique sequences printed to amplicon_alignments/amplicon2.uniqueseq.phy

Create initial parsimony tree by phylogenetic likelihood library (PLL)... 0.018 seconds
Generating 5000 samples for ultrafast bootstrap (seed: 864108)...

NOTE: 25 MB RAM (0 GB) is required!
Measuring multi-threading efficiency up to 96 CPU cores
Increase to 10 rounds for branch lengths
313 trees examined
Threads: 1 / Time: 96.252 sec / Speedup: 1.000 / Efficiency: 100% / LogL: -11937
Threads: 2 / Time: 70.218 sec / Speedup: 1.371 / Efficiency: 69% / LogL: -11937
Threads: 3 / Time: 83.859 sec / Speedup: 1.148 / Efficiency: 38% / LogL: -11937
Determining AUTO threadcount: done in 250.33 secs using 192.4% CPU
BEST NUMBER OF THREADS: 2

Estimate model parameters (epsilon = 0.100)
1. Initial log-likelihood: -5617.400
2. Current log-likelihood: -5539.027
3. Current log-likelihood: -5534.202
4. Current log-likelihood: -5529.894
5. Current log-likelihood: -5525.478
6. Current log-likelihood: -5521.026
7. Current log-likelihood: -5516.645
8. Current log-likelihood: -5512.499
9. Current log-likelihood: -5508.734
10. Current log-likelihood: -5505.470
11. Current log-likelihood: -5502.771
12. Current log-likelihood: -5500.643
13. Current log-likelihood: -5499.020
14. Current log-likelihood: -5497.812
15. Current log-likelihood: -5496.908
16. Current log-likelihood: -5496.192
17. Current log-likelihood: -5495.536
18. Current log-likelihood: -5494.908
19. Current log-likelihood: -5494.304
20. Current log-likelihood: -5493.735
21. Current log-likelihood: -5493.208
22. Current log-likelihood: -5492.728
23. Current log-likelihood: -5492.300
24. Current log-likelihood: -5491.927
25. Current log-likelihood: -5491.609
26. Current log-likelihood: -5491.345
27. Current log-likelihood: -5491.130
28. Current log-likelihood: -5490.959
29. Current log-likelihood: -5490.826
30. Current log-likelihood: -5490.725
Optimal log-likelihood: -5490.640
Rate parameters:  A-C: 1.00000  A-G: 1.30581  A-T: 1.00000  C-G: 1.00000  C-T: 3.08588  G-T: 1.00000
Base frequencies:  A: 0.252  C: 0.197  G: 0.269  T: 0.282
Site proportion and rates:  (0.906,0.431) (0.094,6.475)
Parameters optimization took 30 rounds (3.910 sec)
Wrote distance file to... 
Computing ML distances based on estimated model parameters...
Calculating distance matrix: done in 0.114196 secs using 200.1% CPU
Computing ML distances took 0.115187 sec (of wall-clock time) 0.230056 sec (of CPU time)
Setting up auxiliary I and S matrices: done in 0.00092492 secs using 191.9% CPU
Constructing RapidNJ tree: done in 0.0306591 secs using 128.9% CPU
Computing RapidNJ tree took 0.031665 sec (of wall-clock time) 0.041368 sec (of CPU time)
Log-likelihood of RapidNJ tree: -5601.510
--------------------------------------------------------------------
|             INITIALIZING CANDIDATE TREE SET                      |
--------------------------------------------------------------------
Generating 98 parsimony trees... 2.145 second
Computing log-likelihood of 98 initial trees ... 3.329 seconds
Current best score: -5484.493

Do NNI search on 20 best initial trees
Optimizing NNI: done in 5.13507 secs using 198.4% CPU
Estimate model parameters (epsilon = 0.100)
BETTER TREE FOUND at iteration 1: -5474.639
Optimizing NNI: done in 5.15969 secs using 199.1% CPU
Estimate model parameters (epsilon = 0.100)
BETTER TREE FOUND at iteration 2: -5473.713
Optimizing NNI: done in 5.89158 secs using 198.8% CPU
Optimizing NNI: done in 2.79834 secs using 197.9% CPU
Optimizing NNI: done in 5.00953 secs using 198.4% CPU
Optimizing NNI: done in 5.25514 secs using 199% CPU
Optimizing NNI: done in 6.20637 secs using 198.8% CPU
Optimizing NNI: done in 4.15902 secs using 199.2% CPU
Optimizing NNI: done in 3.15979 secs using 198.3% CPU
Optimizing NNI: done in 3.72289 secs using 198.7% CPU
Iteration 10 / LogL: -5479.508 / Time: 0h:5m:7s
Optimizing NNI: done in 4.76768 secs using 199.2% CPU
Optimizing NNI: done in 3.25508 secs using 199.3% CPU
Optimizing NNI: done in 2.37542 secs using 199.5% CPU
Optimizing NNI: done in 5.29756 secs using 198.9% CPU
Optimizing NNI: done in 4.9312 secs using 198.5% CPU
Optimizing NNI: done in 4.73756 secs using 198.9% CPU
Optimizing NNI: done in 5.18808 secs using 199.2% CPU
Estimate model parameters (epsilon = 0.100)
BETTER TREE FOUND at iteration 17: -5473.061
Optimizing NNI: done in 0.817483 secs using 199.8% CPU
Optimizing NNI: done in 5.11358 secs using 199.2% CPU
Optimizing NNI: done in 5.88487 secs using 198.9% CPU
Iteration 20 / LogL: -5480.803 / Time: 0h:5m:49s
Finish initializing candidate tree set (20)
Current best tree score: -5473.061 / CPU time: 94.924
Number of iterations: 20
--------------------------------------------------------------------
|               OPTIMIZING CANDIDATE TREE SET                      |
--------------------------------------------------------------------
Optimizing NNI: done in 3.45475 secs using 198.6% CPU
Optimizing NNI: done in 2.34134 secs using 199.4% CPU
Optimizing NNI: done in 1.58018 secs using 198.7% CPU
Optimizing NNI: done in 1.42157 secs using 199.3% CPU
Optimizing NNI: done in 2.10677 secs using 198.7% CPU
Optimizing NNI: done in 2.3925 secs using 198% CPU
Optimizing NNI: done in 1.58516 secs using 197.9% CPU
Optimizing NNI: done in 3.49095 secs using 199% CPU
Optimizing NNI: done in 2.02046 secs using 198.2% CPU
Optimizing NNI: done in 1.96492 secs using 198.5% CPU
Iteration 30 / LogL: -5473.355 / Time: 0h:6m:12s (0h:18m:37s left)
Optimizing NNI: done in 1.10022 secs using 198.9% CPU
Optimizing NNI: done in 1.35257 secs using 198.8% CPU
Optimizing NNI: done in 1.35077 secs using 198.3% CPU
Optimizing NNI: done in 1.79152 secs using 198.6% CPU
Optimizing NNI: done in 1.56768 secs using 199% CPU
Optimizing NNI: done in 1.20408 secs using 198.6% CPU
Optimizing NNI: done in 1.81596 secs using 199.3% CPU
Optimizing NNI: done in 1.3886 secs using 197.9% CPU
Optimizing NNI: done in 1.91269 secs using 198.9% CPU
Optimizing NNI: done in 1.69117 secs using 196.7% CPU
Iteration 40 / LogL: -5475.762 / Time: 0h:6m:28s (0h:12m:46s left)
Optimizing NNI: done in 1.97647 secs using 198.3% CPU
Optimizing NNI: done in 1.89276 secs using 198.3% CPU
Optimizing NNI: done in 0.982034 secs using 197.7% CPU
Optimizing NNI: done in 0.941259 secs using 198.6% CPU
Optimizing NNI: done in 1.5346 secs using 199.3% CPU
Optimizing NNI: done in 2.35238 secs using 197.7% CPU
Optimizing NNI: done in 1.38996 secs using 198.7% CPU
Optimizing NNI: done in 1.8001 secs using 199.1% CPU
Optimizing NNI: done in 1.52708 secs using 199% CPU
Optimizing NNI: done in 1.72845 secs using 199% CPU
Iteration 50 / LogL: -5473.069 / Time: 0h:6m:44s (0h:9m:13s left)
Log-likelihood cutoff on original alignment: -5512.512
Optimizing NNI: done in 2.16353 secs using 198.7% CPU
Optimizing NNI: done in 1.16916 secs using 198.5% CPU
Optimizing NNI: done in 1.55145 secs using 199.7% CPU
BETTER TREE FOUND at iteration 53: -5473.057
Optimizing NNI: done in 1.09304 secs using 198.2% CPU
Optimizing NNI: done in 1.75271 secs using 198.1% CPU
Optimizing NNI: done in 2.03811 secs using 199.9% CPU
Optimizing NNI: done in 2.1969 secs using 199% CPU
Optimizing NNI: done in 1.41751 secs using 199% CPU
Optimizing NNI: done in 1.08882 secs using 198.2% CPU
Optimizing NNI: done in 1.6297 secs using 198.4% CPU
Iteration 60 / LogL: -5478.318 / Time: 0h:7m:6s (0h:11m:11s left)
Optimizing NNI: done in 1.92379 secs using 197.9% CPU
Optimizing NNI: done in 1.50674 secs using 199.5% CPU
Optimizing NNI: done in 1.09449 secs using 199% CPU
Optimizing NNI: done in 1.96765 secs using 199.4% CPU
Optimizing NNI: done in 1.90135 secs using 198.6% CPU
Optimizing NNI: done in 1.81454 secs using 198.3% CPU
Optimizing NNI: done in 2.20251 secs using 199.5% CPU
Optimizing NNI: done in 1.65008 secs using 198.4% CPU
Optimizing NNI: done in 2.13227 secs using 198.8% CPU
Optimizing NNI: done in 1.4894 secs using 197.8% CPU
Iteration 70 / LogL: -5473.073 / Time: 0h:7m:24s (0h:8m:54s left)
Optimizing NNI: done in 1.53131 secs using 199.2% CPU
Optimizing NNI: done in 1.93032 secs using 199% CPU
Optimizing NNI: done in 1.80654 secs using 199.2% CPU
Optimizing NNI: done in 1.83257 secs using 199.1% CPU
Optimizing NNI: done in 1.77454 secs using 199.8% CPU
Optimizing NNI: done in 0.572575 secs using 197.1% CPU
Optimizing NNI: done in 2.22015 secs using 199.3% CPU
Optimizing NNI: done in 1.32613 secs using 199.5% CPU
Optimizing NNI: done in 2.06377 secs using 198.6% CPU
Optimizing NNI: done in 2.32839 secs using 198.8% CPU
Iteration 80 / LogL: -5473.075 / Time: 0h:7m:42s (0h:7m:7s left)
Optimizing NNI: done in 1.94422 secs using 199.4% CPU
Optimizing NNI: done in 1.99805 secs using 199.3% CPU
Optimizing NNI: done in 1.95368 secs using 198.9% CPU
Optimizing NNI: done in 2.18053 secs using 199% CPU
Optimizing NNI: done in 1.687 secs using 199.6% CPU
Optimizing NNI: done in 1.10946 secs using 198.8% CPU
Optimizing NNI: done in 1.09516 secs using 199% CPU
Optimizing NNI: done in 1.35768 secs using 197.2% CPU
Optimizing NNI: done in 1.65081 secs using 197.4% CPU
Optimizing NNI: done in 0.668124 secs using 196.4% CPU
Iteration 90 / LogL: -5477.921 / Time: 0h:7m:59s (0h:5m:39s left)
Optimizing NNI: done in 2.40685 secs using 198.4% CPU
Optimizing NNI: done in 0.99432 secs using 196.9% CPU
Optimizing NNI: done in 1.35394 secs using 198.4% CPU
Optimizing NNI: done in 1.90853 secs using 199.1% CPU
Optimizing NNI: done in 1.30606 secs using 199.2% CPU
Optimizing NNI: done in 1.98869 secs using 199.6% CPU
Optimizing NNI: done in 1.39289 secs using 198.5% CPU
Optimizing NNI: done in 1.61685 secs using 198.9% CPU
Optimizing NNI: done in 2.07965 secs using 198.5% CPU
Optimizing NNI: done in 1.96028 secs using 199.6% CPU
Iteration 100 / LogL: -5479.121 / Time: 0h:8m:17s (0h:4m:26s left)
Log-likelihood cutoff on original alignment: -5514.114
NOTE: Bootstrap correlation coefficient of split occurrence frequencies: 0.995
Optimizing NNI: done in 2.40875 secs using 198.5% CPU
Estimate model parameters (epsilon = 0.100)
BETTER TREE FOUND at iteration 101: -5472.820
Optimizing NNI: done in 1.96717 secs using 197.8% CPU
Optimizing NNI: done in 2.30076 secs using 198.2% CPU
Optimizing NNI: done in 1.56311 secs using 196.4% CPU
Optimizing NNI: done in 2.28039 secs using 198.8% CPU
Estimate model parameters (epsilon = 0.100)
BETTER TREE FOUND at iteration 105: -5472.159
Optimizing NNI: done in 2.30712 secs using 199.2% CPU
Optimizing NNI: done in 1.55005 secs using 198.5% CPU
Optimizing NNI: done in 1.84285 secs using 199.4% CPU
Optimizing NNI: done in 2.43421 secs using 197.9% CPU
Optimizing NNI: done in 2.14942 secs using 198.8% CPU
Iteration 110 / LogL: -5472.227 / Time: 0h:8m:43s (0h:7m:36s left)
Optimizing NNI: done in 1.40882 secs using 197.9% CPU
Optimizing NNI: done in 1.26888 secs using 197.7% CPU
Optimizing NNI: done in 2.01944 secs using 199% CPU
Optimizing NNI: done in 1.34222 secs using 198.3% CPU
Optimizing NNI: done in 1.85969 secs using 199.4% CPU
Optimizing NNI: done in 1.28931 secs using 198.6% CPU
Optimizing NNI: done in 1.2643 secs using 198.7% CPU
Optimizing NNI: done in 1.96899 secs using 198.1% CPU
Optimizing NNI: done in 1.82635 secs using 198.3% CPU
Optimizing NNI: done in 1.49735 secs using 198.6% CPU
Iteration 120 / LogL: -5472.230 / Time: 0h:9m:1s (0h:6m:26s left)
Optimizing NNI: done in 2.81229 secs using 198.3% CPU
Optimizing NNI: done in 2.12542 secs using 198.4% CPU
Estimate model parameters (epsilon = 0.100)
BETTER TREE FOUND at iteration 122: -5471.335
Optimizing NNI: done in 1.35618 secs using 198.2% CPU
Optimizing NNI: done in 1.73322 secs using 199.2% CPU
Optimizing NNI: done in 1.79122 secs using 199.1% CPU
Optimizing NNI: done in 1.85951 secs using 198.3% CPU
Optimizing NNI: done in 1.94565 secs using 198.5% CPU
Optimizing NNI: done in 1.97773 secs using 199.5% CPU
Optimizing NNI: done in 2.15423 secs using 199.3% CPU
Optimizing NNI: done in 1.46399 secs using 198.6% CPU
Iteration 130 / LogL: -5473.074 / Time: 0h:9m:21s (0h:6m:40s left)
Optimizing NNI: done in 2.07788 secs using 197.4% CPU
Optimizing NNI: done in 1.42959 secs using 198.5% CPU
Optimizing NNI: done in 1.61769 secs using 198.4% CPU
Optimizing NNI: done in 2.32021 secs using 198.9% CPU
Optimizing NNI: done in 2.33088 secs using 198.1% CPU
Optimizing NNI: done in 1.7407 secs using 199% CPU
Optimizing NNI: done in 1.99394 secs using 198.5% CPU
Optimizing NNI: done in 1.84966 secs using 197.9% CPU
Optimizing NNI: done in 1.76433 secs using 199.3% CPU
Optimizing NNI: done in 2.40764 secs using 199.2% CPU
Iteration 140 / LogL: -5472.164 / Time: 0h:9m:42s (0h:5m:43s left)
Optimizing NNI: done in 1.10232 secs using 198.3% CPU
Optimizing NNI: done in 1.85671 secs using 199.1% CPU
Optimizing NNI: done in 1.57247 secs using 199.2% CPU
Optimizing NNI: done in 2.24748 secs using 199.1% CPU
BETTER TREE FOUND at iteration 144: -5471.327
Optimizing NNI: done in 1.09133 secs using 198.9% CPU
Optimizing NNI: done in 1.41552 secs using 198.6% CPU
Optimizing NNI: done in 2.03426 secs using 198.7% CPU
Optimizing NNI: done in 1.72188 secs using 199.2% CPU
Optimizing NNI: done in 1.56912 secs using 198.9% CPU
Optimizing NNI: done in 0.606139 secs using 199% CPU
Iteration 150 / LogL: -5496.265 / Time: 0h:9m:59s (0h:6m:18s left)
Log-likelihood cutoff on original alignment: -5514.673
Optimizing NNI: done in 0.984806 secs using 196.8% CPU
Optimizing NNI: done in 1.82253 secs using 198.3% CPU
Optimizing NNI: done in 2.01645 secs using 198.6% CPU
Optimizing NNI: done in 1.9682 secs using 198.8% CPU
BETTER TREE FOUND at iteration 154: -5471.325
Optimizing NNI: done in 2.0362 secs using 199% CPU
Optimizing NNI: done in 2.19904 secs using 198.9% CPU
Optimizing NNI: done in 1.90152 secs using 198.6% CPU
Optimizing NNI: done in 1.63003 secs using 197.9% CPU
Optimizing NNI: done in 0.597076 secs using 198.4% CPU
Optimizing NNI: done in 1.29762 secs using 198% CPU
Iteration 160 / LogL: -5471.332 / Time: 0h:10m:22s (0h:6m:7s left)
Optimizing NNI: done in 1.90329 secs using 199.4% CPU
Optimizing NNI: done in 1.57958 secs using 199.2% CPU
Optimizing NNI: done in 1.02093 secs using 197.9% CPU
Optimizing NNI: done in 1.95711 secs using 198.7% CPU
Optimizing NNI: done in 1.81166 secs using 198.4% CPU
Optimizing NNI: done in 1.49972 secs using 197.3% CPU
Optimizing NNI: done in 2.04499 secs using 198.6% CPU
Optimizing NNI: done in 1.94657 secs using 199% CPU
Optimizing NNI: done in 2.15351 secs using 199.3% CPU
Optimizing NNI: done in 1.8183 secs using 199.2% CPU
Iteration 170 / LogL: -5475.159 / Time: 0h:10m:41s (0h:5m:19s left)
Optimizing NNI: done in 2.10372 secs using 198.5% CPU
Optimizing NNI: done in 1.90783 secs using 199.6% CPU
Optimizing NNI: done in 1.85131 secs using 198.9% CPU
Optimizing NNI: done in 1.88524 secs using 199.1% CPU
Optimizing NNI: done in 1.97197 secs using 198.8% CPU
Optimizing NNI: done in 1.90123 secs using 198% CPU
Optimizing NNI: done in 1.47115 secs using 198.4% CPU
Optimizing NNI: done in 1.75296 secs using 199.2% CPU
Optimizing NNI: done in 2.22191 secs using 198.6% CPU
Optimizing NNI: done in 1.37689 secs using 197.9% CPU
Iteration 180 / LogL: -5471.338 / Time: 0h:11m:2s (0h:4m:33s left)
Optimizing NNI: done in 1.52041 secs using 198.9% CPU
Optimizing NNI: done in 1.83607 secs using 198.2% CPU
Optimizing NNI: done in 1.44315 secs using 199.2% CPU
Optimizing NNI: done in 2.4815 secs using 198.8% CPU
Optimizing NNI: done in 1.8214 secs using 197.9% CPU
Optimizing NNI: done in 1.62261 secs using 198.8% CPU
Optimizing NNI: done in 1.47783 secs using 198% CPU
Optimizing NNI: done in 1.65519 secs using 199.1% CPU
Optimizing NNI: done in 1.66839 secs using 198.5% CPU
Optimizing NNI: done in 1.35386 secs using 198.4% CPU
Iteration 190 / LogL: -5471.331 / Time: 0h:11m:21s (0h:3m:50s left)
Optimizing NNI: done in 1.47503 secs using 199.5% CPU
Optimizing NNI: done in 1.12506 secs using 199.2% CPU
Optimizing NNI: done in 1.87283 secs using 197.6% CPU
Optimizing NNI: done in 1.71769 secs using 199% CPU
Optimizing NNI: done in 1.54557 secs using 199.6% CPU
Optimizing NNI: done in 1.58107 secs using 198.4% CPU
Optimizing NNI: done in 1.19681 secs using 196.6% CPU
Optimizing NNI: done in 1.84002 secs using 198.9% CPU
Optimizing NNI: done in 1.5576 secs using 197.8% CPU
BETTER TREE FOUND at iteration 199: -5471.324
Optimizing NNI: done in 2.05811 secs using 199.3% CPU
Iteration 200 / LogL: -5475.504 / Time: 0h:11m:38s (0h:5m:47s left)
Log-likelihood cutoff on original alignment: -5514.432
NOTE: Bootstrap correlation coefficient of split occurrence frequencies: 0.915
NOTE: UFBoot does not converge, continue at least 100 more iterations
Optimizing NNI: done in 1.0689 secs using 198% CPU
Optimizing NNI: done in 1.13398 secs using 198.2% CPU
Optimizing NNI: done in 2.09172 secs using 198.9% CPU
Optimizing NNI: done in 2.04477 secs using 199% CPU
Optimizing NNI: done in 1.67219 secs using 199% CPU
Optimizing NNI: done in 1.25565 secs using 199.7% CPU
BETTER TREE FOUND at iteration 206: -5471.318
Optimizing NNI: done in 2.09898 secs using 198.7% CPU
Optimizing NNI: done in 1.57113 secs using 197.2% CPU
Optimizing NNI: done in 2.29029 secs using 198% CPU
Optimizing NNI: done in 1.83698 secs using 198.4% CPU
Iteration 210 / LogL: -5471.324 / Time: 0h:12m:2s (0h:5m:31s left)
Optimizing NNI: done in 1.40076 secs using 199.7% CPU
Optimizing NNI: done in 1.96967 secs using 198.5% CPU
Optimizing NNI: done in 1.73031 secs using 198.7% CPU
Optimizing NNI: done in 1.62997 secs using 198.6% CPU
Optimizing NNI: done in 1.46115 secs using 197.2% CPU
Optimizing NNI: done in 1.1565 secs using 197.9% CPU
Optimizing NNI: done in 1.5685 secs using 198.7% CPU
Optimizing NNI: done in 2.00138 secs using 198.9% CPU
Optimizing NNI: done in 2.07143 secs using 199.1% CPU
Optimizing NNI: done in 0.697091 secs using 197% CPU
Iteration 220 / LogL: -5474.499 / Time: 0h:12m:20s (0h:4m:50s left)
Optimizing NNI: done in 1.65573 secs using 198.8% CPU
Optimizing NNI: done in 1.25248 secs using 198% CPU
Optimizing NNI: done in 1.48535 secs using 198.5% CPU
Optimizing NNI: done in 1.68945 secs using 199% CPU
Optimizing NNI: done in 2.0745 secs using 198.7% CPU
Optimizing NNI: done in 2.15645 secs using 198.3% CPU
Optimizing NNI: done in 1.99449 secs using 198.3% CPU
Optimizing NNI: done in 1.62914 secs using 197.9% CPU
Optimizing NNI: done in 1.78151 secs using 198.8% CPU
Optimizing NNI: done in 1.87733 secs using 198.4% CPU
Iteration 230 / LogL: -5471.909 / Time: 0h:12m:40s (0h:4m:12s left)
Optimizing NNI: done in 1.80932 secs using 198.8% CPU
Optimizing NNI: done in 1.77121 secs using 198% CPU
Optimizing NNI: done in 1.70577 secs using 198.7% CPU
Optimizing NNI: done in 1.68571 secs using 197% CPU
Optimizing NNI: done in 2.15366 secs using 197.9% CPU
Optimizing NNI: done in 1.39907 secs using 198.3% CPU
Optimizing NNI: done in 2.18446 secs using 198.1% CPU
Optimizing NNI: done in 2.17774 secs using 199% CPU
Optimizing NNI: done in 2.35503 secs using 199.3% CPU
Optimizing NNI: done in 1.6227 secs using 198.8% CPU
Iteration 240 / LogL: -5471.327 / Time: 0h:13m:2s (0h:3m:35s left)
Optimizing NNI: done in 1.76252 secs using 199.6% CPU
Optimizing NNI: done in 1.70068 secs using 198.8% CPU
Optimizing NNI: done in 1.61444 secs using 199.3% CPU
Optimizing NNI: done in 2.17163 secs using 199.3% CPU
Optimizing NNI: done in 1.65121 secs using 197.6% CPU
Optimizing NNI: done in 1.95986 secs using 198.4% CPU
Estimate model parameters (epsilon = 0.100)
BETTER TREE FOUND at iteration 246: -5471.167
Optimizing NNI: done in 1.46086 secs using 199.7% CPU
Optimizing NNI: done in 1.82673 secs using 199.2% CPU
Optimizing NNI: done in 1.64184 secs using 199.1% CPU
Optimizing NNI: done in 1.20485 secs using 197.6% CPU
Iteration 250 / LogL: -5486.993 / Time: 0h:13m:21s (0h:5m:9s left)
Log-likelihood cutoff on original alignment: -5515.971
Optimizing NNI: done in 1.78688 secs using 198.7% CPU
Optimizing NNI: done in 2.65507 secs using 199.3% CPU
Optimizing NNI: done in 1.55676 secs using 199.4% CPU
Optimizing NNI: done in 1.68984 secs using 197.1% CPU
Optimizing NNI: done in 1.91677 secs using 198.5% CPU
Optimizing NNI: done in 1.84674 secs using 198.8% CPU
Optimizing NNI: done in 1.58539 secs using 198.6% CPU
Optimizing NNI: done in 2.16591 secs using 198.1% CPU
Optimizing NNI: done in 1.88493 secs using 199.3% CPU
Optimizing NNI: done in 1.91034 secs using 199.2% CPU
Iteration 260 / LogL: -5471.319 / Time: 0h:13m:47s (0h:4m:34s left)
Optimizing NNI: done in 1.32455 secs using 199% CPU
Optimizing NNI: done in 1.49019 secs using 198% CPU
Optimizing NNI: done in 1.6014 secs using 198.4% CPU
Optimizing NNI: done in 1.82071 secs using 199.5% CPU
Optimizing NNI: done in 1.69214 secs using 197.9% CPU
Optimizing NNI: done in 0.742584 secs using 198% CPU
Optimizing NNI: done in 1.8651 secs using 198.9% CPU
Optimizing NNI: done in 1.31749 secs using 199% CPU
Optimizing NNI: done in 1.73954 secs using 198.4% CPU
Optimizing NNI: done in 2.37411 secs using 198.2% CPU
Iteration 270 / LogL: -5471.170 / Time: 0h:14m:6s (0h:3m:59s left)
Optimizing NNI: done in 2.04352 secs using 198.1% CPU
Optimizing NNI: done in 2.48849 secs using 199.2% CPU
Optimizing NNI: done in 1.64776 secs using 199% CPU
Optimizing NNI: done in 1.62685 secs using 198.1% CPU
Optimizing NNI: done in 1.84885 secs using 198.4% CPU
Optimizing NNI: done in 1.41297 secs using 198.2% CPU
Optimizing NNI: done in 1.83659 secs using 199.3% CPU
Optimizing NNI: done in 1.35392 secs using 198.4% CPU
Optimizing NNI: done in 2.68081 secs using 198.8% CPU
Optimizing NNI: done in 1.34371 secs using 197.3% CPU
Iteration 280 / LogL: -5471.177 / Time: 0h:14m:28s (0h:3m:25s left)
Optimizing NNI: done in 2.09803 secs using 199.1% CPU
Optimizing NNI: done in 1.30555 secs using 199.3% CPU
Optimizing NNI: done in 2.15314 secs using 198.4% CPU
Optimizing NNI: done in 2.20456 secs using 198.7% CPU
Optimizing NNI: done in 1.34782 secs using 199.7% CPU
Optimizing NNI: done in 1.29936 secs using 198.2% CPU
Optimizing NNI: done in 2.5929 secs using 198.9% CPU
Optimizing NNI: done in 1.67561 secs using 198.3% CPU
Optimizing NNI: done in 1.85679 secs using 198.9% CPU
Optimizing NNI: done in 1.53702 secs using 198.1% CPU
Iteration 290 / LogL: -5471.177 / Time: 0h:14m:48s (0h:2m:52s left)
Optimizing NNI: done in 1.38052 secs using 197.3% CPU
Optimizing NNI: done in 1.92348 secs using 199% CPU
Optimizing NNI: done in 1.03649 secs using 198% CPU
Optimizing NNI: done in 1.46651 secs using 199% CPU
Optimizing NNI: done in 1.76853 secs using 198.1% CPU
Optimizing NNI: done in 2.31721 secs using 199.6% CPU
Optimizing NNI: done in 2.37822 secs using 199.6% CPU
Optimizing NNI: done in 1.84778 secs using 199.1% CPU
Optimizing NNI: done in 1.82001 secs using 198.4% CPU
Optimizing NNI: done in 1.85827 secs using 199.7% CPU
Iteration 300 / LogL: -5485.936 / Time: 0h:15m:9s (0h:2m:19s left)
Log-likelihood cutoff on original alignment: -5515.971
NOTE: Bootstrap correlation coefficient of split occurrence frequencies: 0.929
NOTE: UFBoot does not converge, continue at least 100 more iterations
Optimizing NNI: done in 1.81166 secs using 198% CPU
Optimizing NNI: done in 0.682658 secs using 197.8% CPU
Optimizing NNI: done in 1.59891 secs using 199.1% CPU
Optimizing NNI: done in 1.96268 secs using 198.7% CPU
Optimizing NNI: done in 1.64687 secs using 198.1% CPU
BETTER TREE FOUND at iteration 305: -5471.164
Optimizing NNI: done in 1.66838 secs using 198.5% CPU
Optimizing NNI: done in 1.86645 secs using 199% CPU
Optimizing NNI: done in 1.79855 secs using 199.2% CPU
Optimizing NNI: done in 1.8417 secs using 197.1% CPU
Optimizing NNI: done in 1.15566 secs using 198.3% CPU
Iteration 310 / LogL: -5477.955 / Time: 0h:15m:33s (0h:4m:46s left)
Optimizing NNI: done in 1.90501 secs using 198.9% CPU
Optimizing NNI: done in 1.92163 secs using 197.8% CPU
BETTER TREE FOUND at iteration 312: -5471.163
Optimizing NNI: done in 1.70429 secs using 199.3% CPU
Optimizing NNI: done in 1.69453 secs using 198.4% CPU
Optimizing NNI: done in 2.14742 secs using 198.7% CPU
Optimizing NNI: done in 1.18084 secs using 198.6% CPU
Optimizing NNI: done in 2.22078 secs using 199.4% CPU
Optimizing NNI: done in 1.37413 secs using 197.5% CPU
Optimizing NNI: done in 0.99424 secs using 197.7% CPU
Optimizing NNI: done in 2.4706 secs using 198.7% CPU
Iteration 320 / LogL: -5476.411 / Time: 0h:15m:54s (0h:4m:35s left)
Optimizing NNI: done in 1.67239 secs using 199% CPU
Optimizing NNI: done in 2.35109 secs using 199% CPU
Optimizing NNI: done in 2.01288 secs using 197.8% CPU
Optimizing NNI: done in 1.92102 secs using 198.9% CPU
Optimizing NNI: done in 2.24075 secs using 199.1% CPU
Optimizing NNI: done in 1.42472 secs using 198.5% CPU
Optimizing NNI: done in 1.52397 secs using 197.9% CPU
Optimizing NNI: done in 1.9714 secs using 198.8% CPU
Optimizing NNI: done in 2.02629 secs using 199.3% CPU
Optimizing NNI: done in 2.05292 secs using 198.2% CPU
Iteration 330 / LogL: -5471.166 / Time: 0h:16m:17s (0h:4m:3s left)
Optimizing NNI: done in 2.13615 secs using 198.5% CPU
Optimizing NNI: done in 1.85987 secs using 198.5% CPU
Optimizing NNI: done in 1.7159 secs using 199.3% CPU
Optimizing NNI: done in 1.07617 secs using 198.1% CPU
Optimizing NNI: done in 2.3003 secs using 198.8% CPU
Optimizing NNI: done in 1.89214 secs using 198.7% CPU
Optimizing NNI: done in 1.18166 secs using 198.2% CPU
Optimizing NNI: done in 1.60918 secs using 198.4% CPU
Optimizing NNI: done in 1.71133 secs using 198.2% CPU
Optimizing NNI: done in 1.88638 secs using 198.6% CPU
Iteration 340 / LogL: -5497.647 / Time: 0h:16m:37s (0h:3m:31s left)
Optimizing NNI: done in 2.02823 secs using 198.4% CPU
Optimizing NNI: done in 1.47489 secs using 198.7% CPU
Optimizing NNI: done in 2.09395 secs using 199.1% CPU
Optimizing NNI: done in 2.09187 secs using 199% CPU
Optimizing NNI: done in 1.42841 secs using 198.6% CPU
Optimizing NNI: done in 1.91993 secs using 198.7% CPU
Optimizing NNI: done in 1.67673 secs using 198.8% CPU
Optimizing NNI: done in 1.88264 secs using 198.4% CPU
Optimizing NNI: done in 0.944151 secs using 198.3% CPU
Optimizing NNI: done in 1.74622 secs using 198.9% CPU
Iteration 350 / LogL: -5471.171 / Time: 0h:16m:58s (0h:3m:0s left)
Log-likelihood cutoff on original alignment: -5516.878
Optimizing NNI: done in 0.99132 secs using 198.8% CPU
Optimizing NNI: done in 2.68271 secs using 198.2% CPU
Optimizing NNI: done in 1.12034 secs using 198.5% CPU
Optimizing NNI: done in 1.63468 secs using 198.4% CPU
Optimizing NNI: done in 1.84297 secs using 198.7% CPU
Optimizing NNI: done in 1.3733 secs using 196.2% CPU
Optimizing NNI: done in 2.6583 secs using 198.8% CPU
Optimizing NNI: done in 1.73013 secs using 199.9% CPU
Optimizing NNI: done in 2.52492 secs using 199% CPU
Optimizing NNI: done in 1.04416 secs using 200% CPU
Iteration 360 / LogL: -5489.465 / Time: 0h:17m:24s (0h:2m:31s left)
Optimizing NNI: done in 2.03514 secs using 198.8% CPU
Optimizing NNI: done in 2.27028 secs using 198.5% CPU
Optimizing NNI: done in 1.73567 secs using 198.6% CPU
Optimizing NNI: done in 2.16869 secs using 199.2% CPU
Optimizing NNI: done in 1.83595 secs using 199.3% CPU
Optimizing NNI: done in 2.55254 secs using 198.4% CPU
Optimizing NNI: done in 1.57904 secs using 199.8% CPU
Optimizing NNI: done in 2.4241 secs using 197.7% CPU
Optimizing NNI: done in 2.41308 secs using 199.1% CPU
Optimizing NNI: done in 1.8232 secs using 198.7% CPU
Iteration 370 / LogL: -5472.912 / Time: 0h:17m:49s (0h:2m:1s left)
Optimizing NNI: done in 1.42488 secs using 198.2% CPU
Optimizing NNI: done in 1.95295 secs using 198.9% CPU
Optimizing NNI: done in 2.01012 secs using 198.5% CPU
Optimizing NNI: done in 1.79762 secs using 198.8% CPU
Optimizing NNI: done in 1.94384 secs using 198.4% CPU
Optimizing NNI: done in 1.56539 secs using 198.1% CPU
Optimizing NNI: done in 0.7063 secs using 199.1% CPU
Optimizing NNI: done in 1.91084 secs using 198.2% CPU
Optimizing NNI: done in 2.01019 secs using 198.9% CPU
Optimizing NNI: done in 1.78293 secs using 198.9% CPU
Iteration 380 / LogL: -5471.167 / Time: 0h:18m:10s (0h:1m:32s left)
Optimizing NNI: done in 1.78864 secs using 198.4% CPU
Optimizing NNI: done in 1.66547 secs using 198.9% CPU
Optimizing NNI: done in 1.99858 secs using 198.7% CPU
Optimizing NNI: done in 1.82368 secs using 197.8% CPU
Optimizing NNI: done in 1.42501 secs using 198.5% CPU
Optimizing NNI: done in 1.5904 secs using 198.6% CPU
Optimizing NNI: done in 1.93294 secs using 197.4% CPU
Optimizing NNI: done in 1.6676 secs using 199% CPU
Optimizing NNI: done in 2.19451 secs using 198.2% CPU
Optimizing NNI: done in 2.13734 secs using 197.9% CPU
Iteration 390 / LogL: -5472.072 / Time: 0h:18m:32s (0h:1m:2s left)
Optimizing NNI: done in 2.75054 secs using 198.6% CPU
Optimizing NNI: done in 1.53896 secs using 198.5% CPU
BETTER TREE FOUND at iteration 392: -5471.160
Optimizing NNI: done in 2.18544 secs using 198.6% CPU
Optimizing NNI: done in 2.05259 secs using 197.8% CPU
Optimizing NNI: done in 1.93146 secs using 199.6% CPU
Optimizing NNI: done in 2.02355 secs using 198.2% CPU
Optimizing NNI: done in 1.29543 secs using 198.2% CPU
Optimizing NNI: done in 1.95101 secs using 198.8% CPU
Optimizing NNI: done in 1.32501 secs using 199.3% CPU
Optimizing NNI: done in 1.86037 secs using 198.9% CPU
Iteration 400 / LogL: -5472.082 / Time: 0h:18m:55s (0h:4m:21s left)
Log-likelihood cutoff on original alignment: -5516.878
NOTE: Bootstrap correlation coefficient of split occurrence frequencies: 0.959
NOTE: UFBoot does not converge, continue at least 100 more iterations
Optimizing NNI: done in 1.96546 secs using 198.1% CPU
Optimizing NNI: done in 1.67373 secs using 198.7% CPU
Optimizing NNI: done in 2.38299 secs using 198.8% CPU
Optimizing NNI: done in 1.90993 secs using 198.2% CPU
Optimizing NNI: done in 1.96052 secs using 198.5% CPU
Optimizing NNI: done in 1.8354 secs using 198.7% CPU
Optimizing NNI: done in 2.01632 secs using 197.8% CPU
Optimizing NNI: done in 1.51083 secs using 199% CPU
Optimizing NNI: done in 1.25818 secs using 199.8% CPU
Optimizing NNI: done in 1.74432 secs using 199% CPU
Iteration 410 / LogL: -5472.014 / Time: 0h:19m:22s (0h:4m:15s left)
Optimizing NNI: done in 1.99512 secs using 197.8% CPU
Optimizing NNI: done in 1.43225 secs using 198.8% CPU
Optimizing NNI: done in 0.737717 secs using 197.6% CPU
Optimizing NNI: done in 2.8708 secs using 198.6% CPU
Optimizing NNI: done in 2.11679 secs using 198.2% CPU
Optimizing NNI: done in 2.13368 secs using 198.4% CPU
Optimizing NNI: done in 1.61257 secs using 197.2% CPU
Optimizing NNI: done in 1.97192 secs using 198.4% CPU
Optimizing NNI: done in 1.64506 secs using 198% CPU
Optimizing NNI: done in 2.2542 secs using 198.3% CPU
Iteration 420 / LogL: -5471.168 / Time: 0h:19m:46s (0h:3m:46s left)
Optimizing NNI: done in 1.33647 secs using 198.1% CPU
Optimizing NNI: done in 2.5457 secs using 198.2% CPU
Optimizing NNI: done in 2.33004 secs using 198.7% CPU
Optimizing NNI: done in 1.57153 secs using 198.7% CPU
Optimizing NNI: done in 1.83149 secs using 198.3% CPU
Optimizing NNI: done in 1.61769 secs using 199.6% CPU
Optimizing NNI: done in 2.55867 secs using 198.6% CPU
Optimizing NNI: done in 1.91197 secs using 199.6% CPU
Optimizing NNI: done in 1.62834 secs using 199% CPU
Optimizing NNI: done in 2.25022 secs using 199.4% CPU
Iteration 430 / LogL: -5472.075 / Time: 0h:20m:10s (0h:3m:17s left)
Optimizing NNI: done in 1.968 secs using 199.8% CPU
Optimizing NNI: done in 1.88453 secs using 199.3% CPU
Optimizing NNI: done in 1.89004 secs using 198.4% CPU
Optimizing NNI: done in 2.0785 secs using 199.3% CPU
Optimizing NNI: done in 0.881165 secs using 198.9% CPU
Optimizing NNI: done in 2.16256 secs using 198.8% CPU
Optimizing NNI: done in 1.46794 secs using 197.3% CPU
Optimizing NNI: done in 1.05772 secs using 197.2% CPU
Optimizing NNI: done in 1.30304 secs using 198.2% CPU
Optimizing NNI: done in 2.36295 secs using 198.7% CPU
Iteration 440 / LogL: -5471.173 / Time: 0h:20m:31s (0h:2m:48s left)
Optimizing NNI: done in 0.745419 secs using 199.3% CPU
Optimizing NNI: done in 1.98668 secs using 198.4% CPU
Optimizing NNI: done in 2.11278 secs using 198% CPU
Optimizing NNI: done in 1.90505 secs using 199.1% CPU
Optimizing NNI: done in 2.17808 secs using 197.9% CPU
Optimizing NNI: done in 1.5631 secs using 199.3% CPU
Optimizing NNI: done in 2.39182 secs using 199% CPU
Optimizing NNI: done in 1.45405 secs using 197.6% CPU
Optimizing NNI: done in 1.56296 secs using 198.3% CPU
Optimizing NNI: done in 2.44549 secs using 199.1% CPU
Iteration 450 / LogL: -5471.173 / Time: 0h:20m:54s (0h:2m:19s left)
Log-likelihood cutoff on original alignment: -5516.878
Optimizing NNI: done in 2.22567 secs using 198.3% CPU
Optimizing NNI: done in 2.05545 secs using 197.5% CPU
Optimizing NNI: done in 1.85614 secs using 198.5% CPU
Optimizing NNI: done in 1.04875 secs using 199.9% CPU
Optimizing NNI: done in 2.2959 secs using 199.6% CPU
Optimizing NNI: done in 1.77203 secs using 198.4% CPU
Optimizing NNI: done in 2.10002 secs using 198.5% CPU
Optimizing NNI: done in 2.80749 secs using 198.4% CPU
Optimizing NNI: done in 2.15943 secs using 198.7% CPU
Optimizing NNI: done in 1.84897 secs using 199.3% CPU
Iteration 460 / LogL: -5502.167 / Time: 0h:21m:24s (0h:1m:51s left)
Optimizing NNI: done in 2.01506 secs using 199.6% CPU
Optimizing NNI: done in 1.93811 secs using 198.6% CPU
Optimizing NNI: done in 1.6578 secs using 198.4% CPU
Optimizing NNI: done in 2.44523 secs using 197.5% CPU
Optimizing NNI: done in 2.08138 secs using 198.4% CPU
Optimizing NNI: done in 1.16319 secs using 197.6% CPU
Optimizing NNI: done in 2.67852 secs using 199.3% CPU
Optimizing NNI: done in 1.37942 secs using 197.1% CPU
Optimizing NNI: done in 1.80482 secs using 199.7% CPU
Optimizing NNI: done in 1.61183 secs using 198.3% CPU
Iteration 470 / LogL: -5490.290 / Time: 0h:21m:48s (0h:1m:23s left)
Optimizing NNI: done in 2.27271 secs using 198% CPU
Optimizing NNI: done in 1.98106 secs using 198.1% CPU
Optimizing NNI: done in 1.55419 secs using 199.1% CPU
Optimizing NNI: done in 1.81041 secs using 198.1% CPU
Optimizing NNI: done in 1.97285 secs using 198.9% CPU
Optimizing NNI: done in 2.4747 secs using 198.9% CPU
Optimizing NNI: done in 1.8996 secs using 198.1% CPU
Optimizing NNI: done in 1.95766 secs using 199.5% CPU
Optimizing NNI: done in 1.06439 secs using 198.1% CPU
Optimizing NNI: done in 2.41106 secs using 197.5% CPU
Iteration 480 / LogL: -5476.405 / Time: 0h:22m:12s (0h:0m:55s left)
Optimizing NNI: done in 2.20221 secs using 198.8% CPU
Optimizing NNI: done in 2.14256 secs using 199.3% CPU
Optimizing NNI: done in 1.14472 secs using 198.2% CPU
Optimizing NNI: done in 2.02886 secs using 198% CPU
Optimizing NNI: done in 0.615142 secs using 196.9% CPU
Optimizing NNI: done in 1.88583 secs using 199.5% CPU
Optimizing NNI: done in 1.36909 secs using 197% CPU
Optimizing NNI: done in 1.12011 secs using 198.2% CPU
Optimizing NNI: done in 1.61827 secs using 198.9% CPU
Optimizing NNI: done in 1.82841 secs using 198.6% CPU
Iteration 490 / LogL: -5477.790 / Time: 0h:22m:33s (0h:0m:27s left)
Optimizing NNI: done in 1.07441 secs using 197.9% CPU
Optimizing NNI: done in 1.93796 secs using 198.4% CPU
Optimizing NNI: done in 1.709 secs using 199% CPU
Optimizing NNI: done in 2.17891 secs using 198.9% CPU
Optimizing NNI: done in 1.7431 secs using 199.1% CPU
Optimizing NNI: done in 1.6685 secs using 198.8% CPU
Optimizing NNI: done in 1.28201 secs using 197.9% CPU
Optimizing NNI: done in 1.35523 secs using 198.9% CPU
Optimizing NNI: done in 1.57249 secs using 198.9% CPU
Optimizing NNI: done in 1.90406 secs using 198.5% CPU
Iteration 500 / LogL: -5490.601 / Time: 0h:22m:55s (0h:0m:0s left)
Log-likelihood cutoff on original alignment: -5516.878
NOTE: Bootstrap correlation coefficient of split occurrence frequencies: 0.977
NOTE: UFBoot does not converge, continue at least 100 more iterations
Optimizing NNI: done in 1.62274 secs using 197.7% CPU
Optimizing NNI: done in 1.90557 secs using 199.5% CPU
Optimizing NNI: done in 1.65506 secs using 198.1% CPU
Optimizing NNI: done in 1.63794 secs using 198.6% CPU
Optimizing NNI: done in 2.07568 secs using 198.1% CPU
Optimizing NNI: done in 1.78062 secs using 199.3% CPU
Optimizing NNI: done in 2.23704 secs using 197.8% CPU
Optimizing NNI: done in 1.92934 secs using 198.7% CPU
Optimizing NNI: done in 2.26105 secs using 198.7% CPU
Optimizing NNI: done in 1.73049 secs using 199.6% CPU
Iteration 510 / LogL: -5471.167 / Time: 0h:23m:24s (0h:4m:8s left)
Optimizing NNI: done in 2.0064 secs using 199.1% CPU
Optimizing NNI: done in 1.42491 secs using 198.8% CPU
Optimizing NNI: done in 2.37262 secs using 199.6% CPU
Optimizing NNI: done in 1.80323 secs using 198% CPU
Optimizing NNI: done in 0.731951 secs using 198.9% CPU
Optimizing NNI: done in 1.41657 secs using 198.2% CPU
Optimizing NNI: done in 1.80823 secs using 198.2% CPU
Optimizing NNI: done in 1.15735 secs using 196.8% CPU
Optimizing NNI: done in 2.35586 secs using 199.3% CPU
Optimizing NNI: done in 1.25687 secs using 199.3% CPU
Iteration 520 / LogL: -5471.177 / Time: 0h:23m:46s (0h:3m:39s left)
Optimizing NNI: done in 1.38957 secs using 199% CPU
Optimizing NNI: done in 1.67239 secs using 197.8% CPU
Optimizing NNI: done in 2.17254 secs using 199.2% CPU
Optimizing NNI: done in 1.26015 secs using 196.8% CPU
Optimizing NNI: done in 1.72191 secs using 199.4% CPU
Optimizing NNI: done in 1.51133 secs using 199.2% CPU
Optimizing NNI: done in 1.35267 secs using 198.2% CPU
Optimizing NNI: done in 2.20944 secs using 198.5% CPU
Optimizing NNI: done in 2.73536 secs using 198.8% CPU
Optimizing NNI: done in 1.65843 secs using 198.6% CPU
Iteration 530 / LogL: -5471.735 / Time: 0h:24m:9s (0h:3m:11s left)
Optimizing NNI: done in 1.49268 secs using 198.9% CPU
Optimizing NNI: done in 1.54606 secs using 199.6% CPU
Optimizing NNI: done in 1.81798 secs using 197.7% CPU
Optimizing NNI: done in 1.06618 secs using 198.6% CPU
Optimizing NNI: done in 1.80576 secs using 198.6% CPU
Optimizing NNI: done in 3.16224 secs using 198.5% CPU
Optimizing NNI: done in 1.11077 secs using 197.2% CPU
Optimizing NNI: done in 1.37449 secs using 198.6% CPU
Optimizing NNI: done in 2.29729 secs using 198% CPU
Optimizing NNI: done in 1.50163 secs using 198.8% CPU
Iteration 540 / LogL: -5476.402 / Time: 0h:24m:32s (0h:2m:43s left)
Optimizing NNI: done in 1.99522 secs using 199.2% CPU
Optimizing NNI: done in 1.99494 secs using 198.6% CPU
Optimizing NNI: done in 1.86564 secs using 198.2% CPU
Optimizing NNI: done in 1.85755 secs using 197.7% CPU
Optimizing NNI: done in 2.171 secs using 198.9% CPU
Optimizing NNI: done in 2.01594 secs using 198.8% CPU
Optimizing NNI: done in 2.70537 secs using 198.7% CPU
Optimizing NNI: done in 1.62597 secs using 198.9% CPU
Optimizing NNI: done in 1.27274 secs using 198.7% CPU
Optimizing NNI: done in 2.22166 secs using 199.5% CPU
Iteration 550 / LogL: -5471.173 / Time: 0h:24m:58s (0h:2m:16s left)
Log-likelihood cutoff on original alignment: -5516.988
Optimizing NNI: done in 1.67171 secs using 196.9% CPU
Optimizing NNI: done in 1.31646 secs using 199% CPU
Optimizing NNI: done in 2.00869 secs using 199.3% CPU
Optimizing NNI: done in 0.438692 secs using 197.5% CPU
Optimizing NNI: done in 1.44106 secs using 198.8% CPU
Optimizing NNI: done in 1.76396 secs using 198.2% CPU
Optimizing NNI: done in 1.48731 secs using 197.2% CPU
Optimizing NNI: done in 1.64013 secs using 197.3% CPU
Optimizing NNI: done in 2.2253 secs using 199% CPU
Optimizing NNI: done in 1.80638 secs using 198.7% CPU
Iteration 560 / LogL: -5471.184 / Time: 0h:25m:24s (0h:1m:49s left)
Optimizing NNI: done in 2.0464 secs using 198.7% CPU
Optimizing NNI: done in 1.89537 secs using 198.3% CPU
Optimizing NNI: done in 1.9157 secs using 199.4% CPU
Optimizing NNI: done in 1.85581 secs using 199.1% CPU
Optimizing NNI: done in 1.07836 secs using 198.7% CPU
Optimizing NNI: done in 1.68645 secs using 198.2% CPU
Optimizing NNI: done in 1.03897 secs using 198.9% CPU
Optimizing NNI: done in 1.84312 secs using 199.4% CPU
Optimizing NNI: done in 1.7011 secs using 199% CPU
Optimizing NNI: done in 0.99924 secs using 199.7% CPU
Iteration 570 / LogL: -5471.250 / Time: 0h:25m:47s (0h:1m:21s left)
Optimizing NNI: done in 1.15691 secs using 198.5% CPU
Optimizing NNI: done in 1.04879 secs using 198.8% CPU
Optimizing NNI: done in 2.06819 secs using 198.4% CPU
Optimizing NNI: done in 2.59812 secs using 199.1% CPU
Optimizing NNI: done in 1.64705 secs using 198.6% CPU
Optimizing NNI: done in 1.44371 secs using 198.6% CPU
Optimizing NNI: done in 1.8709 secs using 198.6% CPU
Optimizing NNI: done in 1.38541 secs using 198.2% CPU
Optimizing NNI: done in 1.54586 secs using 198.8% CPU
Optimizing NNI: done in 2.679 secs using 198.4% CPU
Iteration 580 / LogL: -5477.596 / Time: 0h:26m:10s (0h:0m:54s left)
Optimizing NNI: done in 1.70967 secs using 198.5% CPU
Optimizing NNI: done in 2.04418 secs using 197.8% CPU
Optimizing NNI: done in 2.34649 secs using 198.7% CPU
Optimizing NNI: done in 1.84838 secs using 198.9% CPU
Optimizing NNI: done in 2.15861 secs using 198% CPU
Optimizing NNI: done in 1.35619 secs using 198.8% CPU
BETTER TREE FOUND at iteration 586: -5471.160
Optimizing NNI: done in 1.91004 secs using 198.2% CPU
Optimizing NNI: done in 2.27435 secs using 198.8% CPU
Optimizing NNI: done in 1.57026 secs using 199.3% CPU
Optimizing NNI: done in 1.66414 secs using 199.5% CPU
Iteration 590 / LogL: -5471.163 / Time: 0h:26m:36s (0h:4m:20s left)
Optimizing NNI: done in 1.77819 secs using 199% CPU
Optimizing NNI: done in 1.23038 secs using 198.8% CPU
Optimizing NNI: done in 1.79245 secs using 198.6% CPU
Optimizing NNI: done in 2.09509 secs using 198.7% CPU
Optimizing NNI: done in 1.35466 secs using 198% CPU
Optimizing NNI: done in 2.31172 secs using 198.1% CPU
Optimizing NNI: done in 2.153 secs using 199% CPU
Optimizing NNI: done in 1.69247 secs using 198.3% CPU
Optimizing NNI: done in 1.71426 secs using 198% CPU
Optimizing NNI: done in 1.38771 secs using 198.2% CPU
Iteration 600 / LogL: -5478.944 / Time: 0h:27m:0s (0h:3m:52s left)
Log-likelihood cutoff on original alignment: -5516.988
NOTE: Bootstrap correlation coefficient of split occurrence frequencies: 0.978
NOTE: UFBoot does not converge, continue at least 100 more iterations
Optimizing NNI: done in 1.43715 secs using 196.8% CPU
Optimizing NNI: done in 2.01966 secs using 198.6% CPU
Optimizing NNI: done in 2.04869 secs using 198.8% CPU
Optimizing NNI: done in 2.20972 secs using 199% CPU
Optimizing NNI: done in 1.85907 secs using 199.2% CPU
Optimizing NNI: done in 1.39853 secs using 197.8% CPU
Optimizing NNI: done in 1.65104 secs using 198.8% CPU
Optimizing NNI: done in 1.19425 secs using 198.5% CPU
Optimizing NNI: done in 2.02168 secs using 198.3% CPU
Optimizing NNI: done in 1.97922 secs using 198.8% CPU
Iteration 610 / LogL: -5472.081 / Time: 0h:27m:30s (0h:4m:3s left)
Optimizing NNI: done in 1.90554 secs using 198.9% CPU
Optimizing NNI: done in 2.03128 secs using 198% CPU
Optimizing NNI: done in 1.49691 secs using 198.3% CPU
Optimizing NNI: done in 1.63225 secs using 198.7% CPU
Optimizing NNI: done in 1.63652 secs using 198% CPU
Optimizing NNI: done in 2.34588 secs using 198.9% CPU
Optimizing NNI: done in 1.07278 secs using 198.8% CPU
Optimizing NNI: done in 1.77064 secs using 198.2% CPU
Optimizing NNI: done in 1.786 secs using 199% CPU
Optimizing NNI: done in 2.05682 secs using 198.4% CPU
Iteration 620 / LogL: -5471.170 / Time: 0h:27m:54s (0h:3m:36s left)
Optimizing NNI: done in 2.14296 secs using 198.5% CPU
Optimizing NNI: done in 2.15349 secs using 197.5% CPU
Optimizing NNI: done in 2.39924 secs using 198.5% CPU
Optimizing NNI: done in 1.52539 secs using 198.3% CPU
Optimizing NNI: done in 1.59442 secs using 197.3% CPU
Optimizing NNI: done in 1.01541 secs using 198.5% CPU
Optimizing NNI: done in 1.79507 secs using 199.1% CPU
Optimizing NNI: done in 1.55252 secs using 198.9% CPU
Optimizing NNI: done in 1.35731 secs using 198.1% CPU
Optimizing NNI: done in 1.58033 secs using 198.7% CPU
Iteration 630 / LogL: -5471.174 / Time: 0h:28m:19s (0h:3m:9s left)
Optimizing NNI: done in 2.25162 secs using 198.9% CPU
Optimizing NNI: done in 1.69871 secs using 198.4% CPU
Optimizing NNI: done in 1.67483 secs using 198.4% CPU
Optimizing NNI: done in 1.78386 secs using 199.1% CPU
Optimizing NNI: done in 2.06504 secs using 199.2% CPU
Optimizing NNI: done in 1.55924 secs using 198.2% CPU
Optimizing NNI: done in 2.06409 secs using 198.8% CPU
Optimizing NNI: done in 1.62246 secs using 198.8% CPU
Optimizing NNI: done in 1.44572 secs using 198.7% CPU
Optimizing NNI: done in 2.2908 secs using 198.8% CPU
Iteration 640 / LogL: -5471.173 / Time: 0h:28m:44s (0h:2m:41s left)
Optimizing NNI: done in 1.48794 secs using 198.6% CPU
Optimizing NNI: done in 1.73259 secs using 197.6% CPU
Optimizing NNI: done in 1.59591 secs using 199% CPU
Optimizing NNI: done in 1.65624 secs using 198.8% CPU
Optimizing NNI: done in 1.55848 secs using 199% CPU
Optimizing NNI: done in 2.28329 secs using 198.6% CPU
Optimizing NNI: done in 1.83797 secs using 198.8% CPU
Optimizing NNI: done in 1.7267 secs using 199.6% CPU
Optimizing NNI: done in 1.33414 secs using 198.3% CPU
Optimizing NNI: done in 2.40312 secs using 198.8% CPU
Iteration 650 / LogL: -5471.166 / Time: 0h:29m:9s (0h:2m:14s left)
Log-likelihood cutoff on original alignment: -5516.988
Optimizing NNI: done in 1.59225 secs using 198.2% CPU
Optimizing NNI: done in 1.3292 secs using 197.3% CPU
Optimizing NNI: done in 2.24546 secs using 199.4% CPU
Optimizing NNI: done in 2.23831 secs using 199.2% CPU
Optimizing NNI: done in 1.26656 secs using 198% CPU
Optimizing NNI: done in 2.22978 secs using 198.8% CPU
Optimizing NNI: done in 2.03771 secs using 198.3% CPU
Optimizing NNI: done in 1.6846 secs using 198.7% CPU
Optimizing NNI: done in 1.62502 secs using 199.9% CPU
Optimizing NNI: done in 2.06671 secs using 198.3% CPU
Iteration 660 / LogL: -5471.166 / Time: 0h:29m:39s (0h:1m:48s left)
Optimizing NNI: done in 1.83718 secs using 198.2% CPU
Optimizing NNI: done in 1.75663 secs using 198.6% CPU
Optimizing NNI: done in 1.37026 secs using 199.8% CPU
Optimizing NNI: done in 1.50325 secs using 199.2% CPU
Optimizing NNI: done in 1.38318 secs using 198.3% CPU
Optimizing NNI: done in 1.56207 secs using 199.1% CPU
Optimizing NNI: done in 2.16749 secs using 198.9% CPU
Optimizing NNI: done in 1.79448 secs using 199.2% CPU
Optimizing NNI: done in 2.1015 secs using 199.7% CPU
Optimizing NNI: done in 1.38941 secs using 199.6% CPU
Iteration 670 / LogL: -5471.171 / Time: 0h:30m:4s (0h:1m:20s left)
Optimizing NNI: done in 1.63991 secs using 198.5% CPU
Optimizing NNI: done in 1.37135 secs using 197.1% CPU
Optimizing NNI: done in 1.46006 secs using 198.3% CPU
Optimizing NNI: done in 1.55152 secs using 199% CPU
Optimizing NNI: done in 1.68862 secs using 197.3% CPU
Optimizing NNI: done in 0.971984 secs using 199.2% CPU
Optimizing NNI: done in 1.61399 secs using 198.4% CPU
Optimizing NNI: done in 2.47928 secs using 198.9% CPU
Optimizing NNI: done in 1.86432 secs using 198% CPU
Optimizing NNI: done in 2.66833 secs using 198.6% CPU
Iteration 680 / LogL: -5471.735 / Time: 0h:30m:29s (0h:0m:53s left)
Optimizing NNI: done in 1.67115 secs using 198.8% CPU
Optimizing NNI: done in 0.737473 secs using 198.1% CPU
Optimizing NNI: done in 1.43046 secs using 198.1% CPU
Optimizing NNI: done in 2.0078 secs using 198.6% CPU
Optimizing NNI: done in 1.78815 secs using 199.3% CPU
Optimizing NNI: done in 1.0851 secs using 198.4% CPU
Optimizing NNI: done in 1.42478 secs using 197.4% CPU
Optimizing NNI: done in 1.78283 secs using 198% CPU
Optimizing NNI: done in 1.86947 secs using 198.4% CPU
Optimizing NNI: done in 1.9553 secs using 197.8% CPU
Iteration 690 / LogL: -5471.165 / Time: 0h:30m:52s (0h:0m:26s left)
Optimizing NNI: done in 1.66225 secs using 198.1% CPU
Optimizing NNI: done in 1.82346 secs using 197.8% CPU
Optimizing NNI: done in 1.61477 secs using 198.6% CPU
Optimizing NNI: done in 2.04827 secs using 198.6% CPU
Optimizing NNI: done in 1.27688 secs using 199.3% CPU
Optimizing NNI: done in 1.64648 secs using 197.9% CPU
Optimizing NNI: done in 1.77817 secs using 198.7% CPU
Optimizing NNI: done in 2.4004 secs using 199.1% CPU
Optimizing NNI: done in 1.71185 secs using 199.2% CPU
Optimizing NNI: done in 1.57037 secs using 200.1% CPU
Iteration 700 / LogL: -5471.175 / Time: 0h:31m:17s (0h:0m:0s left)
Log-likelihood cutoff on original alignment: -5516.988
NOTE: Bootstrap correlation coefficient of split occurrence frequencies: 0.975
NOTE: UFBoot does not converge, continue at least 100 more iterations
Optimizing NNI: done in 1.6964 secs using 198.8% CPU
Optimizing NNI: done in 1.81968 secs using 199.8% CPU
Optimizing NNI: done in 1.65655 secs using 199% CPU
Optimizing NNI: done in 1.02792 secs using 199.6% CPU
Optimizing NNI: done in 1.05058 secs using 198.2% CPU
Optimizing NNI: done in 1.63139 secs using 198.8% CPU
Optimizing NNI: done in 1.75425 secs using 198.9% CPU
Optimizing NNI: done in 1.40408 secs using 198.6% CPU
Optimizing NNI: done in 1.37455 secs using 198% CPU
Optimizing NNI: done in 0.861895 secs using 197.4% CPU
Iteration 710 / LogL: -5489.132 / Time: 0h:31m:44s (0h:4m:1s left)
Optimizing NNI: done in 1.44606 secs using 199% CPU
Optimizing NNI: done in 2.22349 secs using 199.3% CPU
Optimizing NNI: done in 1.36274 secs using 198.6% CPU
Optimizing NNI: done in 1.63111 secs using 199.1% CPU
Optimizing NNI: done in 1.01127 secs using 198.5% CPU
Optimizing NNI: done in 1.38804 secs using 199.4% CPU
Optimizing NNI: done in 1.81432 secs using 198.7% CPU
Optimizing NNI: done in 0.978886 secs using 199.3% CPU
Optimizing NNI: done in 1.22399 secs using 198.4% CPU
Optimizing NNI: done in 1.69976 secs using 198.6% CPU
Iteration 720 / LogL: -5474.923 / Time: 0h:32m:7s (0h:3m:34s left)
Optimizing NNI: done in 1.36345 secs using 199.1% CPU
Optimizing NNI: done in 1.31533 secs using 198.5% CPU
Optimizing NNI: done in 1.99395 secs using 198.3% CPU
Optimizing NNI: done in 1.39495 secs using 199.5% CPU
Optimizing NNI: done in 2.11793 secs using 198.9% CPU
Optimizing NNI: done in 1.25097 secs using 199.4% CPU
Optimizing NNI: done in 1.77386 secs using 198.5% CPU
Optimizing NNI: done in 1.42866 secs using 198.2% CPU
Optimizing NNI: done in 2.12811 secs using 199.8% CPU
Optimizing NNI: done in 1.61944 secs using 198.3% CPU
Iteration 730 / LogL: -5473.653 / Time: 0h:32m:31s (0h:3m:7s left)
Optimizing NNI: done in 1.66656 secs using 199.6% CPU
Optimizing NNI: done in 1.39459 secs using 198.6% CPU
Optimizing NNI: done in 2.11828 secs using 197.8% CPU
Optimizing NNI: done in 1.8127 secs using 198% CPU
Optimizing NNI: done in 1.67671 secs using 198.8% CPU
Optimizing NNI: done in 1.62824 secs using 198.5% CPU
Optimizing NNI: done in 1.32816 secs using 197.9% CPU
Optimizing NNI: done in 1.93929 secs using 199.4% CPU
Optimizing NNI: done in 1.98616 secs using 199% CPU
Optimizing NNI: done in 1.1499 secs using 198.1% CPU
Iteration 740 / LogL: -5471.166 / Time: 0h:32m:56s (0h:2m:40s left)
Optimizing NNI: done in 2.27041 secs using 197.8% CPU
Optimizing NNI: done in 1.67396 secs using 199.4% CPU
Optimizing NNI: done in 2.28414 secs using 197.7% CPU
Optimizing NNI: done in 1.44098 secs using 199.6% CPU
Optimizing NNI: done in 1.07983 secs using 198.9% CPU
Optimizing NNI: done in 1.98388 secs using 198.8% CPU
Optimizing NNI: done in 1.90328 secs using 199.2% CPU
Optimizing NNI: done in 1.90257 secs using 199% CPU
Optimizing NNI: done in 1.99164 secs using 198.4% CPU
Optimizing NNI: done in 1.84099 secs using 198.6% CPU
Iteration 750 / LogL: -5471.171 / Time: 0h:33m:22s (0h:2m:13s left)
Log-likelihood cutoff on original alignment: -5516.988
Optimizing NNI: done in 2.20129 secs using 198.6% CPU
Optimizing NNI: done in 1.32297 secs using 197.4% CPU
Optimizing NNI: done in 1.87569 secs using 198.3% CPU
Optimizing NNI: done in 1.70278 secs using 198.1% CPU
Optimizing NNI: done in 1.72636 secs using 198.7% CPU
Optimizing NNI: done in 1.83438 secs using 199% CPU
Optimizing NNI: done in 1.94684 secs using 199% CPU
Optimizing NNI: done in 1.60957 secs using 197.9% CPU
Optimizing NNI: done in 1.25605 secs using 199.3% CPU
Optimizing NNI: done in 1.66404 secs using 198.3% CPU
Iteration 760 / LogL: -5471.740 / Time: 0h:33m:53s (0h:1m:47s left)
Optimizing NNI: done in 2.05355 secs using 198.1% CPU
Optimizing NNI: done in 1.67651 secs using 199.2% CPU
Optimizing NNI: done in 2.33529 secs using 198.4% CPU
Optimizing NNI: done in 2.25277 secs using 198.2% CPU
Optimizing NNI: done in 0.690565 secs using 198.4% CPU
Optimizing NNI: done in 1.99499 secs using 198.4% CPU
Optimizing NNI: done in 1.32861 secs using 199% CPU
Optimizing NNI: done in 2.24454 secs using 199.4% CPU
Optimizing NNI: done in 1.397 secs using 199% CPU
Optimizing NNI: done in 1.61237 secs using 198.5% CPU
Iteration 770 / LogL: -5477.769 / Time: 0h:34m:19s (0h:1m:20s left)
Optimizing NNI: done in 3.83146 secs using 198.5% CPU
Optimizing NNI: done in 1.94472 secs using 198.9% CPU
Optimizing NNI: done in 1.3577 secs using 199.8% CPU
Optimizing NNI: done in 1.92867 secs using 198.7% CPU
Optimizing NNI: done in 1.06841 secs using 199.2% CPU
Optimizing NNI: done in 1.82339 secs using 198.7% CPU
Optimizing NNI: done in 2.15005 secs using 198.6% CPU
Optimizing NNI: done in 1.67672 secs using 197.3% CPU
Optimizing NNI: done in 1.90413 secs using 198.1% CPU
Optimizing NNI: done in 1.96458 secs using 199.1% CPU
Iteration 780 / LogL: -5474.918 / Time: 0h:34m:48s (0h:0m:53s left)
Optimizing NNI: done in 1.62303 secs using 198% CPU
Optimizing NNI: done in 1.46041 secs using 198.6% CPU
Optimizing NNI: done in 1.9196 secs using 198.7% CPU
Optimizing NNI: done in 1.88261 secs using 199.4% CPU
Optimizing NNI: done in 1.70801 secs using 198.1% CPU
Optimizing NNI: done in 1.70014 secs using 199.7% CPU
Optimizing NNI: done in 2.02248 secs using 198.6% CPU
Optimizing NNI: done in 2.19196 secs using 198.5% CPU
Optimizing NNI: done in 2.03936 secs using 199.2% CPU
Optimizing NNI: done in 2.22981 secs using 199% CPU
Iteration 790 / LogL: -5471.737 / Time: 0h:35m:15s (0h:0m:26s left)
Optimizing NNI: done in 1.63464 secs using 198.8% CPU
Optimizing NNI: done in 1.80182 secs using 199.9% CPU
Optimizing NNI: done in 1.71157 secs using 198.8% CPU
Optimizing NNI: done in 2.49408 secs using 198.8% CPU
Optimizing NNI: done in 2.13142 secs using 198.1% CPU
Optimizing NNI: done in 1.8082 secs using 198.2% CPU
Optimizing NNI: done in 1.93534 secs using 198.8% CPU
Optimizing NNI: done in 1.66371 secs using 198.8% CPU
Optimizing NNI: done in 2.22881 secs using 199% CPU
Optimizing NNI: done in 1.54793 secs using 198.7% CPU
Iteration 800 / LogL: -5495.177 / Time: 0h:35m:43s (0h:0m:0s left)
Log-likelihood cutoff on original alignment: -5516.988
NOTE: Bootstrap correlation coefficient of split occurrence frequencies: 0.973
NOTE: UFBoot does not converge, continue at least 100 more iterations
Optimizing NNI: done in 1.81307 secs using 199.7% CPU
Optimizing NNI: done in 1.65977 secs using 198.8% CPU
Optimizing NNI: done in 1.98 secs using 198.8% CPU
Optimizing NNI: done in 1.64881 secs using 198% CPU
Optimizing NNI: done in 1.64941 secs using 199.6% CPU
Optimizing NNI: done in 1.66456 secs using 198.3% CPU
Optimizing NNI: done in 1.61819 secs using 198.6% CPU
Optimizing NNI: done in 2.62089 secs using 198.6% CPU
Optimizing NNI: done in 1.95271 secs using 198.9% CPU
Optimizing NNI: done in 1.52681 secs using 198.5% CPU
Iteration 810 / LogL: -5481.802 / Time: 0h:36m:14s (0h:4m:1s left)
Optimizing NNI: done in 1.06217 secs using 198.5% CPU
Optimizing NNI: done in 1.95251 secs using 198.7% CPU
Optimizing NNI: done in 1.79469 secs using 199.2% CPU
Optimizing NNI: done in 1.68484 secs using 197.3% CPU
Optimizing NNI: done in 2.88906 secs using 198.3% CPU
Optimizing NNI: done in 0.896075 secs using 197.3% CPU
Optimizing NNI: done in 0.984882 secs using 197.9% CPU
Optimizing NNI: done in 1.75208 secs using 198.7% CPU
Optimizing NNI: done in 1.67676 secs using 199.2% CPU
Optimizing NNI: done in 2.14776 secs using 197.9% CPU
Iteration 820 / LogL: -5471.177 / Time: 0h:36m:41s (0h:3m:35s left)
Optimizing NNI: done in 1.92205 secs using 199.2% CPU
Optimizing NNI: done in 1.66505 secs using 198.7% CPU
Optimizing NNI: done in 1.99744 secs using 198.1% CPU
Optimizing NNI: done in 1.4876 secs using 197.6% CPU
Optimizing NNI: done in 2.07336 secs using 199.3% CPU
Optimizing NNI: done in 2.15755 secs using 198.6% CPU
Optimizing NNI: done in 0.975753 secs using 200% CPU
Optimizing NNI: done in 0.708111 secs using 197.1% CPU
Optimizing NNI: done in 1.68828 secs using 198.3% CPU
Optimizing NNI: done in 1.76868 secs using 197.9% CPU
Iteration 830 / LogL: -5471.164 / Time: 0h:37m:7s (0h:3m:8s left)
Optimizing NNI: done in 0.736257 secs using 197.2% CPU
Optimizing NNI: done in 1.76174 secs using 198.3% CPU
Optimizing NNI: done in 1.86821 secs using 198.5% CPU
Optimizing NNI: done in 1.48736 secs using 199.5% CPU
Optimizing NNI: done in 2.18929 secs using 199.7% CPU
Optimizing NNI: done in 1.88267 secs using 197.7% CPU
Optimizing NNI: done in 1.83993 secs using 199.1% CPU
Optimizing NNI: done in 1.34196 secs using 198.4% CPU
Optimizing NNI: done in 1.98217 secs using 198.9% CPU
Optimizing NNI: done in 1.94808 secs using 198.3% CPU
BETTER TREE FOUND at iteration 840: -5471.160
Iteration 840 / LogL: -5471.160 / Time: 0h:37m:33s (0h:4m:28s left)
Optimizing NNI: done in 2.08772 secs using 199.2% CPU
Optimizing NNI: done in 1.67545 secs using 199.3% CPU
Optimizing NNI: done in 1.55333 secs using 198.3% CPU
Optimizing NNI: done in 1.68218 secs using 197.7% CPU
Optimizing NNI: done in 1.43294 secs using 199.6% CPU
Optimizing NNI: done in 1.76449 secs using 198.8% CPU
Optimizing NNI: done in 2.57214 secs using 198.4% CPU
Optimizing NNI: done in 1.34678 secs using 199.2% CPU
Optimizing NNI: done in 1.50894 secs using 198.6% CPU
Optimizing NNI: done in 1.71552 secs using 199.1% CPU
Iteration 850 / LogL: -5476.990 / Time: 0h:38m:0s (0h:4m:1s left)
Log-likelihood cutoff on original alignment: -5516.988
Optimizing NNI: done in 1.39907 secs using 198% CPU
Optimizing NNI: done in 2.23665 secs using 198.2% CPU
Optimizing NNI: done in 1.4472 secs using 197.2% CPU
Optimizing NNI: done in 1.88282 secs using 197.9% CPU
Optimizing NNI: done in 1.29329 secs using 198.3% CPU
Optimizing NNI: done in 1.53747 secs using 198.6% CPU
Optimizing NNI: done in 2.0907 secs using 198.9% CPU
Optimizing NNI: done in 1.45565 secs using 198.1% CPU
Optimizing NNI: done in 1.34428 secs using 199.1% CPU
Optimizing NNI: done in 2.35413 secs using 198.3% CPU
Iteration 860 / LogL: -5471.164 / Time: 0h:38m:31s (0h:3m:35s left)
Optimizing NNI: done in 1.68021 secs using 198.9% CPU
Optimizing NNI: done in 1.354 secs using 198.3% CPU
Optimizing NNI: done in 2.64215 secs using 198.1% CPU
Optimizing NNI: done in 2.39309 secs using 199.2% CPU
Optimizing NNI: done in 1.88694 secs using 198.9% CPU
Optimizing NNI: done in 1.90713 secs using 198% CPU
Optimizing NNI: done in 1.9592 secs using 199.6% CPU
Optimizing NNI: done in 2.15537 secs using 198.1% CPU
BETTER TREE FOUND at iteration 868: -5471.158
Optimizing NNI: done in 1.95092 secs using 198.6% CPU
Optimizing NNI: done in 1.68685 secs using 198.8% CPU
Iteration 870 / LogL: -5471.165 / Time: 0h:39m:1s (0h:4m:24s left)
Optimizing NNI: done in 1.57521 secs using 197.2% CPU
Optimizing NNI: done in 1.93702 secs using 198.9% CPU
Optimizing NNI: done in 2.18106 secs using 198.5% CPU
Optimizing NNI: done in 1.94344 secs using 198.2% CPU
Optimizing NNI: done in 1.96695 secs using 197.2% CPU
Optimizing NNI: done in 1.67123 secs using 197.6% CPU
Optimizing NNI: done in 1.59946 secs using 198% CPU
Optimizing NNI: done in 1.08627 secs using 197.2% CPU
Optimizing NNI: done in 1.72029 secs using 198.1% CPU
Optimizing NNI: done in 1.81439 secs using 199% CPU
Iteration 880 / LogL: -5477.304 / Time: 0h:39m:29s (0h:3m:57s left)
Optimizing NNI: done in 1.1873 secs using 198.4% CPU
Optimizing NNI: done in 1.04758 secs using 198.9% CPU
Optimizing NNI: done in 1.91051 secs using 199.2% CPU
Optimizing NNI: done in 1.49609 secs using 197.8% CPU
Optimizing NNI: done in 1.7225 secs using 198.4% CPU
Optimizing NNI: done in 1.0564 secs using 198.8% CPU
Optimizing NNI: done in 1.61207 secs using 198.7% CPU
Optimizing NNI: done in 2.07785 secs using 198.3% CPU
Optimizing NNI: done in 2.20589 secs using 198.8% CPU
Optimizing NNI: done in 1.57946 secs using 198.2% CPU
Iteration 890 / LogL: -5471.161 / Time: 0h:39m:55s (0h:3m:30s left)
Optimizing NNI: done in 0.598518 secs using 198.1% CPU
Optimizing NNI: done in 1.84699 secs using 198.5% CPU
Optimizing NNI: done in 1.90956 secs using 198.8% CPU
Optimizing NNI: done in 2.82963 secs using 198.6% CPU
Optimizing NNI: done in 1.83159 secs using 199.3% CPU
Optimizing NNI: done in 1.74901 secs using 198.3% CPU
Optimizing NNI: done in 1.64263 secs using 197.9% CPU
Optimizing NNI: done in 2.36901 secs using 199.1% CPU
Optimizing NNI: done in 2.16415 secs using 198.3% CPU
Optimizing NNI: done in 1.83442 secs using 198.1% CPU
Iteration 900 / LogL: -5471.177 / Time: 0h:40m:23s (0h:3m:3s left)
Log-likelihood cutoff on original alignment: -5516.988
NOTE: Bootstrap correlation coefficient of split occurrence frequencies: 0.975
NOTE: UFBoot does not converge, continue at least 100 more iterations
Optimizing NNI: done in 1.82209 secs using 198.9% CPU
Optimizing NNI: done in 1.73342 secs using 199.4% CPU
Optimizing NNI: done in 2.07757 secs using 198.9% CPU
Optimizing NNI: done in 1.98122 secs using 197.7% CPU
Optimizing NNI: done in 1.79256 secs using 198.6% CPU
Optimizing NNI: done in 1.82461 secs using 198.2% CPU
Optimizing NNI: done in 2.20546 secs using 198.6% CPU
Optimizing NNI: done in 1.59064 secs using 199.1% CPU
Optimizing NNI: done in 1.94324 secs using 198.8% CPU
Optimizing NNI: done in 1.78543 secs using 199% CPU
Iteration 910 / LogL: -5471.178 / Time: 0h:40m:57s (0h:4m:3s left)
Optimizing NNI: done in 2.14202 secs using 198.4% CPU
Optimizing NNI: done in 1.17627 secs using 197.9% CPU
Optimizing NNI: done in 1.79687 secs using 199% CPU
Optimizing NNI: done in 2.39654 secs using 198.6% CPU
Optimizing NNI: done in 1.71804 secs using 198.9% CPU
Optimizing NNI: done in 2.11814 secs using 198.2% CPU
Optimizing NNI: done in 1.32527 secs using 198.3% CPU
Optimizing NNI: done in 1.70623 secs using 198.4% CPU
Optimizing NNI: done in 2.18276 secs using 198.6% CPU
Optimizing NNI: done in 1.33226 secs using 198.7% CPU
Iteration 920 / LogL: -5471.173 / Time: 0h:41m:26s (0h:3m:36s left)
Optimizing NNI: done in 1.54747 secs using 198.7% CPU
Optimizing NNI: done in 0.94896 secs using 198.2% CPU
Optimizing NNI: done in 2.72342 secs using 198.8% CPU
Optimizing NNI: done in 1.40425 secs using 198.2% CPU
Optimizing NNI: done in 2.2669 secs using 198.2% CPU
Optimizing NNI: done in 2.20614 secs using 198.2% CPU
Optimizing NNI: done in 1.88275 secs using 198.1% CPU
Optimizing NNI: done in 1.90783 secs using 198.7% CPU
Optimizing NNI: done in 1.52239 secs using 198.8% CPU
Optimizing NNI: done in 2.02052 secs using 198.4% CPU
Iteration 930 / LogL: -5471.165 / Time: 0h:41m:55s (0h:3m:9s left)
Optimizing NNI: done in 1.54954 secs using 198.1% CPU
Optimizing NNI: done in 1.62488 secs using 199.4% CPU
Optimizing NNI: done in 1.26207 secs using 197.9% CPU
Optimizing NNI: done in 2.05354 secs using 199.1% CPU
Optimizing NNI: done in 2.44266 secs using 198.9% CPU
Optimizing NNI: done in 1.41341 secs using 198.4% CPU
Optimizing NNI: done in 1.88287 secs using 199.4% CPU
Optimizing NNI: done in 2.16921 secs using 198.6% CPU
Optimizing NNI: done in 1.83444 secs using 198.5% CPU
Optimizing NNI: done in 1.84312 secs using 199.6% CPU
Iteration 940 / LogL: -5471.170 / Time: 0h:42m:24s (0h:2m:42s left)
Optimizing NNI: done in 1.91252 secs using 198.3% CPU
Optimizing NNI: done in 1.67195 secs using 198.8% CPU
Optimizing NNI: done in 1.28984 secs using 196.7% CPU
Optimizing NNI: done in 1.9251 secs using 198.4% CPU
Optimizing NNI: done in 1.45416 secs using 198.7% CPU
Optimizing NNI: done in 1.88497 secs using 198.4% CPU
Optimizing NNI: done in 2.55309 secs using 198.7% CPU
Optimizing NNI: done in 1.39283 secs using 197.3% CPU
Optimizing NNI: done in 1.89725 secs using 199.1% CPU
Optimizing NNI: done in 1.91614 secs using 199.1% CPU
Iteration 950 / LogL: -5471.166 / Time: 0h:42m:52s (0h:2m:15s left)
Log-likelihood cutoff on original alignment: -5516.988
Optimizing NNI: done in 2.00358 secs using 198.2% CPU
Optimizing NNI: done in 1.115 secs using 198.2% CPU
Optimizing NNI: done in 1.86853 secs using 198% CPU
Optimizing NNI: done in 1.607 secs using 198.8% CPU
Optimizing NNI: done in 2.39035 secs using 199.1% CPU
Optimizing NNI: done in 1.97737 secs using 199.1% CPU
Optimizing NNI: done in 1.52156 secs using 199.3% CPU
Optimizing NNI: done in 1.72545 secs using 198.7% CPU
Optimizing NNI: done in 1.05453 secs using 197.8% CPU
Optimizing NNI: done in 2.6618 secs using 198.8% CPU
Iteration 960 / LogL: -5490.304 / Time: 0h:43m:25s (0h:1m:48s left)
Optimizing NNI: done in 1.7261 secs using 198.2% CPU
Optimizing NNI: done in 1.66007 secs using 199% CPU
Optimizing NNI: done in 1.7654 secs using 198.1% CPU
Optimizing NNI: done in 1.55552 secs using 197% CPU
Optimizing NNI: done in 1.43827 secs using 199% CPU
Optimizing NNI: done in 1.95342 secs using 199.5% CPU
Optimizing NNI: done in 1.56926 secs using 198.6% CPU
Optimizing NNI: done in 1.7151 secs using 198.1% CPU
Optimizing NNI: done in 1.36336 secs using 198% CPU
Optimizing NNI: done in 1.69506 secs using 197.4% CPU
Iteration 970 / LogL: -5488.623 / Time: 0h:43m:53s (0h:1m:21s left)
Optimizing NNI: done in 2.10672 secs using 198.7% CPU
Optimizing NNI: done in 1.47928 secs using 197.8% CPU
Optimizing NNI: done in 1.46562 secs using 199% CPU
Optimizing NNI: done in 1.85337 secs using 199.5% CPU
Optimizing NNI: done in 1.67909 secs using 199.1% CPU
Optimizing NNI: done in 1.81565 secs using 198.2% CPU
Optimizing NNI: done in 1.30482 secs using 198.7% CPU
Optimizing NNI: done in 0.947201 secs using 198.4% CPU
Optimizing NNI: done in 2.39021 secs using 199.2% CPU
Optimizing NNI: done in 2.46891 secs using 198.8% CPU
Iteration 980 / LogL: -5471.163 / Time: 0h:44m:22s (0h:0m:54s left)
Optimizing NNI: done in 1.35473 secs using 198.6% CPU
Optimizing NNI: done in 2.07574 secs using 198.8% CPU
Optimizing NNI: done in 2.296 secs using 198.4% CPU
Optimizing NNI: done in 2.32447 secs using 198.2% CPU
Optimizing NNI: done in 1.66849 secs using 197.9% CPU
Optimizing NNI: done in 1.76917 secs using 199.6% CPU
Optimizing NNI: done in 2.15108 secs using 198.9% CPU
Optimizing NNI: done in 1.33664 secs using 198.7% CPU
Optimizing NNI: done in 2.22367 secs using 199.1% CPU
Optimizing NNI: done in 1.61597 secs using 198.2% CPU
Iteration 990 / LogL: -5471.264 / Time: 0h:44m:53s (0h:0m:27s left)
Optimizing NNI: done in 2.10626 secs using 197% CPU
Optimizing NNI: done in 1.8138 secs using 198.8% CPU
Optimizing NNI: done in 2.62929 secs using 198.6% CPU
Optimizing NNI: done in 1.89912 secs using 198.7% CPU
Optimizing NNI: done in 2.74079 secs using 199% CPU
Optimizing NNI: done in 2.272 secs using 198% CPU
Optimizing NNI: done in 2.385 secs using 198.6% CPU
Optimizing NNI: done in 1.98928 secs using 198.9% CPU
Optimizing NNI: done in 1.84589 secs using 199.4% CPU
Optimizing NNI: done in 2.58567 secs using 198.2% CPU
Iteration 1000 / LogL: -5472.080 / Time: 0h:45m:26s (0h:0m:0s left)
Log-likelihood cutoff on original alignment: -5516.988
NOTE: Bootstrap correlation coefficient of split occurrence frequencies: 0.976
NOTE: UFBoot does not converge, continue at least 100 more iterations
Optimizing NNI: done in 1.65054 secs using 197% CPU
WARNING: bootstrap analysis did not converge. You should rerun with higher number of iterations (-nm option)
TREE SEARCH COMPLETED AFTER 1001 ITERATIONS / Time: 0h:45m:34s

--------------------------------------------------------------------
|                    FINALIZING TREE SEARCH                        |
--------------------------------------------------------------------
Performs final model parameters optimization
Estimate model parameters (epsilon = 0.010)
1. Initial log-likelihood: -5471.158
Optimal log-likelihood: -5471.155
Rate parameters:  A-C: 1.00000  A-G: 1.28085  A-T: 1.00000  C-G: 1.00000  C-T: 3.16541  G-T: 1.00000
Base frequencies:  A: 0.252  C: 0.197  G: 0.269  T: 0.282
Site proportion and rates:  (0.913,0.457) (0.087,6.683)
Parameters optimization took 1 rounds (0.112 sec)
BEST SCORE FOUND : -5471.155
Creating bootstrap support values...
Split supports printed to NEXUS file amplicon_alignments/amplicon2.splits.nex
Total tree length: 0.316

Total number of iterations: 1001
CPU time used for tree search: 4282.612 sec (1h:11m:22s)
Wall-clock time used for tree search: 2479.611 sec (0h:41m:19s)
Total CPU time used: 4778.894 sec (1h:19m:38s)
Total wall-clock time used: 2740.397 sec (0h:45m:40s)

Computing bootstrap consensus tree...
Reading input file amplicon_alignments/amplicon2.splits.nex...
197 taxa and 12639 splits.
Consensus tree written to amplicon_alignments/amplicon2.contree
Reading input trees file amplicon_alignments/amplicon2.contree
Log-likelihood of consensus tree: -5471.444

Analysis results written to: 
  IQ-TREE report:                amplicon_alignments/amplicon2.iqtree
  Maximum-likelihood tree:       amplicon_alignments/amplicon2.treefile
  Likelihood distances:          amplicon_alignments/amplicon2.mldist

Ultrafast bootstrap approximation results written to:
  Split support values:          amplicon_alignments/amplicon2.splits.nex
  Consensus tree:                amplicon_alignments/amplicon2.contree
  Screen log file:               amplicon_alignments/amplicon2.log

Date and Time: Thu Nov 24 11:46:41 2022
