IQ-TREE multicore version 2.2.0 COVID-edition for Linux 64-bit built Jun  1 2022
Developed by Bui Quang Minh, James Barbetti, Nguyen Lam Tung,
Olga Chernomor, Heiko Schmidt, Dominik Schrempf, Michael Woodhams, Ly Trong Nhan.

Host:    harriet (AVX, 503 GB RAM)
Command: /home/susana/iqtree-2.2.0-Linux/bin/iqtree2 -s amplicon_alignments/amplicon5 -m TN+F+R2 -B 5000 -T AUTO
Seed:    694751 (Using SPRNG - Scalable Parallel Random Number Generator)
Time:    Thu Nov 24 13:28:22 2022
Kernel:  AVX - auto-detect threads (96 CPU cores detected)

Reading alignment file amplicon_alignments/amplicon5 ... Fasta format detected
Reading fasta file: done in 0.11471 secs using 4.37% CPU
Alignment most likely contains DNA/RNA sequences
Constructing alignment: done in 0.0164511 secs using 785.2% CPU
WARNING: 2 sites contain only gaps or ambiguous characters.
Alignment has 206 sequences with 1878 columns, 786 distinct patterns
97 parsimony-informative, 198 singleton sites, 1583 constant sites
                                                 Gap/Ambiguity  Composition  p-value
Analyzing sequences: done in 0.00785721 secs using 7687% CPU
   1  MarkN_10_F.Euk360_CR_21_R_ASV_1                   82.37%    passed     55.98%
   2  MarkN_10_F.Euk360_CR_21_R_ASV_2                   82.37%    passed     59.55%
   3  MarkN_10_F.Euk360_CR_21_R_ASV_3                   82.37%    passed     62.28%
   4  MarkN_10_F.Euk360_CR_21_R_ASV_4                   82.37%    passed     54.20%
   5  MarkN_10_F.Euk360_CR_21_R_ASV_5                   82.37%    passed     59.71%
   6  JQ993669_Isospora_sp._ex_Talpa_europaea           34.61%    passed     95.38%
   7  JQ993670_Isospora_sp._ex_Talpa_europaea           51.97%    passed     64.34%
   8  JQ993671_Isospora_sp._ex_Talpa_europaea           23.00%    passed     99.86%
   9  JQ993665_Eimeria_nafuko                           26.78%    passed     98.97%
  10  JQ993659_Eimeria_alorani                          26.84%    passed     69.18%
  11  KU174470_Eimeria_apionodes                        25.88%    passed     99.09%
  12  KU174461_Eimeria_apionodes                        25.99%    passed     98.90%
  13  KU174464_Eimeria_apionodes                        55.70%    passed     93.96%
  14  KU174480_Eimeria_apionodes                        49.73%    passed     77.18%
  15  KU174483_Eimeria_apionodes                        50.43%    passed     75.88%
  16  KU174462_Eimeria_apionodes                        25.77%    passed     98.66%
  17  KU174463_Eimeria_apionodes                        57.14%    passed     71.69%
  18  KU174468_Eimeria_apionodes                        27.37%    passed     97.99%
  19  KU174479_Eimeria_apionodes                        46.75%    passed     87.85%
  20  KU174449_Eimeria_apionodes                        26.46%    passed     98.57%
  21  KU174450_Eimeria_apionodes                        25.35%    passed     99.43%
  22  KU174465_Eimeria_apionodes                        54.37%    passed     98.43%
  23  KU174467_Eimeria_apionodes                        25.88%    passed     98.34%
  24  KU174474_Eimeria_apionodes                        26.04%    passed     98.82%
  25  KU174451_Eimeria_apionodes                        25.83%    passed     98.39%
  26  KU174459_Eimeria_apionodes                        26.30%    passed     96.41%
  27  KU174485_Eimeria_apionodes                        38.87%    passed     98.34%
  28  KU174487_Eimeria_apionodes                        59.69%    passed     78.27%
  29  KU174472_Eimeria_apionodes                        25.83%    passed     99.14%
  30  JQ993666_Eimeria_burdai                           24.60%    passed     99.89%
  31  JQ993649_Eimeria_caviae                           24.17%    passed     99.92%
  32  JQ993650_Eimeria_chinchillae                      19.28%    passed     98.36%
  33  AF080614_Eimeria_falciformis                       4.79%    passed     93.31%
  34  MH751998_Eimeria_falciformis                      41.32%    passed     96.91%
  35  KT360995_Eimeria_ferrisi                          29.23%    passed     99.15%
  36  JF304148_Eimeria_myoxi                            22.84%    passed     99.20%
  37  U40263_Eimeria_nieschulzi                          4.37%    passed     90.67%
  38  JQ993651_Eimeria_nkaka                            26.84%    passed     91.06%
  39  AF311643_Eimeria_separata                         18.00%    passed     79.15%
  40  AF311644_Eimeria_sevilletensis                    17.20%    passed     61.15%
  41  JQ993654_Eimeria_sp._ex_Acomys_sp._JK-2013        19.33%    passed     97.86%
  42  JQ993655_Eimeria_sp._ex_Apodemus_agrarius         24.55%    passed     93.80%
  43  JQ993656_Eimeria_sp._ex_Apodemus_agrarius         24.65%    passed     86.24%
  44  JQ993657_Eimeria_sp._ex_Apodemus_agrarius         24.60%    passed     99.52%
  45  JQ993658_Eimeria_sp._ex_Apodemus_agrarius         26.30%    passed     97.55%
  46  JQ993660_Eimeria_sp._ex_Apodemus_agrarius         24.65%    passed     98.83%
  47  KU174475_Eimeria_apionodes                        25.88%    passed     81.52%
  48  JQ993661_Eimeria_sp._ex_Apodemus_sylvaticus       25.67%    passed     81.85%
  49  JQ993662_Eimeria_sp._ex_Apodemus_sylvaticus       25.56%    passed     97.21%
  50  JQ993663_Eimeria_sp._ex_Cricetus_cricetus         24.55%    passed     98.17%
  51  JQ993664_Eimeria_sp._ex_Gerbillus_dasyurus        19.33%    passed     99.95%
  52  JQ993652_Eimeria_sp._2_JK-2013                    24.12%    passed     92.40%
  53  JQ993667_Eimeria_sp._ex_Mastomys_natalensis       19.22%    passed     97.90%
  54  KU174454_Eimeria_sp._ex_Microtus_agrestis         26.68%    passed     98.80%
  55  KU174469_Eimeria_sp._ex_Microtus_agrestis         28.91%    passed     99.52%
  56  KU174481_Eimeria_sp._ex_Microtus_agrestis         48.03%    passed     79.78%
  57  KU174456_Eimeria_sp._ex_Microtus_arvalis          25.88%    passed     98.78%
  58  KU174484_Eimeria_sp._ex_Microtus_arvalis          49.36%    passed     80.69%
  59  KU174478_Eimeria_sp._ex_Microtus_arvalis          58.25%    passed     76.88%
  60  KU174473_Eimeria_sp._ex_Microtus_arvalis          25.99%    passed     98.90%
  61  KU174471_Eimeria_sp._ex_Microtus_levis            25.77%    passed     98.98%
  62  KU174455_Eimeria_sp._ex_Microtus_subterraneus     25.51%    passed     99.88%
  63  KU174457_Eimeria_sp._ex_Clethrionomys_glareolus   28.01%    passed     98.63%
  64  KU174476_Eimeria_sp._ex_Clethrionomys_glareolus   36.85%    passed     97.06%
  65  KU174466_Eimeria_sp._ex_Clethrionomys_glareolus   28.27%    passed     99.02%
  66  KU174486_Eimeria_sp._ex_Clethrionomys_glareolus   56.18%    passed     95.86%
  67  KU174453_Eimeria_sp._ex_Clethrionomys_glareolus   28.91%    passed     98.83%
  68  KU174458_Eimeria_sp._ex_Clethrionomys_glareolus   28.81%    passed     98.68%
  69  KU174460_Eimeria_sp._ex_Clethrionomys_glareolus   25.88%    passed     98.52%
  70  KU174452_Eimeria_sp._ex_Clethrionomys_glareolus   26.20%    passed     98.94%
  71  KU174482_Eimeria_sp._ex_Clethrionomys_glareolus   57.29%    passed     86.91%
  72  AF246717_Eimeria_telekii                          16.93%    passed     92.77%
  73  KT184355_Eimeria_vermiformis                      39.30%    passed     87.69%
  74  JQ993653_Eimeria_vilasi                           23.38%    passed     96.24%
  75  AF307880_Eimeria_albigulae                        17.47%    passed     93.94%
  76  AF339489_Eimeria_chaetodipi                       16.51%    passed     92.61%
  77  AF307878_Eimeria_arizonensis                      16.77%    passed     94.34%
  78  AF307876_Eimeria_antrozoi                         16.99%    passed     98.11%
  79  AF324214_Eimeria_chobotari                        17.15%    passed     93.25%
  80  AF339490_Eimeria_dipodomysis                      18.42%    passed     70.00%
  81  AF339491_Eimeria_leucopi                          18.64%    passed     92.96%
  82  AF307879_Eimeria_onychomysis                      18.64%    passed     91.31%
  83  AF339492_Eimeria_peromysci                        16.29%    passed     87.28%
  84  AF307877_Eimeria_rioarribaensis                   17.52%    passed     97.62%
  85  AF311642_Eimeria_reedi                            17.78%    passed     95.37%
  86  KU192965_Eimeria_alorani                          40.42%    passed     94.55%
  87  KU192958_Eimeria_alorani                          31.68%    passed     97.93%
  88  KU192936_Eimeria_apionodes                        25.83%    passed     98.74%
  89  KU192961_Eimeria_alorani                          26.46%    passed     97.12%
  90  KU192956_Eimeria_apionodes                        59.16%    passed     70.79%
  91  KU192931_Eimeria_apionodes                        25.67%    passed     98.25%
  92  KU192938_Eimeria_apionodes                        72.95%    passed     78.26%
  93  KU192916_Eimeria_apionodes                        28.33%    passed     95.83%
  94  KT184339.1_Eimeria_falciformis                     4.63%    passed     88.55%
  95  MH751925.1_Eimeria_ferrisi                        29.98%    passed     98.90%
  96  MH751926.1_Eimeria_vermiformis                    43.24%    passed     91.15%
  97  MH751927.1_Eimeria_ferrisi                        49.57%    passed     92.17%
  98  MH751928.1_Eimeria_ferrisi                        43.24%    passed     95.35%
  99  MH751929.1_Eimeria_ferrisi                        43.18%    passed     94.04%
 100  MH751930.1_Eimeria_ferrisi                        43.18%    passed     94.04%
 101  MH751931.1_Eimeria_ferrisi                        43.18%    passed     94.04%
 102  MH751932.1_Eimeria_ferrisi                        43.98%    passed     88.59%
 103  MH751933.1_Eimeria_ferrisi                        43.24%    passed     95.48%
 104  MH751934.1_Eimeria_falciformis                    44.14%    passed     86.51%
 105  MH751935.1_Eimeria_ferrisi                        43.18%    passed     93.57%
 106  MH751936.1_Eimeria_ferrisi                        43.34%    passed     95.81%
 107  MH751937.1_Eimeria_falciformis                    43.34%    passed     91.14%
 108  MH751938.1_Eimeria_ferrisi                        28.75%    passed     99.50%
 109  MH751939.1_Eimeria_ferrisi                        43.61%    passed     96.07%
 110  MH751940.1_Eimeria_vermiformis                    39.03%    passed     96.57%
 111  MH751941.1_Eimeria_falciformis                    43.29%    passed     92.06%
 112  MH751942.1_Eimeria_falciformis                    28.43%    passed     94.29%
 113  MH751943.1_Eimeria_falciformis                    43.40%    passed     93.59%
 114  MH751944.1_Eimeria_ferrisi                        43.13%    passed     95.03%
 115  MH751945.1_Eimeria_ferrisi                        31.04%    passed     99.98%
 116  MH751946.1_Eimeria_ferrisi                        42.39%    passed     93.41%
 117  MH751947.1_Eimeria_ferrisi                        28.59%    passed     98.74%
 118  MH751948.1_Eimeria_vermiformis                    29.23%    passed     97.35%
 119  MH751949.1_Eimeria_ferrisi                        28.81%    passed     99.05%
 120  MH751950.1_Eimeria_ferrisi                        37.11%    passed     97.19%
 121  MH751951.1_Eimeria_vermiformis                    43.56%    passed     92.07%
 122  MH751952.1_Eimeria_ferrisi                        43.18%    passed     94.04%
 123  MH751953.1_Eimeria_ferrisi                        43.18%    passed     95.46%
 124  MH751954.1_Eimeria_ferrisi                        40.58%    passed     97.26%
 125  MH751955.1_Eimeria_ferrisi                        29.93%    passed     98.03%
 126  MH751956.1_Eimeria_ferrisi                        43.18%    passed     94.04%
 127  MH751957.1_Eimeria_vermiformis                    27.74%    passed     95.18%
 128  MH751958.1_Eimeria_ferrisi                        50.16%    passed     94.18%
 129  MH751959.1_Eimeria_ferrisi                        29.07%    passed     99.48%
 130  MH751960.1_Eimeria_falciformis                    28.17%    passed     99.73%
 131  MH751961.1_Eimeria_ferrisi                        43.13%    passed     93.59%
 132  MH751962.1_Eimeria_ferrisi                        30.62%    passed     99.66%
 133  MH751963.1_Eimeria_ferrisi                        27.10%    passed     99.00%
 134  MH751964.1_Eimeria_falciformis                    47.07%    passed     76.93%
 135  MH751965.1_Eimeria_ferrisi                        32.06%    passed     99.67%
 136  MH751966.1_Eimeria_ferrisi                        28.54%    passed     99.62%
 137  MH751967.1_Eimeria_ferrisi                        46.91%    passed     85.72%
 138  MH751968.1_Eimeria_ferrisi                        43.24%    passed     94.06%
 139  MH751969.1_Eimeria_ferrisi                        43.72%    passed     87.78%
 140  MH751970.1_Eimeria_ferrisi                        27.90%    passed     98.01%
 141  MH751971.1_Eimeria_ferrisi                        43.18%    passed     94.04%
 142  MH751972.1_Eimeria_ferrisi                        37.54%    passed     98.10%
 143  MH751973.1_Eimeria_ferrisi                        43.18%    passed     94.04%
 144  MH751974.1_Eimeria_vermiformis                    43.18%    passed     92.16%
 145  MH751975.1_Eimeria_falciformis                    48.51%    passed     91.94%
 146  MH751976.1_Eimeria_falciformis                    55.43%    passed     92.19%
 147  MH751977.1_Eimeria_vermiformis                    31.52%    passed     98.95%
 148  MH751978.1_Eimeria_falciformis                    27.74%    passed     97.67%
 149  MH751979.1_Eimeria_ferrisi                        26.09%    passed     98.59%
 150  MH751980.1_Eimeria_falciformis                    28.12%    passed     98.25%
 151  MH751981.1_Eimeria_falciformis                    30.56%    passed     96.09%
 152  MH751982.1_Eimeria_ferrisi                        28.81%    passed     99.05%
 153  MH751983.1_Eimeria_ferrisi                        46.81%    passed     75.36%
 154  MH751984.1_Eimeria_ferrisi                        28.33%    passed     98.23%
 155  MH751985.1_Eimeria_ferrisi                        27.85%    passed     98.90%
 156  MH751986.1_Eimeria_ferrisi                        29.18%    passed     99.07%
 157  MH751987.1_Eimeria_ferrisi                        30.03%    passed     99.95%
 158  MH751988.1_Eimeria_ferrisi                        30.51%    passed     99.11%
 159  MH751989.1_Eimeria_ferrisi                        28.01%    passed     97.51%
 160  MH751990.1_Eimeria_ferrisi                        43.18%    passed     94.04%
 161  MH751991.1_Eimeria_ferrisi                        29.07%    passed     99.25%
 162  MH751992.1_Eimeria_ferrisi                        43.13%    passed     95.03%
 163  MH751993.1_Eimeria_ferrisi                        29.23%    passed     98.76%
 164  MH751994.1_Eimeria_ferrisi                        36.05%    passed     99.97%
 165  MH751995.1_Eimeria_ferrisi                        29.23%    passed     98.76%
 166  MH751996.1_Eimeria_ferrisi                        28.81%    passed     99.31%
 167  MH751997.1_Eimeria_ferrisi                        36.53%    passed     99.09%
 168  MH751998.1_Eimeria_falciformis                    41.32%    passed     96.91%
 169  MH751999.1_Eimeria_ferrisi                        47.39%    passed     78.36%
 170  MH752000.1_Eimeria_ferrisi                        26.20%    passed     97.72%
 171  MH752001.1_Eimeria_ferrisi                        43.18%    passed     94.04%
 172  MH752002.1_Eimeria_ferrisi                        59.64%    passed     89.53%
 173  MH752003.1_Eimeria_vermiformis                    28.91%    passed     99.37%
 174  MH752004.1_Eimeria_ferrisi                        26.57%    passed     99.00%
 175  MH752005.1_Eimeria_ferrisi                        25.88%    passed     98.35%
 176  MH752006.1_Eimeria_ferrisi                        26.14%    passed     98.53%
 177  MH752007.1_Eimeria_ferrisi                        46.91%    passed     87.47%
 178  MH752008.1_Eimeria_ferrisi                        27.00%    passed     98.83%
 179  MH752009.1_Eimeria_ferrisi                        25.77%    passed     98.41%
 180  MH752010.1_Eimeria_ferrisi                        39.67%    passed     96.43%
 181  MH752011.1_Eimeria_falciformis                    25.67%    passed     99.28%
 182  MH752012.1_Eimeria_falciformis                    25.56%    passed     99.63%
 183  MH752013.1_Eimeria_ferrisi                        25.19%    passed     99.19%
 184  MH752014.1_Eimeria_ferrisi                        25.19%    passed     99.19%
 185  MH752015.1_Eimeria_ferrisi                        25.45%    passed     98.54%
 186  MH752016.1_Eimeria_falciformis                    31.52%    passed     99.00%
 187  MH752017.1_Eimeria_falciformis                    28.49%    passed     99.57%
 188  MH752018.1_Eimeria_falciformis                    28.59%    passed     99.41%
 189  MH752019.1_Eimeria_falciformis                    28.12%    passed     99.43%
 190  MH752020.1_Eimeria_ferrisi                        71.25%    passed     98.72%
 191  MH752021.1_Eimeria_ferrisi                        55.27%    passed     59.67%
 192  MH752022.1_Eimeria_ferrisi                        28.97%    passed     92.08%
 193  MH752023.1_Eimeria_ferrisi                        60.97%    passed     50.75%
 194  MH752024.1_Eimeria_ferrisi                        35.36%    passed     98.66%
 195  MH752025.1_Eimeria_ferrisi                        27.10%    passed     91.72%
 196  MH752026.1_Eimeria_ferrisi                        52.66%    passed     68.46%
 197  MH752027.1_Eimeria_ferrisi                        28.06%    passed     91.90%
 198  MH752028.1_Eimeria_ferrisi                        60.65%    passed     60.66%
 199  MH752029.1_Eimeria_ferrisi                        43.34%    passed     93.16%
 200  MH752030.1_Eimeria_vermiformis                    32.43%    passed     98.82%
 201  MH752031.1_Eimeria_ferrisi                        50.37%    passed     67.93%
 202  MH752032.1_Eimeria_ferrisi                        42.65%    passed     97.75%
 203  MH752033.1_Eimeria_ferrisi                        33.07%    passed     98.59%
 204  MH752034.1_Eimeria_ferrisi                        31.68%    passed     99.91%
 205  MH752035.1_Eimeria_ferrisi                        37.33%    passed     99.51%
 206  MH752036.1_Eimeria_ferrisi                        45.10%    passed     97.31%
WARNING: 25 sequences contain more than 50% gaps/ambiguity
****  TOTAL                                             34.90%  0 sequences failed composition chi2 test (p-value<5%; df=3)
NOTE: KU174473_Eimeria_sp._ex_Microtus_arvalis is identical to KU174461_Eimeria_apionodes but kept for subsequent analysis
NOTE: MH751998.1_Eimeria_falciformis is identical to MH751998_Eimeria_falciformis but kept for subsequent analysis
NOTE: MH751930.1_Eimeria_ferrisi is identical to MH751929.1_Eimeria_ferrisi but kept for subsequent analysis
NOTE: MH751992.1_Eimeria_ferrisi is identical to MH751944.1_Eimeria_ferrisi but kept for subsequent analysis
NOTE: MH751982.1_Eimeria_ferrisi is identical to MH751949.1_Eimeria_ferrisi but kept for subsequent analysis
NOTE: MH751995.1_Eimeria_ferrisi is identical to MH751993.1_Eimeria_ferrisi but kept for subsequent analysis
NOTE: MH752014.1_Eimeria_ferrisi is identical to MH752013.1_Eimeria_ferrisi but kept for subsequent analysis
Checking for duplicate sequences: done in 0.00576712 secs using 6800% CPU
Identifying sites to remove: done in 0.0105722 secs using 441.8% CPU
NOTE: 7 identical sequences (see below) will be ignored for subsequent analysis
NOTE: MH751931.1_Eimeria_ferrisi (identical to MH751929.1_Eimeria_ferrisi) is ignored but added at the end
NOTE: MH751952.1_Eimeria_ferrisi (identical to MH751929.1_Eimeria_ferrisi) is ignored but added at the end
NOTE: MH751956.1_Eimeria_ferrisi (identical to MH751929.1_Eimeria_ferrisi) is ignored but added at the end
NOTE: MH751971.1_Eimeria_ferrisi (identical to MH751929.1_Eimeria_ferrisi) is ignored but added at the end
NOTE: MH751973.1_Eimeria_ferrisi (identical to MH751929.1_Eimeria_ferrisi) is ignored but added at the end
NOTE: MH751990.1_Eimeria_ferrisi (identical to MH751929.1_Eimeria_ferrisi) is ignored but added at the end
NOTE: MH752001.1_Eimeria_ferrisi (identical to MH751929.1_Eimeria_ferrisi) is ignored but added at the end
Alignment was printed to amplicon_alignments/amplicon5.uniqueseq.phy

For your convenience alignment with unique sequences printed to amplicon_alignments/amplicon5.uniqueseq.phy

Create initial parsimony tree by phylogenetic likelihood library (PLL)... 0.039 seconds
Generating 5000 samples for ultrafast bootstrap (seed: 694751)...

NOTE: 25 MB RAM (0 GB) is required!
Measuring multi-threading efficiency up to 96 CPU cores
Increase to 10 rounds for branch lengths
132 trees examined
Threads: 1 / Time: 96.259 sec / Speedup: 1.000 / Efficiency: 100% / LogL: -11865
Threads: 2 / Time: 64.585 sec / Speedup: 1.490 / Efficiency: 75% / LogL: -11865
Threads: 3 / Time: 76.858 sec / Speedup: 1.252 / Efficiency: 42% / LogL: -11865
Determining AUTO threadcount: done in 237.742 secs using 87.82% CPU
BEST NUMBER OF THREADS: 2

Estimate model parameters (epsilon = 0.100)
1. Initial log-likelihood: -5641.351
2. Current log-likelihood: -5556.649
3. Current log-likelihood: -5552.057
4. Current log-likelihood: -5547.826
5. Current log-likelihood: -5543.486
6. Current log-likelihood: -5539.122
7. Current log-likelihood: -5534.859
8. Current log-likelihood: -5530.857
9. Current log-likelihood: -5527.337
10. Current log-likelihood: -5524.206
11. Current log-likelihood: -5521.589
12. Current log-likelihood: -5519.532
13. Current log-likelihood: -5517.992
14. Current log-likelihood: -5516.862
15. Current log-likelihood: -5516.049
16. Current log-likelihood: -5515.457
17. Current log-likelihood: -5514.989
18. Current log-likelihood: -5514.558
19. Current log-likelihood: -5514.150
20. Current log-likelihood: -5513.765
21. Current log-likelihood: -5513.407
22. Current log-likelihood: -5513.075
23. Current log-likelihood: -5512.774
24. Current log-likelihood: -5512.505
25. Current log-likelihood: -5512.268
26. Current log-likelihood: -5512.061
27. Current log-likelihood: -5511.885
28. Current log-likelihood: -5511.737
29. Current log-likelihood: -5511.614
30. Current log-likelihood: -5511.513
Optimal log-likelihood: -5511.421
Rate parameters:  A-C: 1.00000  A-G: 1.30215  A-T: 1.00000  C-G: 1.00000  C-T: 3.13184  G-T: 1.00000
Base frequencies:  A: 0.251  C: 0.197  G: 0.269  T: 0.283
Site proportion and rates:  (0.889,0.398) (0.111,5.837)
Parameters optimization took 30 rounds (2.885 sec)
Wrote distance file to... 
Computing ML distances based on estimated model parameters...
Calculating distance matrix: done in 0.168238 secs using 141.1% CPU
Computing ML distances took 0.168908 sec (of wall-clock time) 0.237937 sec (of CPU time)
Setting up auxiliary I and S matrices: done in 0.000965792 secs using 189.3% CPU
Constructing RapidNJ tree: done in 0.0308892 secs using 50.29% CPU
Computing RapidNJ tree took 0.031946 sec (of wall-clock time) 0.017511 sec (of CPU time)
Log-likelihood of RapidNJ tree: -5602.968
--------------------------------------------------------------------
|             INITIALIZING CANDIDATE TREE SET                      |
--------------------------------------------------------------------
Generating 98 parsimony trees... 2.160 second
Computing log-likelihood of 98 initial trees ... 2.453 seconds
Current best score: -5499.115

Do NNI search on 20 best initial trees
Optimizing NNI: done in 11.0562 secs using 127.5% CPU
Estimate model parameters (epsilon = 0.100)
BETTER TREE FOUND at iteration 1: -5488.178
Optimizing NNI: done in 4.39926 secs using 199% CPU
Optimizing NNI: done in 6.83318 secs using 199.1% CPU
Optimizing NNI: done in 6.20702 secs using 198.6% CPU
Optimizing NNI: done in 5.79758 secs using 198.9% CPU
Optimizing NNI: done in 7.50513 secs using 198.5% CPU
Estimate model parameters (epsilon = 0.100)
BETTER TREE FOUND at iteration 6: -5486.918
Optimizing NNI: done in 6.78498 secs using 199% CPU
Optimizing NNI: done in 5.57856 secs using 198.6% CPU
Estimate model parameters (epsilon = 0.100)
BETTER TREE FOUND at iteration 8: -5486.433
Optimizing NNI: done in 5.90753 secs using 198.9% CPU
Optimizing NNI: done in 5.47474 secs using 199.2% CPU
Iteration 10 / LogL: -5488.149 / Time: 0h:5m:12s
Optimizing NNI: done in 4.60517 secs using 198.7% CPU
Optimizing NNI: done in 6.50986 secs using 199.3% CPU
Estimate model parameters (epsilon = 0.100)
BETTER TREE FOUND at iteration 12: -5485.542
Optimizing NNI: done in 40.1987 secs using 32.42% CPU
Optimizing NNI: done in 7.50199 secs using 198.9% CPU
Optimizing NNI: done in 5.79666 secs using 199.3% CPU
Estimate model parameters (epsilon = 0.100)
BETTER TREE FOUND at iteration 15: -5483.539
Optimizing NNI: done in 8.06068 secs using 199.2% CPU
Optimizing NNI: done in 7.29871 secs using 199.1% CPU
Optimizing NNI: done in 6.88052 secs using 198.9% CPU
Optimizing NNI: done in 5.89875 secs using 198.7% CPU
Optimizing NNI: done in 4.24999 secs using 199.1% CPU
Iteration 20 / LogL: -5489.243 / Time: 0h:6m:50s
NOTE: 11.517 seconds to dump checkpoint file, increase to 231.000
Finish initializing candidate tree set (20)
Current best tree score: -5483.539 / CPU time: 180.048
Number of iterations: 20
--------------------------------------------------------------------
|               OPTIMIZING CANDIDATE TREE SET                      |
--------------------------------------------------------------------
Optimizing NNI: done in 34.2041 secs using 20.91% CPU
Optimizing NNI: done in 3.24827 secs using 199% CPU
Optimizing NNI: done in 2.44927 secs using 198.7% CPU
Optimizing NNI: done in 3.14732 secs using 199.7% CPU
Optimizing NNI: done in 3.05339 secs using 198.9% CPU
Optimizing NNI: done in 3.46929 secs using 199% CPU
Optimizing NNI: done in 2.41155 secs using 199.3% CPU
Optimizing NNI: done in 2.91214 secs using 197.9% CPU
Optimizing NNI: done in 2.31288 secs using 199.6% CPU
Optimizing NNI: done in 4.27123 secs using 198.6% CPU
Estimate model parameters (epsilon = 0.100)
BETTER TREE FOUND at iteration 30: -5482.816
Iteration 30 / LogL: -5482.816 / Time: 0h:8m:3s (0h:27m:47s left)
Optimizing NNI: done in 4.93686 secs using 198.5% CPU
Optimizing NNI: done in 2.40713 secs using 198.7% CPU
Optimizing NNI: done in 2.46543 secs using 199% CPU
Optimizing NNI: done in 1.93516 secs using 198.4% CPU
Optimizing NNI: done in 2.74235 secs using 199% CPU
Optimizing NNI: done in 2.15143 secs using 198.5% CPU
Optimizing NNI: done in 2.15868 secs using 199% CPU
Optimizing NNI: done in 2.1495 secs using 199.2% CPU
Optimizing NNI: done in 0.739096 secs using 199% CPU
Optimizing NNI: done in 3.05632 secs using 199.2% CPU
Iteration 40 / LogL: -5495.321 / Time: 0h:8m:28s (0h:19m:34s left)
Optimizing NNI: done in 2.54283 secs using 199.6% CPU
Optimizing NNI: done in 2.10052 secs using 199.2% CPU
Optimizing NNI: done in 2.26105 secs using 197.6% CPU
Optimizing NNI: done in 3.09487 secs using 198.2% CPU
Optimizing NNI: done in 2.96186 secs using 198.6% CPU
Optimizing NNI: done in 2.7837 secs using 199.4% CPU
Optimizing NNI: done in 3.10562 secs using 198.5% CPU
Optimizing NNI: done in 2.08126 secs using 199.4% CPU
Optimizing NNI: done in 3.43465 secs using 199.2% CPU
Estimate model parameters (epsilon = 0.100)
BETTER TREE FOUND at iteration 49: -5482.386
Optimizing NNI: done in 2.8668 secs using 199% CPU
Iteration 50 / LogL: -5483.669 / Time: 0h:8m:56s (0h:18m:4s left)
Log-likelihood cutoff on original alignment: -5520.951
Optimizing NNI: done in 2.42439 secs using 198.6% CPU
Optimizing NNI: done in 0.559627 secs using 197.2% CPU
Optimizing NNI: done in 3.87185 secs using 198.4% CPU
Optimizing NNI: done in 2.99297 secs using 198.5% CPU
Optimizing NNI: done in 2.5991 secs using 198.6% CPU
Optimizing NNI: done in 3.11714 secs using 199.3% CPU
Optimizing NNI: done in 2.17125 secs using 198.8% CPU
Optimizing NNI: done in 1.41853 secs using 198.2% CPU
Optimizing NNI: done in 1.71408 secs using 199.9% CPU
Optimizing NNI: done in 1.48536 secs using 197.2% CPU
Iteration 60 / LogL: -5505.839 / Time: 0h:9m:24s (0h:14m:10s left)
Optimizing NNI: done in 2.34272 secs using 198.7% CPU
Optimizing NNI: done in 1.41767 secs using 198.5% CPU
Estimate model parameters (epsilon = 0.100)
BETTER TREE FOUND at iteration 62: -5482.007
Optimizing NNI: done in 2.11853 secs using 198.3% CPU
Optimizing NNI: done in 2.78982 secs using 199.5% CPU
Optimizing NNI: done in 1.43089 secs using 198.4% CPU
Optimizing NNI: done in 1.76541 secs using 199.7% CPU
Optimizing NNI: done in 3.21525 secs using 198.5% CPU
Estimate model parameters (epsilon = 0.100)
BETTER TREE FOUND at iteration 67: -5481.958
Optimizing NNI: done in 2.667 secs using 197.9% CPU
Optimizing NNI: done in 2.23726 secs using 199.4% CPU
Optimizing NNI: done in 1.36382 secs using 198.5% CPU
Iteration 70 / LogL: -5486.844 / Time: 0h:9m:46s (0h:13m:44s left)
Optimizing NNI: done in 2.28306 secs using 198.4% CPU
Optimizing NNI: done in 1.91058 secs using 199.9% CPU
Optimizing NNI: done in 1.34624 secs using 199.2% CPU
Optimizing NNI: done in 2.87588 secs using 198.2% CPU
Optimizing NNI: done in 1.53569 secs using 198.5% CPU
Optimizing NNI: done in 2.86439 secs using 198.4% CPU
Optimizing NNI: done in 3.71471 secs using 198.4% CPU
Optimizing NNI: done in 1.65241 secs using 199.2% CPU
Optimizing NNI: done in 2.47179 secs using 199% CPU
Optimizing NNI: done in 2.47317 secs using 198.6% CPU
Iteration 80 / LogL: -5481.972 / Time: 0h:10m:10s (0h:11m:12s left)
Optimizing NNI: done in 1.50012 secs using 199.4% CPU
Optimizing NNI: done in 3.03063 secs using 199.4% CPU
Optimizing NNI: done in 2.4685 secs using 198.8% CPU
Optimizing NNI: done in 1.92863 secs using 198.9% CPU
Optimizing NNI: done in 1.69766 secs using 199.2% CPU
Optimizing NNI: done in 3.30329 secs using 198.5% CPU
Estimate model parameters (epsilon = 0.100)
BETTER TREE FOUND at iteration 86: -5481.597
Optimizing NNI: done in 2.73405 secs using 198.8% CPU
Optimizing NNI: done in 2.88712 secs using 198.5% CPU
Optimizing NNI: done in 2.37534 secs using 198.5% CPU
Optimizing NNI: done in 2.08439 secs using 198.2% CPU
Iteration 90 / LogL: -5481.982 / Time: 0h:10m:35s (0h:11m:25s left)
Optimizing NNI: done in 2.55786 secs using 198.2% CPU
Optimizing NNI: done in 2.15867 secs using 198.4% CPU
Optimizing NNI: done in 4.13915 secs using 198.4% CPU
Optimizing NNI: done in 2.96426 secs using 199.6% CPU
Optimizing NNI: done in 2.26743 secs using 198.3% CPU
BETTER TREE FOUND at iteration 95: -5481.593
Optimizing NNI: done in 1.56223 secs using 199.1% CPU
Optimizing NNI: done in 2.06066 secs using 198.8% CPU
Optimizing NNI: done in 1.38894 secs using 197.6% CPU
Optimizing NNI: done in 2.49868 secs using 198.1% CPU
Optimizing NNI: done in 1.1771 secs using 198.9% CPU
Iteration 100 / LogL: -5481.618 / Time: 0h:10m:59s (0h:10m:32s left)
Log-likelihood cutoff on original alignment: -5521.341
NOTE: Bootstrap correlation coefficient of split occurrence frequencies: 0.942
NOTE: UFBoot does not converge, continue at least 100 more iterations
Optimizing NNI: done in 2.68478 secs using 197.9% CPU
Optimizing NNI: done in 4.08007 secs using 198.3% CPU
Optimizing NNI: done in 2.8135 secs using 198.1% CPU
Optimizing NNI: done in 2.46354 secs using 198.6% CPU
Optimizing NNI: done in 4.07937 secs using 197.9% CPU
Optimizing NNI: done in 3.18465 secs using 198.6% CPU
Estimate model parameters (epsilon = 0.100)
BETTER TREE FOUND at iteration 106: -5481.371
Optimizing NNI: done in 2.64732 secs using 198.6% CPU
Optimizing NNI: done in 4.83988 secs using 198.7% CPU
Optimizing NNI: done in 2.71403 secs using 198% CPU
Optimizing NNI: done in 3.96226 secs using 198% CPU
Iteration 110 / LogL: -5496.215 / Time: 0h:11m:38s (0h:10m:15s left)
Optimizing NNI: done in 3.76099 secs using 198.3% CPU
Optimizing NNI: done in 4.62761 secs using 198.9% CPU
Optimizing NNI: done in 3.77829 secs using 197.9% CPU
Optimizing NNI: done in 2.89903 secs using 198.4% CPU
Optimizing NNI: done in 2.21623 secs using 198.2% CPU
Optimizing NNI: done in 1.59065 secs using 198.2% CPU
Optimizing NNI: done in 3.68819 secs using 198.5% CPU
Optimizing NNI: done in 1.65797 secs using 198.4% CPU
Optimizing NNI: done in 2.4917 secs using 198.7% CPU
Optimizing NNI: done in 1.7914 secs using 198.9% CPU
Iteration 120 / LogL: -5500.374 / Time: 0h:12m:8s (0h:8m:46s left)
Optimizing NNI: done in 0.751619 secs using 197.8% CPU
Optimizing NNI: done in 1.43573 secs using 199.5% CPU
Optimizing NNI: done in 2.98495 secs using 199.6% CPU
Optimizing NNI: done in 2.98609 secs using 198.8% CPU
BETTER TREE FOUND at iteration 124: -5481.366
Optimizing NNI: done in 2.12951 secs using 199% CPU
Optimizing NNI: done in 2.65329 secs using 198.6% CPU
Optimizing NNI: done in 3.78016 secs using 198.9% CPU
Optimizing NNI: done in 2.47662 secs using 198.7% CPU
Optimizing NNI: done in 2.22171 secs using 198.3% CPU
Optimizing NNI: done in 1.39921 secs using 199.2% CPU
Iteration 130 / LogL: -5482.344 / Time: 0h:12m:32s (0h:9m:8s left)
Optimizing NNI: done in 2.31986 secs using 199.3% CPU
Optimizing NNI: done in 3.43087 secs using 198.6% CPU
Optimizing NNI: done in 3.60055 secs using 198.5% CPU
Optimizing NNI: done in 2.33369 secs using 198.2% CPU
Optimizing NNI: done in 2.8509 secs using 198.8% CPU
Optimizing NNI: done in 4.17146 secs using 199.1% CPU
Optimizing NNI: done in 2.88537 secs using 198.8% CPU
Optimizing NNI: done in 2.6766 secs using 199.5% CPU
Optimizing NNI: done in 3.37443 secs using 199.1% CPU
Optimizing NNI: done in 2.74405 secs using 199% CPU
Iteration 140 / LogL: -5481.379 / Time: 0h:13m:4s (0h:7m:54s left)
Optimizing NNI: done in 0.868816 secs using 196.7% CPU
Optimizing NNI: done in 1.90606 secs using 198.4% CPU
Optimizing NNI: done in 3.28885 secs using 198.8% CPU
Optimizing NNI: done in 3.98107 secs using 198.9% CPU
Optimizing NNI: done in 4.43991 secs using 199.1% CPU
Optimizing NNI: done in 1.37277 secs using 198.5% CPU
Optimizing NNI: done in 3.73091 secs using 198.6% CPU
Optimizing NNI: done in 2.42651 secs using 198.4% CPU
Optimizing NNI: done in 1.75755 secs using 199.2% CPU
Optimizing NNI: done in 2.1412 secs using 198.8% CPU
Iteration 150 / LogL: -5481.383 / Time: 0h:13m:31s (0h:6m:43s left)
Log-likelihood cutoff on original alignment: -5520.951
Optimizing NNI: done in 2.71559 secs using 199.2% CPU
Optimizing NNI: done in 1.93886 secs using 199.4% CPU
Optimizing NNI: done in 2.18113 secs using 198.6% CPU
BETTER TREE FOUND at iteration 153: -5481.366
Optimizing NNI: done in 2.12739 secs using 198.7% CPU
Optimizing NNI: done in 2.81157 secs using 199.6% CPU
Optimizing NNI: done in 2.96306 secs using 198.3% CPU
Optimizing NNI: done in 2.62229 secs using 198.6% CPU
Optimizing NNI: done in 2.07648 secs using 199% CPU
Optimizing NNI: done in 2.98642 secs using 198.8% CPU
Optimizing NNI: done in 4.22271 secs using 197.9% CPU
Iteration 160 / LogL: -5492.975 / Time: 0h:14m:4s (0h:8m:14s left)
Optimizing NNI: done in 2.68405 secs using 199.5% CPU
Optimizing NNI: done in 3.79175 secs using 198.6% CPU
Optimizing NNI: done in 4.19634 secs using 198.2% CPU
Optimizing NNI: done in 2.15478 secs using 199.1% CPU
Optimizing NNI: done in 3.41783 secs using 198.4% CPU
Optimizing NNI: done in 4.23958 secs using 198.9% CPU
Optimizing NNI: done in 2.9576 secs using 198.9% CPU
Optimizing NNI: done in 2.18005 secs using 197.8% CPU
Optimizing NNI: done in 2.76149 secs using 198.6% CPU
Optimizing NNI: done in 2.23191 secs using 199.3% CPU
Iteration 170 / LogL: -5487.041 / Time: 0h:14m:37s (0h:7m:10s left)
Optimizing NNI: done in 2.36572 secs using 198.9% CPU
Optimizing NNI: done in 2.18544 secs using 199.4% CPU
Optimizing NNI: done in 2.79821 secs using 198.9% CPU
Optimizing NNI: done in 2.38881 secs using 198.6% CPU
Optimizing NNI: done in 2.86306 secs using 199.6% CPU
Optimizing NNI: done in 1.47359 secs using 198.8% CPU
Optimizing NNI: done in 1.59299 secs using 198.7% CPU
Optimizing NNI: done in 3.72344 secs using 198.8% CPU
Optimizing NNI: done in 2.00818 secs using 198.8% CPU
Optimizing NNI: done in 2.31272 secs using 199.4% CPU
Iteration 180 / LogL: -5492.473 / Time: 0h:15m:3s (0h:6m:8s left)
Optimizing NNI: done in 2.40284 secs using 199.5% CPU
Optimizing NNI: done in 1.8123 secs using 198.4% CPU
Optimizing NNI: done in 3.20868 secs using 199% CPU
Optimizing NNI: done in 3.16328 secs using 199.4% CPU
Optimizing NNI: done in 2.52104 secs using 199% CPU
Optimizing NNI: done in 3.16783 secs using 199.2% CPU
Optimizing NNI: done in 1.56295 secs using 198.3% CPU
Optimizing NNI: done in 2.12511 secs using 199% CPU
Optimizing NNI: done in 0.794172 secs using 197.2% CPU
Optimizing NNI: done in 1.79308 secs using 199.7% CPU
Iteration 190 / LogL: -5481.384 / Time: 0h:15m:27s (0h:5m:9s left)
Optimizing NNI: done in 2.38663 secs using 198.2% CPU
Optimizing NNI: done in 2.49419 secs using 198.5% CPU
BETTER TREE FOUND at iteration 192: -5481.365
Optimizing NNI: done in 1.66719 secs using 199.1% CPU
Optimizing NNI: done in 2.24045 secs using 198.2% CPU
Optimizing NNI: done in 2.63875 secs using 199.1% CPU
Optimizing NNI: done in 2.39722 secs using 199.3% CPU
Optimizing NNI: done in 2.55625 secs using 197.8% CPU
Optimizing NNI: done in 2.97115 secs using 198.8% CPU
Optimizing NNI: done in 2.04068 secs using 198% CPU
Optimizing NNI: done in 2.03352 secs using 198.5% CPU
Iteration 200 / LogL: -5486.864 / Time: 0h:15m:52s (0h:7m:20s left)
Log-likelihood cutoff on original alignment: -5521.581
NOTE: Bootstrap correlation coefficient of split occurrence frequencies: 0.980
NOTE: UFBoot does not converge, continue at least 100 more iterations
Optimizing NNI: done in 2.00991 secs using 199.1% CPU
Optimizing NNI: done in 2.24382 secs using 199.1% CPU
Optimizing NNI: done in 2.10166 secs using 198.8% CPU
Optimizing NNI: done in 2.83271 secs using 198.7% CPU
Optimizing NNI: done in 2.53563 secs using 199.2% CPU
Optimizing NNI: done in 1.96879 secs using 199.1% CPU
Optimizing NNI: done in 3.17468 secs using 199.2% CPU
Optimizing NNI: done in 2.92713 secs using 198% CPU
Optimizing NNI: done in 3.27725 secs using 198.9% CPU
Optimizing NNI: done in 1.64766 secs using 199.5% CPU
Iteration 210 / LogL: -5481.386 / Time: 0h:16m:24s (0h:7m:3s left)
Optimizing NNI: done in 2.09936 secs using 198.5% CPU
Optimizing NNI: done in 2.06594 secs using 198.4% CPU
Optimizing NNI: done in 4.02027 secs using 199.5% CPU
Optimizing NNI: done in 2.90603 secs using 198.5% CPU
Optimizing NNI: done in 1.65151 secs using 198.1% CPU
Optimizing NNI: done in 5.38192 secs using 198.3% CPU
Optimizing NNI: done in 3.63569 secs using 198.3% CPU
Optimizing NNI: done in 4.56291 secs using 198.2% CPU
Optimizing NNI: done in 4.61732 secs using 198.1% CPU
Optimizing NNI: done in 2.11934 secs using 198.7% CPU
Iteration 220 / LogL: -5481.384 / Time: 0h:16m:59s (0h:6m:12s left)
Optimizing NNI: done in 2.83897 secs using 197.9% CPU
Optimizing NNI: done in 4.45807 secs using 198.4% CPU
Optimizing NNI: done in 2.79968 secs using 198.7% CPU
Optimizing NNI: done in 4.57099 secs using 198.4% CPU
Optimizing NNI: done in 3.04101 secs using 198.6% CPU
Optimizing NNI: done in 2.61777 secs using 197.6% CPU
Optimizing NNI: done in 2.62999 secs using 199.1% CPU
BETTER TREE FOUND at iteration 227: -5481.364
Optimizing NNI: done in 2.5779 secs using 198.8% CPU
Optimizing NNI: done in 1.91939 secs using 199% CPU
Optimizing NNI: done in 2.67985 secs using 197.9% CPU
Iteration 230 / LogL: -5495.552 / Time: 0h:17m:32s (0h:7m:25s left)
Optimizing NNI: done in 3.07612 secs using 197.9% CPU
Optimizing NNI: done in 2.60361 secs using 198.8% CPU
Optimizing NNI: done in 3.49093 secs using 198.9% CPU
Optimizing NNI: done in 2.27394 secs using 199.4% CPU
Optimizing NNI: done in 3.30475 secs using 197.4% CPU
Optimizing NNI: done in 2.89775 secs using 198.7% CPU
Optimizing NNI: done in 1.13936 secs using 197.5% CPU
Optimizing NNI: done in 3.39846 secs using 197.8% CPU
Optimizing NNI: done in 2.76321 secs using 198.4% CPU
Optimizing NNI: done in 3.41231 secs using 199% CPU
Iteration 240 / LogL: -5481.373 / Time: 0h:18m:3s (0h:6m:34s left)
Optimizing NNI: done in 3.07211 secs using 198.4% CPU
Optimizing NNI: done in 2.94482 secs using 198.2% CPU
Optimizing NNI: done in 3.21487 secs using 198% CPU
Optimizing NNI: done in 2.8871 secs using 199.2% CPU
Optimizing NNI: done in 2.92766 secs using 198.3% CPU
Optimizing NNI: done in 2.95024 secs using 198.4% CPU
Optimizing NNI: done in 3.93002 secs using 197.6% CPU
Optimizing NNI: done in 2.42877 secs using 198.3% CPU
Optimizing NNI: done in 3.94671 secs using 198.3% CPU
Optimizing NNI: done in 2.32976 secs using 198.2% CPU
Iteration 250 / LogL: -5481.473 / Time: 0h:18m:36s (0h:5m:45s left)
Log-likelihood cutoff on original alignment: -5520.951
Optimizing NNI: done in 3.20857 secs using 197.8% CPU
Optimizing NNI: done in 4.02042 secs using 198.1% CPU
Optimizing NNI: done in 2.89885 secs using 198.6% CPU
Optimizing NNI: done in 4.65548 secs using 199.2% CPU
Optimizing NNI: done in 2.27738 secs using 197.6% CPU
Optimizing NNI: done in 1.78759 secs using 197.1% CPU
Optimizing NNI: done in 3.94779 secs using 198.5% CPU
Optimizing NNI: done in 2.52506 secs using 198.7% CPU
Optimizing NNI: done in 1.14624 secs using 198.4% CPU
Optimizing NNI: done in 2.59694 secs using 199.7% CPU
Iteration 260 / LogL: -5481.370 / Time: 0h:19m:12s (0h:4m:58s left)
Optimizing NNI: done in 2.50388 secs using 198.5% CPU
Optimizing NNI: done in 3.17539 secs using 199.1% CPU
Optimizing NNI: done in 4.11725 secs using 198.8% CPU
Optimizing NNI: done in 2.6793 secs using 197.9% CPU
Optimizing NNI: done in 3.39488 secs using 198.5% CPU
Optimizing NNI: done in 2.5453 secs using 198.3% CPU
BETTER TREE FOUND at iteration 266: -5481.361
Optimizing NNI: done in 3.18864 secs using 198.4% CPU
Optimizing NNI: done in 2.80219 secs using 198.2% CPU
Optimizing NNI: done in 3.89734 secs using 198.1% CPU
Optimizing NNI: done in 2.53193 secs using 197.8% CPU
Iteration 270 / LogL: -5485.061 / Time: 0h:19m:46s (0h:7m:3s left)
Optimizing NNI: done in 2.50144 secs using 198.2% CPU
Optimizing NNI: done in 0.845391 secs using 196% CPU
Optimizing NNI: done in 4.01967 secs using 198.2% CPU
Optimizing NNI: done in 2.39131 secs using 197.7% CPU
Optimizing NNI: done in 2.19949 secs using 198.7% CPU
Optimizing NNI: done in 2.1473 secs using 198.9% CPU
Optimizing NNI: done in 2.60747 secs using 198.6% CPU
Optimizing NNI: done in 3.1018 secs using 199% CPU
Optimizing NNI: done in 2.38421 secs using 198.9% CPU
Optimizing NNI: done in 2.07567 secs using 199.6% CPU
Iteration 280 / LogL: -5486.722 / Time: 0h:20m:14s (0h:6m:14s left)
Optimizing NNI: done in 1.61293 secs using 196.9% CPU
Optimizing NNI: done in 2.45107 secs using 198.9% CPU
Optimizing NNI: done in 3.03167 secs using 198.7% CPU
Optimizing NNI: done in 4.07196 secs using 198.2% CPU
Optimizing NNI: done in 3.35193 secs using 199.3% CPU
Optimizing NNI: done in 2.29537 secs using 199.3% CPU
Optimizing NNI: done in 2.11605 secs using 199% CPU
Optimizing NNI: done in 1.89003 secs using 198.2% CPU
Optimizing NNI: done in 3.39658 secs using 198.9% CPU
Optimizing NNI: done in 1.57786 secs using 196.6% CPU
Iteration 290 / LogL: -5501.268 / Time: 0h:20m:42s (0h:5m:26s left)
Optimizing NNI: done in 1.43061 secs using 199% CPU
Optimizing NNI: done in 3.18295 secs using 198.3% CPU
Optimizing NNI: done in 3.12757 secs using 199.3% CPU
Optimizing NNI: done in 2.58252 secs using 198.5% CPU
Optimizing NNI: done in 3.15208 secs using 198.6% CPU
Optimizing NNI: done in 2.19444 secs using 199% CPU
Optimizing NNI: done in 2.28014 secs using 199.1% CPU
Optimizing NNI: done in 2.05708 secs using 199.2% CPU
Optimizing NNI: done in 3.52486 secs using 199.4% CPU
Optimizing NNI: done in 4.34539 secs using 198.5% CPU
Iteration 300 / LogL: -5481.377 / Time: 0h:21m:13s (0h:4m:41s left)
Log-likelihood cutoff on original alignment: -5520.951
NOTE: Bootstrap correlation coefficient of split occurrence frequencies: 0.945
NOTE: UFBoot does not converge, continue at least 100 more iterations
Optimizing NNI: done in 2.20381 secs using 198% CPU
Optimizing NNI: done in 2.68554 secs using 198.6% CPU
Optimizing NNI: done in 2.8392 secs using 199.4% CPU
Optimizing NNI: done in 0.734502 secs using 198.6% CPU
Optimizing NNI: done in 2.5928 secs using 198.9% CPU
Optimizing NNI: done in 1.76407 secs using 197.7% CPU
Optimizing NNI: done in 2.34332 secs using 199% CPU
Optimizing NNI: done in 2.28321 secs using 198.4% CPU
Optimizing NNI: done in 1.24613 secs using 198.5% CPU
Optimizing NNI: done in 2.29771 secs using 199% CPU
Iteration 310 / LogL: -5481.369 / Time: 0h:21m:42s (0h:6m:19s left)
Optimizing NNI: done in 3.01577 secs using 199.1% CPU
Optimizing NNI: done in 3.22343 secs using 198.3% CPU
Optimizing NNI: done in 1.08876 secs using 197.3% CPU
Optimizing NNI: done in 3.4425 secs using 199.3% CPU
Optimizing NNI: done in 2.4157 secs using 199.3% CPU
Optimizing NNI: done in 2.54079 secs using 198.5% CPU
Optimizing NNI: done in 2.10781 secs using 199% CPU
Optimizing NNI: done in 3.04392 secs using 199.2% CPU
Optimizing NNI: done in 2.00144 secs using 198.7% CPU
Optimizing NNI: done in 2.66583 secs using 198.6% CPU
Iteration 320 / LogL: -5481.364 / Time: 0h:22m:11s (0h:5m:33s left)
Optimizing NNI: done in 2.21473 secs using 198.2% CPU
Optimizing NNI: done in 2.7101 secs using 198.9% CPU
Optimizing NNI: done in 3.16254 secs using 199.4% CPU
Estimate model parameters (epsilon = 0.100)
BETTER TREE FOUND at iteration 323: -5480.344
Optimizing NNI: done in 2.63261 secs using 198.6% CPU
Optimizing NNI: done in 3.49031 secs using 199.2% CPU
Optimizing NNI: done in 1.98401 secs using 198.2% CPU
Optimizing NNI: done in 2.49929 secs using 198.6% CPU
Optimizing NNI: done in 2.95352 secs using 198.7% CPU
Optimizing NNI: done in 2.46396 secs using 198.7% CPU
Optimizing NNI: done in 2.49279 secs using 198.7% CPU
Iteration 330 / LogL: -5481.957 / Time: 0h:22m:41s (0h:6m:24s left)
Optimizing NNI: done in 2.77317 secs using 198.8% CPU
Optimizing NNI: done in 2.62422 secs using 198.8% CPU
Optimizing NNI: done in 2.70134 secs using 199.3% CPU
BETTER TREE FOUND at iteration 333: -5480.341
Optimizing NNI: done in 3.06309 secs using 198.3% CPU
Optimizing NNI: done in 2.44358 secs using 199.2% CPU
Optimizing NNI: done in 3.83252 secs using 199% CPU
Optimizing NNI: done in 2.5441 secs using 198.4% CPU
Optimizing NNI: done in 1.64066 secs using 200% CPU
Optimizing NNI: done in 3.76938 secs using 198.3% CPU
Optimizing NNI: done in 2.04794 secs using 198.2% CPU
Iteration 340 / LogL: -5494.536 / Time: 0h:23m:12s (0h:6m:22s left)
Optimizing NNI: done in 1.29708 secs using 197.4% CPU
Optimizing NNI: done in 3.77379 secs using 198.5% CPU
Optimizing NNI: done in 2.47316 secs using 199.5% CPU
Optimizing NNI: done in 3.52971 secs using 198.6% CPU
Optimizing NNI: done in 3.47913 secs using 197.9% CPU
Optimizing NNI: done in 2.55159 secs using 197.8% CPU
Optimizing NNI: done in 5.12774 secs using 198.3% CPU
Optimizing NNI: done in 2.65212 secs using 199.2% CPU
Optimizing NNI: done in 1.17453 secs using 198.4% CPU
Optimizing NNI: done in 2.65488 secs using 197.9% CPU
Iteration 350 / LogL: -5484.454 / Time: 0h:23m:44s (0h:5m:38s left)
Log-likelihood cutoff on original alignment: -5520.951
Optimizing NNI: done in 3.85481 secs using 198.3% CPU
Optimizing NNI: done in 3.96825 secs using 198.6% CPU
Optimizing NNI: done in 2.42939 secs using 198.6% CPU
Optimizing NNI: done in 1.09973 secs using 199.6% CPU
Optimizing NNI: done in 5.1673 secs using 199.1% CPU
Optimizing NNI: done in 3.22905 secs using 199.1% CPU
Optimizing NNI: done in 3.15717 secs using 198.4% CPU
Optimizing NNI: done in 2.39634 secs using 199.5% CPU
Optimizing NNI: done in 2.63474 secs using 198.8% CPU
BETTER TREE FOUND at iteration 359: -5480.336
Optimizing NNI: done in 2.57332 secs using 199% CPU
Iteration 360 / LogL: -5480.345 / Time: 0h:24m:24s (0h:6m:43s left)
Optimizing NNI: done in 2.31574 secs using 198.1% CPU
Optimizing NNI: done in 2.71612 secs using 198.6% CPU
Optimizing NNI: done in 1.95983 secs using 198.2% CPU
Optimizing NNI: done in 2.99255 secs using 198.6% CPU
Optimizing NNI: done in 2.62788 secs using 198% CPU
Optimizing NNI: done in 2.99299 secs using 198.2% CPU
Optimizing NNI: done in 2.21563 secs using 197.8% CPU
Optimizing NNI: done in 1.88412 secs using 198.7% CPU
Optimizing NNI: done in 2.24372 secs using 198.8% CPU
Optimizing NNI: done in 3.10722 secs using 199.1% CPU
Iteration 370 / LogL: -5484.446 / Time: 0h:24m:53s (0h:6m:0s left)
Optimizing NNI: done in 2.72741 secs using 198.1% CPU
Optimizing NNI: done in 2.41173 secs using 198.5% CPU
Optimizing NNI: done in 4.33711 secs using 198.2% CPU
Optimizing NNI: done in 2.53329 secs using 199.1% CPU
Optimizing NNI: done in 2.50153 secs using 198.5% CPU
Optimizing NNI: done in 1.55532 secs using 198.7% CPU
Optimizing NNI: done in 4.10628 secs using 199% CPU
Optimizing NNI: done in 1.94067 secs using 198.7% CPU
Optimizing NNI: done in 1.03552 secs using 198.8% CPU
Optimizing NNI: done in 2.69924 secs using 199.4% CPU
Iteration 380 / LogL: -5481.195 / Time: 0h:25m:23s (0h:5m:17s left)
Optimizing NNI: done in 1.87924 secs using 198.7% CPU
Optimizing NNI: done in 2.83417 secs using 198.9% CPU
Optimizing NNI: done in 3.05334 secs using 198.6% CPU
Optimizing NNI: done in 3.29611 secs using 198.5% CPU
Optimizing NNI: done in 3.66887 secs using 198.8% CPU
Optimizing NNI: done in 2.90049 secs using 198.6% CPU
Optimizing NNI: done in 3.99251 secs using 198.4% CPU
Optimizing NNI: done in 0.828651 secs using 197.3% CPU
Optimizing NNI: done in 2.14715 secs using 198.7% CPU
Optimizing NNI: done in 4.36412 secs using 198.4% CPU
Iteration 390 / LogL: -5480.349 / Time: 0h:25m:56s (0h:4m:36s left)
Optimizing NNI: done in 3.01817 secs using 198.5% CPU
BETTER TREE FOUND at iteration 391: -5480.335
Optimizing NNI: done in 3.26055 secs using 198.5% CPU
Optimizing NNI: done in 1.63804 secs using 198.4% CPU
Optimizing NNI: done in 2.51778 secs using 198.3% CPU
Optimizing NNI: done in 1.12286 secs using 199% CPU
Optimizing NNI: done in 1.99059 secs using 199% CPU
Optimizing NNI: done in 2.57286 secs using 199.2% CPU
Optimizing NNI: done in 3.15432 secs using 199.2% CPU
Optimizing NNI: done in 2.10245 secs using 198.9% CPU
Optimizing NNI: done in 3.13289 secs using 198.8% CPU
Iteration 400 / LogL: -5480.347 / Time: 0h:26m:25s (0h:6m:1s left)
Log-likelihood cutoff on original alignment: -5520.951
NOTE: Bootstrap correlation coefficient of split occurrence frequencies: 0.950
NOTE: UFBoot does not converge, continue at least 100 more iterations
Optimizing NNI: done in 1.61037 secs using 197.9% CPU
Optimizing NNI: done in 3.38358 secs using 199.1% CPU
Optimizing NNI: done in 3.07101 secs using 198.1% CPU
Optimizing NNI: done in 3.15546 secs using 198.6% CPU
Optimizing NNI: done in 2.6847 secs using 198.5% CPU
Optimizing NNI: done in 2.98334 secs using 198.1% CPU
Optimizing NNI: done in 2.79218 secs using 198.7% CPU
Optimizing NNI: done in 3.43162 secs using 198.7% CPU
Optimizing NNI: done in 1.25973 secs using 198.1% CPU
Optimizing NNI: done in 6.23637 secs using 198.2% CPU
Iteration 410 / LogL: -5485.455 / Time: 0h:27m:5s (0h:5m:57s left)
Optimizing NNI: done in 1.8439 secs using 198.2% CPU
Optimizing NNI: done in 3.45727 secs using 198.2% CPU
Optimizing NNI: done in 3.34799 secs using 199.3% CPU
BETTER TREE FOUND at iteration 413: -5480.332
Optimizing NNI: done in 2.84536 secs using 197.5% CPU
Optimizing NNI: done in 4.54961 secs using 198.3% CPU
Optimizing NNI: done in 2.40066 secs using 197.2% CPU
Optimizing NNI: done in 4.03492 secs using 198.6% CPU
Optimizing NNI: done in 3.62798 secs using 198.9% CPU
Optimizing NNI: done in 3.0872 secs using 198.6% CPU
Optimizing NNI: done in 3.25445 secs using 198.5% CPU
Iteration 420 / LogL: -5480.339 / Time: 0h:27m:42s (0h:6m:8s left)
Optimizing NNI: done in 1.324 secs using 198.2% CPU
Optimizing NNI: done in 2.33576 secs using 199% CPU
Optimizing NNI: done in 2.28725 secs using 199.1% CPU
Optimizing NNI: done in 1.21915 secs using 199% CPU
Optimizing NNI: done in 1.8934 secs using 198.6% CPU
Optimizing NNI: done in 2.21511 secs using 199.1% CPU
Optimizing NNI: done in 2.68096 secs using 198.6% CPU
Optimizing NNI: done in 1.8106 secs using 199.4% CPU
Optimizing NNI: done in 2.54477 secs using 198.7% CPU
Optimizing NNI: done in 2.12304 secs using 199.1% CPU
Iteration 430 / LogL: -5482.824 / Time: 0h:28m:7s (0h:5m:26s left)
Optimizing NNI: done in 2.26822 secs using 199.6% CPU
Optimizing NNI: done in 2.70659 secs using 198.7% CPU
Optimizing NNI: done in 2.50513 secs using 198.6% CPU
Optimizing NNI: done in 2.28239 secs using 199.3% CPU
Optimizing NNI: done in 2.13488 secs using 197.8% CPU
Optimizing NNI: done in 2.33033 secs using 199.4% CPU
Optimizing NNI: done in 1.7597 secs using 199.1% CPU
Optimizing NNI: done in 3.46726 secs using 199% CPU
Optimizing NNI: done in 3.17439 secs using 197.9% CPU
Optimizing NNI: done in 1.85224 secs using 198.2% CPU
Iteration 440 / LogL: -5507.108 / Time: 0h:28m:36s (0h:4m:45s left)
Optimizing NNI: done in 1.84091 secs using 198.6% CPU
Optimizing NNI: done in 2.19229 secs using 198.5% CPU
Optimizing NNI: done in 4.24703 secs using 199.1% CPU
Optimizing NNI: done in 2.20107 secs using 199% CPU
Optimizing NNI: done in 4.57034 secs using 198.7% CPU
Optimizing NNI: done in 2.35136 secs using 198.8% CPU
Optimizing NNI: done in 3.56759 secs using 199.1% CPU
Optimizing NNI: done in 1.70316 secs using 198.8% CPU
Optimizing NNI: done in 1.97264 secs using 198.1% CPU
Optimizing NNI: done in 3.92096 secs using 198.6% CPU
Iteration 450 / LogL: -5480.347 / Time: 0h:29m:9s (0h:4m:5s left)
Log-likelihood cutoff on original alignment: -5520.951
Optimizing NNI: done in 3.88992 secs using 199.1% CPU
Optimizing NNI: done in 3.99892 secs using 198.9% CPU
Optimizing NNI: done in 3.37122 secs using 199% CPU
Optimizing NNI: done in 2.75011 secs using 198.1% CPU
Optimizing NNI: done in 3.58774 secs using 199.4% CPU
Optimizing NNI: done in 2.31953 secs using 199.5% CPU
Optimizing NNI: done in 1.41349 secs using 197.6% CPU
Optimizing NNI: done in 3.29786 secs using 198.5% CPU
Optimizing NNI: done in 2.02958 secs using 199.1% CPU
Optimizing NNI: done in 3.49213 secs using 198.6% CPU
Iteration 460 / LogL: -5486.299 / Time: 0h:29m:49s (0h:3m:26s left)
Optimizing NNI: done in 1.77737 secs using 199.4% CPU
Optimizing NNI: done in 2.41204 secs using 199% CPU
Optimizing NNI: done in 1.88702 secs using 197.7% CPU
Optimizing NNI: done in 3.09363 secs using 198.5% CPU
Optimizing NNI: done in 2.69504 secs using 199.5% CPU
Optimizing NNI: done in 3.28523 secs using 198.8% CPU
Optimizing NNI: done in 4.90845 secs using 199.4% CPU
Optimizing NNI: done in 3.58002 secs using 198.8% CPU
Optimizing NNI: done in 3.43842 secs using 199.3% CPU
Optimizing NNI: done in 3.21382 secs using 198.5% CPU
Iteration 470 / LogL: -5494.515 / Time: 0h:30m:25s (0h:2m:47s left)
Optimizing NNI: done in 3.05549 secs using 198.4% CPU
Optimizing NNI: done in 2.42989 secs using 199.4% CPU
Optimizing NNI: done in 1.93788 secs using 197.8% CPU
Optimizing NNI: done in 2.04947 secs using 198.7% CPU
Optimizing NNI: done in 0.933976 secs using 197.5% CPU
Optimizing NNI: done in 1.36035 secs using 199% CPU
Optimizing NNI: done in 3.59259 secs using 197.7% CPU
Optimizing NNI: done in 2.81475 secs using 199.2% CPU
Optimizing NNI: done in 3.21607 secs using 198.5% CPU
Optimizing NNI: done in 3.43391 secs using 199.2% CPU
Iteration 480 / LogL: -5480.343 / Time: 0h:30m:55s (0h:2m:7s left)
Optimizing NNI: done in 2.56638 secs using 198.9% CPU
Optimizing NNI: done in 3.15931 secs using 199.4% CPU
Optimizing NNI: done in 2.80965 secs using 199% CPU
Optimizing NNI: done in 2.67849 secs using 199.4% CPU
Optimizing NNI: done in 2.91285 secs using 198.7% CPU
Optimizing NNI: done in 2.89435 secs using 198.5% CPU
Optimizing NNI: done in 2.67961 secs using 199.2% CPU
Optimizing NNI: done in 4.44397 secs using 198.7% CPU
Optimizing NNI: done in 3.57173 secs using 198.8% CPU
Optimizing NNI: done in 3.30697 secs using 199.6% CPU
Iteration 490 / LogL: -5488.007 / Time: 0h:31m:31s (0h:1m:28s left)
Optimizing NNI: done in 1.90139 secs using 199.5% CPU
Optimizing NNI: done in 2.60775 secs using 199.2% CPU
Optimizing NNI: done in 2.34526 secs using 199.2% CPU
Optimizing NNI: done in 1.66702 secs using 199.3% CPU
Optimizing NNI: done in 2.97753 secs using 199.1% CPU
Optimizing NNI: done in 2.21433 secs using 199% CPU
Optimizing NNI: done in 0.676529 secs using 196.3% CPU
Optimizing NNI: done in 3.09541 secs using 198.2% CPU
Optimizing NNI: done in 3.17708 secs using 198.8% CPU
Optimizing NNI: done in 2.88599 secs using 198.9% CPU
Iteration 500 / LogL: -5482.878 / Time: 0h:32m:0s (0h:0m:50s left)
Log-likelihood cutoff on original alignment: -5520.951
NOTE: Bootstrap correlation coefficient of split occurrence frequencies: 0.952
NOTE: UFBoot does not converge, continue at least 100 more iterations
Optimizing NNI: done in 4.65727 secs using 199.1% CPU
Optimizing NNI: done in 1.97508 secs using 198.3% CPU
Optimizing NNI: done in 0.762317 secs using 199.1% CPU
Optimizing NNI: done in 4.06929 secs using 199% CPU
Optimizing NNI: done in 2.69754 secs using 199% CPU
Optimizing NNI: done in 2.13702 secs using 199.9% CPU
Optimizing NNI: done in 3.3708 secs using 198.5% CPU
Optimizing NNI: done in 3.02624 secs using 199.1% CPU
Optimizing NNI: done in 4.69698 secs using 198.8% CPU
Optimizing NNI: done in 3.78059 secs using 198.9% CPU
Iteration 510 / LogL: -5480.346 / Time: 0h:32m:41s (0h:5m:46s left)
Optimizing NNI: done in 2.65614 secs using 198.6% CPU
Optimizing NNI: done in 2.90377 secs using 198.9% CPU
Optimizing NNI: done in 1.8873 secs using 198.9% CPU
Optimizing NNI: done in 1.55792 secs using 197.8% CPU
Optimizing NNI: done in 4.21264 secs using 198.9% CPU
Optimizing NNI: done in 2.30596 secs using 198.5% CPU
Optimizing NNI: done in 2.1769 secs using 198.3% CPU
Optimizing NNI: done in 3.14429 secs using 198.2% CPU
Optimizing NNI: done in 2.42333 secs using 198.5% CPU
Optimizing NNI: done in 2.31833 secs using 198.5% CPU
Iteration 520 / LogL: -5480.344 / Time: 0h:33m:12s (0h:5m:7s left)
Optimizing NNI: done in 2.48878 secs using 199.3% CPU
Optimizing NNI: done in 3.61128 secs using 199% CPU
Optimizing NNI: done in 2.80585 secs using 199.1% CPU
Optimizing NNI: done in 2.78453 secs using 199.2% CPU
Optimizing NNI: done in 4.58102 secs using 198.6% CPU
Optimizing NNI: done in 0.218448 secs using 193% CPU
Optimizing NNI: done in 2.08978 secs using 198.5% CPU
Optimizing NNI: done in 2.45999 secs using 198.7% CPU
Optimizing NNI: done in 2.96798 secs using 198.5% CPU
Optimizing NNI: done in 3.54317 secs using 197.4% CPU
Iteration 530 / LogL: -5480.341 / Time: 0h:33m:46s (0h:4m:28s left)
Optimizing NNI: done in 3.23609 secs using 198.9% CPU
Optimizing NNI: done in 1.12538 secs using 198% CPU
Optimizing NNI: done in 2.12988 secs using 199.3% CPU
Optimizing NNI: done in 3.59213 secs using 199.1% CPU
Optimizing NNI: done in 2.65251 secs using 198.1% CPU
Optimizing NNI: done in 2.77906 secs using 198.8% CPU
Optimizing NNI: done in 2.84438 secs using 197.4% CPU
Optimizing NNI: done in 2.38653 secs using 198.7% CPU
Optimizing NNI: done in 1.53998 secs using 197.8% CPU
Optimizing NNI: done in 2.57914 secs using 198.7% CPU
Iteration 540 / LogL: -5481.201 / Time: 0h:34m:17s (0h:3m:48s left)
Optimizing NNI: done in 3.52843 secs using 198.8% CPU
Optimizing NNI: done in 2.67938 secs using 198.5% CPU
Optimizing NNI: done in 1.98675 secs using 198.8% CPU
Optimizing NNI: done in 2.46399 secs using 198.7% CPU
Optimizing NNI: done in 2.94904 secs using 198.2% CPU
Optimizing NNI: done in 2.90616 secs using 198.5% CPU
Optimizing NNI: done in 2.62331 secs using 199.1% CPU
Optimizing NNI: done in 4.57957 secs using 199% CPU
Optimizing NNI: done in 2.74824 secs using 198.8% CPU
Optimizing NNI: done in 2.45951 secs using 198.5% CPU
Iteration 550 / LogL: -5480.339 / Time: 0h:34m:51s (0h:3m:10s left)
Log-likelihood cutoff on original alignment: -5520.951
Optimizing NNI: done in 3.67838 secs using 198.4% CPU
Optimizing NNI: done in 3.65439 secs using 199.1% CPU
Optimizing NNI: done in 2.5684 secs using 198.2% CPU
Optimizing NNI: done in 2.87665 secs using 198.5% CPU
Optimizing NNI: done in 2.38137 secs using 199.1% CPU
Optimizing NNI: done in 4.12429 secs using 199.1% CPU
Optimizing NNI: done in 2.68978 secs using 198.7% CPU
Optimizing NNI: done in 2.43954 secs using 198% CPU
Optimizing NNI: done in 2.56373 secs using 198.6% CPU
Optimizing NNI: done in 2.31318 secs using 198.2% CPU
Iteration 560 / LogL: -5480.398 / Time: 0h:35m:32s (0h:2m:32s left)
Optimizing NNI: done in 1.84206 secs using 199.8% CPU
Optimizing NNI: done in 2.26722 secs using 198.6% CPU
Optimizing NNI: done in 1.48429 secs using 199.6% CPU
Optimizing NNI: done in 2.76976 secs using 198.4% CPU
Optimizing NNI: done in 3.31187 secs using 199.4% CPU
Optimizing NNI: done in 3.03846 secs using 199% CPU
Optimizing NNI: done in 3.74301 secs using 199.6% CPU
Optimizing NNI: done in 2.32411 secs using 198.2% CPU
Optimizing NNI: done in 4.10526 secs using 198.6% CPU
Optimizing NNI: done in 4.37112 secs using 198.6% CPU
Iteration 570 / LogL: -5483.579 / Time: 0h:36m:7s (0h:1m:54s left)
Optimizing NNI: done in 2.93169 secs using 198.5% CPU
Optimizing NNI: done in 2.62766 secs using 198.9% CPU
Optimizing NNI: done in 2.92693 secs using 198.3% CPU
Optimizing NNI: done in 1.89732 secs using 199.5% CPU
Optimizing NNI: done in 3.95791 secs using 198.8% CPU
Optimizing NNI: done in 2.34205 secs using 199% CPU
Optimizing NNI: done in 2.48437 secs using 199.3% CPU
Optimizing NNI: done in 4.48446 secs using 199% CPU
Optimizing NNI: done in 1.47493 secs using 198.6% CPU
Optimizing NNI: done in 3.14609 secs using 199% CPU
Iteration 580 / LogL: -5483.582 / Time: 0h:36m:42s (0h:1m:16s left)
Optimizing NNI: done in 2.83099 secs using 199.3% CPU
Optimizing NNI: done in 2.95178 secs using 198.9% CPU
Optimizing NNI: done in 2.99839 secs using 198.6% CPU
Optimizing NNI: done in 1.46464 secs using 199.4% CPU
Optimizing NNI: done in 1.5951 secs using 197.8% CPU
Optimizing NNI: done in 1.62111 secs using 198.3% CPU
Optimizing NNI: done in 2.95936 secs using 198.8% CPU
Optimizing NNI: done in 2.59253 secs using 198.1% CPU
Optimizing NNI: done in 3.1632 secs using 199.5% CPU
Optimizing NNI: done in 1.94711 secs using 199.4% CPU
Iteration 590 / LogL: -5480.340 / Time: 0h:37m:13s (0h:0m:37s left)
Optimizing NNI: done in 2.17545 secs using 198.9% CPU
Optimizing NNI: done in 3.07636 secs using 198.4% CPU
Optimizing NNI: done in 2.99061 secs using 198.4% CPU
Optimizing NNI: done in 4.07593 secs using 198.4% CPU
Optimizing NNI: done in 4.35817 secs using 197.9% CPU
Optimizing NNI: done in 2.55455 secs using 198.9% CPU
Optimizing NNI: done in 2.63507 secs using 198.9% CPU
Optimizing NNI: done in 4.73186 secs using 198.6% CPU
Optimizing NNI: done in 2.71485 secs using 198.7% CPU
Optimizing NNI: done in 2.64031 secs using 198% CPU
Iteration 600 / LogL: -5485.058 / Time: 0h:37m:52s (0h:0m:0s left)
Log-likelihood cutoff on original alignment: -5520.951
NOTE: Bootstrap correlation coefficient of split occurrence frequencies: 0.947
NOTE: UFBoot does not converge, continue at least 100 more iterations
Optimizing NNI: done in 3.7548 secs using 198.5% CPU
Optimizing NNI: done in 3.25368 secs using 198.4% CPU
Optimizing NNI: done in 4.09547 secs using 198.4% CPU
Optimizing NNI: done in 4.33226 secs using 198.1% CPU
Optimizing NNI: done in 2.12648 secs using 199.1% CPU
Optimizing NNI: done in 3.38443 secs using 198.2% CPU
Optimizing NNI: done in 3.09926 secs using 198.6% CPU
Optimizing NNI: done in 4.05841 secs using 198.3% CPU
Optimizing NNI: done in 1.51347 secs using 198.8% CPU
Optimizing NNI: done in 3.64608 secs using 199.7% CPU
Iteration 610 / LogL: -5480.348 / Time: 0h:38m:37s (0h:5m:42s left)
Optimizing NNI: done in 2.38428 secs using 199% CPU
Optimizing NNI: done in 1.02736 secs using 198.4% CPU
Optimizing NNI: done in 1.97107 secs using 197.8% CPU
Optimizing NNI: done in 3.86445 secs using 198.3% CPU
Optimizing NNI: done in 4.39734 secs using 199.4% CPU
Optimizing NNI: done in 2.33168 secs using 197.9% CPU
Optimizing NNI: done in 3.46161 secs using 198.5% CPU
Optimizing NNI: done in 3.45394 secs using 198.6% CPU
Optimizing NNI: done in 2.25393 secs using 198.4% CPU
Optimizing NNI: done in 2.76409 secs using 198.8% CPU
Iteration 620 / LogL: -5480.333 / Time: 0h:39m:12s (0h:5m:4s left)
Optimizing NNI: done in 1.67474 secs using 199.8% CPU
Optimizing NNI: done in 3.02251 secs using 199.1% CPU
Optimizing NNI: done in 3.73797 secs using 199.5% CPU
Optimizing NNI: done in 3.90911 secs using 198.2% CPU
Optimizing NNI: done in 2.11498 secs using 198.7% CPU
Optimizing NNI: done in 3.35699 secs using 199% CPU
Optimizing NNI: done in 3.68593 secs using 198.9% CPU
Optimizing NNI: done in 3.37294 secs using 198.5% CPU
Optimizing NNI: done in 3.92841 secs using 198.6% CPU
Optimizing NNI: done in 3.12465 secs using 198% CPU
Iteration 630 / LogL: -5480.341 / Time: 0h:39m:51s (0h:4m:26s left)
Optimizing NNI: done in 5.44978 secs using 198.2% CPU
Optimizing NNI: done in 2.43557 secs using 198.8% CPU
Optimizing NNI: done in 3.16365 secs using 198.3% CPU
Optimizing NNI: done in 1.9635 secs using 198.8% CPU
Optimizing NNI: done in 3.01183 secs using 197.4% CPU
Optimizing NNI: done in 4.01543 secs using 198.8% CPU
Optimizing NNI: done in 5.03905 secs using 198.6% CPU
Optimizing NNI: done in 3.99209 secs using 199.2% CPU
Optimizing NNI: done in 1.80269 secs using 197.5% CPU
Optimizing NNI: done in 3.20128 secs using 198.5% CPU
Iteration 640 / LogL: -5484.023 / Time: 0h:40m:32s (0h:3m:48s left)
Optimizing NNI: done in 1.80811 secs using 198.1% CPU
Optimizing NNI: done in 2.52543 secs using 198.5% CPU
Optimizing NNI: done in 3.06985 secs using 198.7% CPU
Optimizing NNI: done in 2.49589 secs using 197.8% CPU
Optimizing NNI: done in 2.29231 secs using 198.9% CPU
Optimizing NNI: done in 5.43252 secs using 198.7% CPU
Optimizing NNI: done in 2.4944 secs using 198.6% CPU
Optimizing NNI: done in 2.57731 secs using 199.3% CPU
Optimizing NNI: done in 2.46984 secs using 198.2% CPU
Optimizing NNI: done in 2.36685 secs using 199.1% CPU
Iteration 650 / LogL: -5480.398 / Time: 0h:41m:7s (0h:3m:10s left)
Log-likelihood cutoff on original alignment: -5520.951
Optimizing NNI: done in 3.35858 secs using 198.8% CPU
Optimizing NNI: done in 3.24331 secs using 198.1% CPU
Optimizing NNI: done in 2.03633 secs using 198.6% CPU
Optimizing NNI: done in 2.28334 secs using 198.9% CPU
Optimizing NNI: done in 2.06156 secs using 198.1% CPU
Optimizing NNI: done in 3.79026 secs using 198.5% CPU
Optimizing NNI: done in 0.600979 secs using 197.7% CPU
Optimizing NNI: done in 1.77357 secs using 197.2% CPU
Optimizing NNI: done in 3.52521 secs using 198.9% CPU
Optimizing NNI: done in 1.9061 secs using 197.5% CPU
Iteration 660 / LogL: -5497.897 / Time: 0h:41m:45s (0h:2m:32s left)
Optimizing NNI: done in 1.97902 secs using 198.1% CPU
Optimizing NNI: done in 3.73502 secs using 199% CPU
Optimizing NNI: done in 1.7711 secs using 198.6% CPU
Optimizing NNI: done in 3.22438 secs using 198.6% CPU
Optimizing NNI: done in 1.68625 secs using 196.2% CPU
Optimizing NNI: done in 2.41561 secs using 197.9% CPU
Optimizing NNI: done in 3.18315 secs using 196.5% CPU
Optimizing NNI: done in 2.59639 secs using 198.7% CPU
Optimizing NNI: done in 3.98328 secs using 198.8% CPU
Optimizing NNI: done in 3.81522 secs using 198.3% CPU
Iteration 670 / LogL: -5480.346 / Time: 0h:42m:22s (0h:1m:54s left)
Optimizing NNI: done in 4.36741 secs using 197.9% CPU
Optimizing NNI: done in 4.2943 secs using 198.4% CPU
Optimizing NNI: done in 3.86598 secs using 198.2% CPU
Optimizing NNI: done in 4.02898 secs using 198.3% CPU
Optimizing NNI: done in 3.23809 secs using 198.2% CPU
Optimizing NNI: done in 1.29438 secs using 197.2% CPU
Optimizing NNI: done in 2.57343 secs using 197.4% CPU
Optimizing NNI: done in 3.19328 secs using 198.6% CPU
Optimizing NNI: done in 2.38371 secs using 198.8% CPU
Optimizing NNI: done in 2.48013 secs using 197.3% CPU
Iteration 680 / LogL: -5486.496 / Time: 0h:43m:2s (0h:1m:16s left)
Optimizing NNI: done in 4.09593 secs using 198.1% CPU
Optimizing NNI: done in 3.12158 secs using 197.4% CPU
Optimizing NNI: done in 2.34527 secs using 198.3% CPU
Optimizing NNI: done in 3.0966 secs using 198.5% CPU
Optimizing NNI: done in 2.98067 secs using 198.3% CPU
Optimizing NNI: done in 2.30948 secs using 197.5% CPU
Optimizing NNI: done in 4.79527 secs using 199% CPU
Optimizing NNI: done in 3.10984 secs using 198.1% CPU
Optimizing NNI: done in 4.82364 secs using 198.8% CPU
Optimizing NNI: done in 4.38706 secs using 198.2% CPU
Iteration 690 / LogL: -5480.340 / Time: 0h:43m:46s (0h:0m:38s left)
Optimizing NNI: done in 2.34143 secs using 198.2% CPU
Optimizing NNI: done in 2.60056 secs using 198.8% CPU
Optimizing NNI: done in 3.10002 secs using 199.3% CPU
Optimizing NNI: done in 2.09573 secs using 197.6% CPU
Optimizing NNI: done in 5.50946 secs using 198.5% CPU
Optimizing NNI: done in 3.1323 secs using 198.4% CPU
Optimizing NNI: done in 3.50454 secs using 198.3% CPU
Optimizing NNI: done in 3.05908 secs using 198.7% CPU
Optimizing NNI: done in 2.85451 secs using 198.4% CPU
Optimizing NNI: done in 4.25745 secs using 197.2% CPU
Iteration 700 / LogL: -5480.352 / Time: 0h:44m:27s (0h:0m:0s left)
Log-likelihood cutoff on original alignment: -5520.951
NOTE: Bootstrap correlation coefficient of split occurrence frequencies: 0.958
NOTE: UFBoot does not converge, continue at least 100 more iterations
Optimizing NNI: done in 3.60053 secs using 196.8% CPU
Optimizing NNI: done in 2.81986 secs using 197.4% CPU
Optimizing NNI: done in 1.98072 secs using 199.3% CPU
Optimizing NNI: done in 2.7549 secs using 199.1% CPU
Optimizing NNI: done in 3.78467 secs using 198.5% CPU
Optimizing NNI: done in 3.36175 secs using 198.2% CPU
Optimizing NNI: done in 3.33999 secs using 197.1% CPU
Optimizing NNI: done in 2.75698 secs using 197.8% CPU
Optimizing NNI: done in 4.30852 secs using 197.3% CPU
Optimizing NNI: done in 3.85687 secs using 198.9% CPU
Iteration 710 / LogL: -5480.359 / Time: 0h:45m:14s (0h:5m:44s left)
Optimizing NNI: done in 2.55578 secs using 198.2% CPU
Optimizing NNI: done in 2.98263 secs using 198% CPU
Optimizing NNI: done in 4.49713 secs using 198.1% CPU
Optimizing NNI: done in 4.10215 secs using 198.4% CPU
Optimizing NNI: done in 2.42987 secs using 197.4% CPU
Optimizing NNI: done in 3.37257 secs using 198.4% CPU
Optimizing NNI: done in 2.61985 secs using 197.7% CPU
Optimizing NNI: done in 3.14242 secs using 197.9% CPU
Optimizing NNI: done in 2.93876 secs using 198.3% CPU
Optimizing NNI: done in 4.104 secs using 198.2% CPU
Iteration 720 / LogL: -5480.345 / Time: 0h:45m:56s (0h:5m:6s left)
Optimizing NNI: done in 3.46361 secs using 197.9% CPU
Optimizing NNI: done in 2.42777 secs using 198.1% CPU
Optimizing NNI: done in 4.75575 secs using 199.1% CPU
Optimizing NNI: done in 4.65726 secs using 198.5% CPU
Optimizing NNI: done in 4.56693 secs using 198.7% CPU
Optimizing NNI: done in 3.81597 secs using 198% CPU
Optimizing NNI: done in 2.02393 secs using 198.5% CPU
Optimizing NNI: done in 2.26019 secs using 199% CPU
Optimizing NNI: done in 3.49483 secs using 199% CPU
Optimizing NNI: done in 3.34153 secs using 198.4% CPU
Iteration 730 / LogL: -5480.343 / Time: 0h:46m:39s (0h:4m:28s left)
Optimizing NNI: done in 2.76887 secs using 198% CPU
Optimizing NNI: done in 3.12595 secs using 198.8% CPU
Optimizing NNI: done in 2.83383 secs using 198.5% CPU
Optimizing NNI: done in 3.29643 secs using 197.6% CPU
Optimizing NNI: done in 3.87919 secs using 197.9% CPU
Optimizing NNI: done in 3.09256 secs using 197.8% CPU
Optimizing NNI: done in 4.08157 secs using 198.9% CPU
Optimizing NNI: done in 3.19713 secs using 198.8% CPU
Optimizing NNI: done in 3.08201 secs using 198.6% CPU
Optimizing NNI: done in 3.62312 secs using 198.9% CPU
Iteration 740 / LogL: -5481.192 / Time: 0h:47m:20s (0h:3m:50s left)
Optimizing NNI: done in 2.5873 secs using 198.4% CPU
Optimizing NNI: done in 3.37612 secs using 198.2% CPU
Optimizing NNI: done in 3.64624 secs using 198.7% CPU
Optimizing NNI: done in 6.89626 secs using 198.6% CPU
Optimizing NNI: done in 4.61378 secs using 199% CPU
Optimizing NNI: done in 1.7479 secs using 198.1% CPU
Optimizing NNI: done in 3.56076 secs using 198.7% CPU
Optimizing NNI: done in 4.88319 secs using 198.2% CPU
Optimizing NNI: done in 3.36936 secs using 198.6% CPU
Optimizing NNI: done in 1.58355 secs using 198.6% CPU
Iteration 750 / LogL: -5480.343 / Time: 0h:48m:5s (0h:3m:12s left)
Log-likelihood cutoff on original alignment: -5520.951
Optimizing NNI: done in 3.32984 secs using 197.9% CPU
Optimizing NNI: done in 3.63914 secs using 199.5% CPU
Optimizing NNI: done in 5.2263 secs using 198.6% CPU
Optimizing NNI: done in 3.81802 secs using 198.7% CPU
Optimizing NNI: done in 2.23508 secs using 198.3% CPU
Optimizing NNI: done in 2.90901 secs using 198.5% CPU
Optimizing NNI: done in 3.09112 secs using 198.8% CPU
Optimizing NNI: done in 1.28261 secs using 198.7% CPU
Optimizing NNI: done in 5.28538 secs using 197.5% CPU
Optimizing NNI: done in 2.38724 secs using 198.8% CPU
Iteration 760 / LogL: -5480.351 / Time: 0h:48m:52s (0h:2m:34s left)
Optimizing NNI: done in 2.34605 secs using 198.5% CPU
BETTER TREE FOUND at iteration 761: -5480.329
Optimizing NNI: done in 2.47007 secs using 198.7% CPU
Optimizing NNI: done in 2.9963 secs using 199.4% CPU
Optimizing NNI: done in 3.47105 secs using 199.1% CPU
Optimizing NNI: done in 2.7767 secs using 199.2% CPU
Optimizing NNI: done in 2.92232 secs using 198.5% CPU
Optimizing NNI: done in 2.0509 secs using 198.4% CPU
Optimizing NNI: done in 0.975365 secs using 196.6% CPU
Optimizing NNI: done in 1.93219 secs using 199% CPU
Optimizing NNI: done in 2.43827 secs using 198.1% CPU
Iteration 770 / LogL: -5482.919 / Time: 0h:49m:26s (0h:5m:50s left)
Optimizing NNI: done in 2.48495 secs using 198.6% CPU
Optimizing NNI: done in 1.93098 secs using 199.2% CPU
Optimizing NNI: done in 2.9848 secs using 198.7% CPU
Optimizing NNI: done in 3.29002 secs using 199.4% CPU
Optimizing NNI: done in 2.79494 secs using 199% CPU
Optimizing NNI: done in 4.08623 secs using 199.1% CPU
Optimizing NNI: done in 2.64765 secs using 198% CPU
Optimizing NNI: done in 1.98162 secs using 197.8% CPU
Optimizing NNI: done in 2.55575 secs using 199.2% CPU
Optimizing NNI: done in 0.572036 secs using 199.7% CPU
Iteration 780 / LogL: -5507.100 / Time: 0h:50m:1s (0h:5m:12s left)
Optimizing NNI: done in 0.803542 secs using 197.4% CPU
Optimizing NNI: done in 1.13168 secs using 198.5% CPU
Optimizing NNI: done in 2.45957 secs using 199% CPU
Optimizing NNI: done in 2.68334 secs using 199.2% CPU
Optimizing NNI: done in 3.01549 secs using 199% CPU
Optimizing NNI: done in 2.53109 secs using 198% CPU
Optimizing NNI: done in 3.20528 secs using 198.7% CPU
Optimizing NNI: done in 2.74414 secs using 198.8% CPU
Optimizing NNI: done in 3.28819 secs using 199.1% CPU
Optimizing NNI: done in 2.16266 secs using 197.4% CPU
Iteration 790 / LogL: -5480.341 / Time: 0h:50m:34s (0h:4m:33s left)
Optimizing NNI: done in 2.55464 secs using 198.6% CPU
Optimizing NNI: done in 2.88854 secs using 198.8% CPU
Optimizing NNI: done in 2.49356 secs using 199.4% CPU
Optimizing NNI: done in 2.02803 secs using 198.7% CPU
Optimizing NNI: done in 2.41686 secs using 198.4% CPU
Optimizing NNI: done in 2.01456 secs using 198.6% CPU
Optimizing NNI: done in 2.50849 secs using 198.4% CPU
Optimizing NNI: done in 3.32773 secs using 198.4% CPU
Optimizing NNI: done in 2.49664 secs using 199.3% CPU
Optimizing NNI: done in 3.84274 secs using 198.6% CPU
Iteration 800 / LogL: -5481.202 / Time: 0h:51m:9s (0h:3m:54s left)
Log-likelihood cutoff on original alignment: -5520.951
NOTE: Bootstrap correlation coefficient of split occurrence frequencies: 0.966
NOTE: UFBoot does not converge, continue at least 100 more iterations
Optimizing NNI: done in 3.69337 secs using 198.9% CPU
Optimizing NNI: done in 2.28023 secs using 197.8% CPU
Optimizing NNI: done in 3.25087 secs using 198.5% CPU
Optimizing NNI: done in 2.93764 secs using 198.9% CPU
Optimizing NNI: done in 2.47098 secs using 199.3% CPU
Optimizing NNI: done in 3.29843 secs using 198.4% CPU
Optimizing NNI: done in 2.37774 secs using 198.2% CPU
Optimizing NNI: done in 2.71794 secs using 197.4% CPU
Optimizing NNI: done in 2.19463 secs using 198% CPU
Optimizing NNI: done in 2.03311 secs using 198.9% CPU
Iteration 810 / LogL: -5483.946 / Time: 0h:51m:51s (0h:5m:46s left)
Optimizing NNI: done in 2.97501 secs using 198.6% CPU
Optimizing NNI: done in 1.75964 secs using 198.1% CPU
Optimizing NNI: done in 4.52002 secs using 198.9% CPU
Optimizing NNI: done in 3.44633 secs using 198.2% CPU
Optimizing NNI: done in 3.71473 secs using 198.7% CPU
Optimizing NNI: done in 3.04852 secs using 198.8% CPU
Optimizing NNI: done in 3.29106 secs using 198.5% CPU
Optimizing NNI: done in 4.29123 secs using 198.9% CPU
Optimizing NNI: done in 3.33362 secs using 198.9% CPU
Optimizing NNI: done in 3.49148 secs using 199% CPU
Iteration 820 / LogL: -5483.308 / Time: 0h:52m:35s (0h:5m:8s left)
Optimizing NNI: done in 2.23263 secs using 197% CPU
Optimizing NNI: done in 3.2007 secs using 198.8% CPU
Optimizing NNI: done in 2.40108 secs using 198.7% CPU
Optimizing NNI: done in 1.92332 secs using 199.2% CPU
Optimizing NNI: done in 1.78366 secs using 199.1% CPU
Optimizing NNI: done in 2.54806 secs using 199.1% CPU
Optimizing NNI: done in 2.47207 secs using 198.6% CPU
Optimizing NNI: done in 3.16801 secs using 198.2% CPU
Optimizing NNI: done in 1.50336 secs using 198.7% CPU
Optimizing NNI: done in 2.80494 secs using 198.5% CPU
Iteration 830 / LogL: -5480.341 / Time: 0h:53m:8s (0h:4m:29s left)
Optimizing NNI: done in 2.25845 secs using 198.7% CPU
Optimizing NNI: done in 1.79913 secs using 199.1% CPU
Optimizing NNI: done in 1.8893 secs using 198.4% CPU
Optimizing NNI: done in 3.19764 secs using 198.1% CPU
Optimizing NNI: done in 3.70244 secs using 198.4% CPU
Optimizing NNI: done in 4.78216 secs using 199% CPU
Optimizing NNI: done in 3.02116 secs using 199.1% CPU
Optimizing NNI: done in 1.77278 secs using 198% CPU
Optimizing NNI: done in 3.04166 secs using 198.4% CPU
Optimizing NNI: done in 4.01252 secs using 198.6% CPU
Iteration 840 / LogL: -5485.968 / Time: 0h:53m:48s (0h:3m:50s left)
Optimizing NNI: done in 1.28274 secs using 197.2% CPU
Optimizing NNI: done in 2.62398 secs using 198.6% CPU
Optimizing NNI: done in 2.82191 secs using 199.2% CPU
Optimizing NNI: done in 1.81427 secs using 199.6% CPU
Optimizing NNI: done in 2.19965 secs using 198.5% CPU
Optimizing NNI: done in 2.2166 secs using 198.6% CPU
Optimizing NNI: done in 6.00302 secs using 199.1% CPU
Optimizing NNI: done in 2.79304 secs using 198.9% CPU
Optimizing NNI: done in 1.42161 secs using 197% CPU
Optimizing NNI: done in 3.01493 secs using 198.5% CPU
Iteration 850 / LogL: -5484.573 / Time: 0h:54m:23s (0h:3m:12s left)
Log-likelihood cutoff on original alignment: -5520.951
Optimizing NNI: done in 2.36054 secs using 198.7% CPU
Optimizing NNI: done in 3.2531 secs using 198.4% CPU
Optimizing NNI: done in 3.54775 secs using 198.5% CPU
Optimizing NNI: done in 2.36596 secs using 198.4% CPU
Optimizing NNI: done in 3.03588 secs using 199.4% CPU
Optimizing NNI: done in 3.0499 secs using 198.9% CPU
Optimizing NNI: done in 3.828 secs using 198.8% CPU
Optimizing NNI: done in 2.94595 secs using 198.2% CPU
Optimizing NNI: done in 3.03938 secs using 199% CPU
Optimizing NNI: done in 2.64759 secs using 198.5% CPU
Iteration 860 / LogL: -5480.912 / Time: 0h:55m:9s (0h:2m:34s left)
Optimizing NNI: done in 2.80864 secs using 198.8% CPU
Optimizing NNI: done in 2.49582 secs using 199% CPU
Optimizing NNI: done in 1.90991 secs using 198.1% CPU
Optimizing NNI: done in 2.62461 secs using 198.2% CPU
Optimizing NNI: done in 2.20115 secs using 197.9% CPU
Optimizing NNI: done in 4.15588 secs using 199.1% CPU
Optimizing NNI: done in 0.975951 secs using 197.8% CPU
Optimizing NNI: done in 2.73335 secs using 199% CPU
Optimizing NNI: done in 2.6295 secs using 198.8% CPU
Optimizing NNI: done in 2.31024 secs using 199.2% CPU
Iteration 870 / LogL: -5481.195 / Time: 0h:55m:43s (0h:1m:55s left)
Optimizing NNI: done in 2.86307 secs using 198.7% CPU
Optimizing NNI: done in 4.36354 secs using 199.4% CPU
Optimizing NNI: done in 2.30267 secs using 197.5% CPU
Optimizing NNI: done in 2.44031 secs using 198.8% CPU
Optimizing NNI: done in 2.64155 secs using 199.4% CPU
Optimizing NNI: done in 2.59433 secs using 197.2% CPU
Optimizing NNI: done in 3.49017 secs using 198.1% CPU
Optimizing NNI: done in 3.20981 secs using 198.8% CPU
Optimizing NNI: done in 2.63109 secs using 198.3% CPU
Optimizing NNI: done in 2.57301 secs using 199.1% CPU
Iteration 880 / LogL: -5481.767 / Time: 0h:56m:23s (0h:1m:16s left)
Optimizing NNI: done in 4.48999 secs using 198.6% CPU
Optimizing NNI: done in 2.14583 secs using 198.1% CPU
Optimizing NNI: done in 2.96487 secs using 198.3% CPU
Optimizing NNI: done in 4.64825 secs using 199% CPU
Optimizing NNI: done in 2.79284 secs using 198.9% CPU
Optimizing NNI: done in 4.10634 secs using 198.9% CPU
Optimizing NNI: done in 1.89913 secs using 198.5% CPU
Optimizing NNI: done in 1.57234 secs using 199.1% CPU
Optimizing NNI: done in 2.00819 secs using 198.9% CPU
Optimizing NNI: done in 2.01109 secs using 199.4% CPU
Iteration 890 / LogL: -5480.351 / Time: 0h:57m:2s (0h:0m:38s left)
Optimizing NNI: done in 4.4875 secs using 198.7% CPU
Optimizing NNI: done in 2.62303 secs using 199.2% CPU
Optimizing NNI: done in 2.60987 secs using 198.9% CPU
Optimizing NNI: done in 3.59632 secs using 198.7% CPU
Optimizing NNI: done in 1.18569 secs using 199.7% CPU
Optimizing NNI: done in 2.99089 secs using 198.5% CPU
Optimizing NNI: done in 2.72792 secs using 199.1% CPU
Optimizing NNI: done in 2.117 secs using 198.7% CPU
Optimizing NNI: done in 1.92964 secs using 198.2% CPU
Optimizing NNI: done in 2.39728 secs using 198.7% CPU
Iteration 900 / LogL: -5481.205 / Time: 0h:57m:39s (0h:0m:0s left)
Log-likelihood cutoff on original alignment: -5520.951
NOTE: Bootstrap correlation coefficient of split occurrence frequencies: 0.981
NOTE: UFBoot does not converge, continue at least 100 more iterations
Optimizing NNI: done in 2.60613 secs using 198.8% CPU
Optimizing NNI: done in 2.64008 secs using 198.7% CPU
Optimizing NNI: done in 2.48048 secs using 198.6% CPU
Optimizing NNI: done in 3.30472 secs using 199% CPU
Optimizing NNI: done in 0.323054 secs using 199.8% CPU
Optimizing NNI: done in 3.25249 secs using 198.5% CPU
Optimizing NNI: done in 2.79828 secs using 199.6% CPU
Optimizing NNI: done in 2.9191 secs using 199.3% CPU
Optimizing NNI: done in 1.33752 secs using 198.8% CPU
Optimizing NNI: done in 2.25611 secs using 198.9% CPU
Iteration 910 / LogL: -5480.340 / Time: 0h:58m:19s (0h:5m:46s left)
Optimizing NNI: done in 2.74245 secs using 198.7% CPU
Optimizing NNI: done in 2.27884 secs using 198.9% CPU
Optimizing NNI: done in 1.97513 secs using 199.2% CPU
Optimizing NNI: done in 2.10876 secs using 198.8% CPU
Optimizing NNI: done in 4.71418 secs using 198.7% CPU
Optimizing NNI: done in 4.03776 secs using 198.8% CPU
Optimizing NNI: done in 1.9863 secs using 198.2% CPU
Optimizing NNI: done in 2.4308 secs using 199.5% CPU
Optimizing NNI: done in 2.12616 secs using 198.5% CPU
Optimizing NNI: done in 3.33663 secs using 199.1% CPU
Iteration 920 / LogL: -5484.713 / Time: 0h:58m:57s (0h:5m:7s left)
Optimizing NNI: done in 2.86033 secs using 198.2% CPU
Optimizing NNI: done in 2.21856 secs using 198% CPU
Optimizing NNI: done in 3.93164 secs using 199.4% CPU
Optimizing NNI: done in 2.16023 secs using 197.3% CPU
Optimizing NNI: done in 1.4703 secs using 198.1% CPU
Optimizing NNI: done in 4.75805 secs using 198.8% CPU
Optimizing NNI: done in 3.86557 secs using 198.7% CPU
Optimizing NNI: done in 4.2779 secs using 198.6% CPU
Optimizing NNI: done in 3.20339 secs using 199.1% CPU
Optimizing NNI: done in 2.83111 secs using 199.3% CPU
Iteration 930 / LogL: -5488.464 / Time: 0h:59m:40s (0h:4m:29s left)
Optimizing NNI: done in 2.97613 secs using 198.3% CPU
Optimizing NNI: done in 1.48918 secs using 198.6% CPU
Optimizing NNI: done in 1.04341 secs using 198% CPU
Optimizing NNI: done in 2.74438 secs using 198.6% CPU
Optimizing NNI: done in 2.99505 secs using 197.8% CPU
Optimizing NNI: done in 2.11552 secs using 199% CPU
Optimizing NNI: done in 2.96613 secs using 198.3% CPU
Optimizing NNI: done in 4.50504 secs using 198.6% CPU
Optimizing NNI: done in 1.74045 secs using 199.2% CPU
Optimizing NNI: done in 2.51124 secs using 199.2% CPU
Iteration 940 / LogL: -5480.340 / Time: 1h:0m:16s (0h:3m:51s left)
Optimizing NNI: done in 0.907215 secs using 195.8% CPU
Optimizing NNI: done in 2.31455 secs using 199% CPU
Optimizing NNI: done in 4.01374 secs using 199% CPU
Optimizing NNI: done in 3.11302 secs using 199% CPU
Optimizing NNI: done in 2.78431 secs using 197.8% CPU
Optimizing NNI: done in 3.07127 secs using 198.1% CPU
Optimizing NNI: done in 2.14037 secs using 198.2% CPU
Optimizing NNI: done in 3.04869 secs using 199.3% CPU
Optimizing NNI: done in 2.36899 secs using 199.6% CPU
Optimizing NNI: done in 3.98025 secs using 198.7% CPU
Iteration 950 / LogL: -5480.348 / Time: 1h:0m:55s (0h:3m:12s left)
Log-likelihood cutoff on original alignment: -5520.951
Optimizing NNI: done in 1.64974 secs using 198.1% CPU
Optimizing NNI: done in 3.35102 secs using 199% CPU
Optimizing NNI: done in 2.09946 secs using 199.1% CPU
Optimizing NNI: done in 3.09061 secs using 198.5% CPU
Optimizing NNI: done in 4.11937 secs using 198.4% CPU
Optimizing NNI: done in 3.14997 secs using 198.6% CPU
Optimizing NNI: done in 1.98821 secs using 199.3% CPU
Optimizing NNI: done in 2.76596 secs using 198.3% CPU
Optimizing NNI: done in 1.63009 secs using 198.5% CPU
Optimizing NNI: done in 2.70606 secs using 198.4% CPU
Iteration 960 / LogL: -5480.342 / Time: 1h:1m:38s (0h:2m:34s left)
Optimizing NNI: done in 2.6141 secs using 199.2% CPU
Optimizing NNI: done in 1.18026 secs using 198.8% CPU
Optimizing NNI: done in 5.27512 secs using 198.9% CPU
Optimizing NNI: done in 4.05395 secs using 198.2% CPU
Optimizing NNI: done in 4.30096 secs using 199% CPU
Optimizing NNI: done in 1.88813 secs using 196.7% CPU
Optimizing NNI: done in 3.62774 secs using 198.9% CPU
Optimizing NNI: done in 2.56389 secs using 198.8% CPU
Optimizing NNI: done in 2.4271 secs using 198.1% CPU
Optimizing NNI: done in 2.36085 secs using 198.7% CPU
Iteration 970 / LogL: -5481.200 / Time: 1h:2m:20s (0h:1m:55s left)
Optimizing NNI: done in 3.19976 secs using 199% CPU
Optimizing NNI: done in 2.12511 secs using 199.7% CPU
Optimizing NNI: done in 2.29524 secs using 199.5% CPU
Optimizing NNI: done in 2.00024 secs using 198.1% CPU
Optimizing NNI: done in 3.04846 secs using 199.1% CPU
Optimizing NNI: done in 2.99345 secs using 199% CPU
Optimizing NNI: done in 3.16518 secs using 199.1% CPU
Optimizing NNI: done in 2.09979 secs using 198.8% CPU
Optimizing NNI: done in 1.70279 secs using 198.1% CPU
Optimizing NNI: done in 4.07584 secs using 198.8% CPU
Iteration 980 / LogL: -5481.191 / Time: 1h:2m:58s (0h:1m:17s left)
Optimizing NNI: done in 1.47325 secs using 199% CPU
Optimizing NNI: done in 3.10171 secs using 198.6% CPU
Optimizing NNI: done in 2.36218 secs using 198.5% CPU
Optimizing NNI: done in 2.20729 secs using 198.1% CPU
Optimizing NNI: done in 2.74584 secs using 198% CPU
Optimizing NNI: done in 2.39421 secs using 198.1% CPU
Optimizing NNI: done in 1.83142 secs using 198.9% CPU
Optimizing NNI: done in 3.12625 secs using 198.1% CPU
Optimizing NNI: done in 3.56172 secs using 198.7% CPU
Optimizing NNI: done in 2.16416 secs using 198.6% CPU
Iteration 990 / LogL: -5480.343 / Time: 1h:3m:36s (0h:0m:38s left)
Optimizing NNI: done in 1.63368 secs using 197.4% CPU
Optimizing NNI: done in 3.33121 secs using 198.4% CPU
Optimizing NNI: done in 2.48022 secs using 199% CPU
Optimizing NNI: done in 2.96939 secs using 198.7% CPU
Optimizing NNI: done in 4.17474 secs using 198.5% CPU
Optimizing NNI: done in 3.04472 secs using 198.4% CPU
Optimizing NNI: done in 2.00125 secs using 197.8% CPU
Optimizing NNI: done in 2.78789 secs using 198.2% CPU
Optimizing NNI: done in 2.3117 secs using 199.1% CPU
Optimizing NNI: done in 4.41085 secs using 199% CPU
Iteration 1000 / LogL: -5485.067 / Time: 1h:4m:17s (0h:0m:0s left)
Log-likelihood cutoff on original alignment: -5520.951
NOTE: Bootstrap correlation coefficient of split occurrence frequencies: 0.990
TREE SEARCH COMPLETED AFTER 1000 ITERATIONS / Time: 1h:4m:23s

--------------------------------------------------------------------
|                    FINALIZING TREE SEARCH                        |
--------------------------------------------------------------------
Performs final model parameters optimization
Estimate model parameters (epsilon = 0.010)
1. Initial log-likelihood: -5480.329
Optimal log-likelihood: -5480.328
Rate parameters:  A-C: 1.00000  A-G: 1.29187  A-T: 1.00000  C-G: 1.00000  C-T: 3.18879  G-T: 1.00000
Base frequencies:  A: 0.251  C: 0.197  G: 0.269  T: 0.283
Site proportion and rates:  (0.921,0.470) (0.079,7.183)
Parameters optimization took 1 rounds (0.118 sec)
BEST SCORE FOUND : -5480.328
Creating bootstrap support values...
Split supports printed to NEXUS file amplicon_alignments/amplicon5.splits.nex
Total tree length: 0.322

Total number of iterations: 1000
CPU time used for tree search: 6365.321 sec (1h:46m:5s)
Wall-clock time used for tree search: 3621.702 sec (1h:0m:21s)
Total CPU time used: 6587.623 sec (1h:49m:47s)
Total wall-clock time used: 3869.366 sec (1h:4m:29s)

Computing bootstrap consensus tree...
Reading input file amplicon_alignments/amplicon5.splits.nex...
199 taxa and 13497 splits.
Consensus tree written to amplicon_alignments/amplicon5.contree
Reading input trees file amplicon_alignments/amplicon5.contree
Log-likelihood of consensus tree: -5480.531

Analysis results written to: 
  IQ-TREE report:                amplicon_alignments/amplicon5.iqtree
  Maximum-likelihood tree:       amplicon_alignments/amplicon5.treefile
  Likelihood distances:          amplicon_alignments/amplicon5.mldist

Ultrafast bootstrap approximation results written to:
  Split support values:          amplicon_alignments/amplicon5.splits.nex
  Consensus tree:                amplicon_alignments/amplicon5.contree
  Screen log file:               amplicon_alignments/amplicon5.log

Date and Time: Thu Nov 24 14:32:55 2022
