IQ-TREE multicore version 2.2.0 COVID-edition for Linux 64-bit built Jun  1 2022
Developed by Bui Quang Minh, James Barbetti, Nguyen Lam Tung,
Olga Chernomor, Heiko Schmidt, Dominik Schrempf, Michael Woodhams, Ly Trong Nhan.

Host:    harriet (AVX, 503 GB RAM)
Command: /home/susana/iqtree-2.2.0-Linux/bin/iqtree2 -s tmp/amplicon_alignments/amplicon10 -m TN+F+R2 -B 5000 -T AUTO
Seed:    912104 (Using SPRNG - Scalable Parallel Random Number Generator)
Time:    Mon Dec 12 09:14:50 2022
Kernel:  AVX - auto-detect threads (96 CPU cores detected)

Reading alignment file tmp/amplicon_alignments/amplicon10 ... Fasta format detected
Reading fasta file: done in 0.0106649 secs using 88.56% CPU
Alignment most likely contains DNA/RNA sequences
Constructing alignment: done in 0.0163691 secs using 575.2% CPU
WARNING: 2 sites contain only gaps or ambiguous characters.
Alignment has 203 sequences with 1878 columns, 786 distinct patterns
99 parsimony-informative, 193 singleton sites, 1586 constant sites
                                                 Gap/Ambiguity  Composition  p-value
Analyzing sequences: done in 0.000236285 secs using 3642% CPU
   1  Proti15_25_F.Proti440R_28_R_ASV_1                 81.74%    passed     59.65%
   2  Proti15_25_F.Proti440R_28_R_ASV_2                 81.74%    passed     65.02%
   3  JQ993669_Isospora_sp._ex_Talpa_europaea           34.61%    passed     95.58%
   4  JQ993670_Isospora_sp._ex_Talpa_europaea           51.97%    passed     63.96%
   5  JQ993671_Isospora_sp._ex_Talpa_europaea           23.00%    passed     99.83%
   6  JQ993665_Eimeria_nafuko                           26.78%    passed     98.99%
   7  JQ993659_Eimeria_alorani                          26.84%    passed     69.27%
   8  KU174470_Eimeria_apionodes                        25.88%    passed     99.07%
   9  KU174461_Eimeria_apionodes                        25.99%    passed     98.86%
  10  KU174464_Eimeria_apionodes                        55.70%    passed     93.76%
  11  KU174480_Eimeria_apionodes                        49.73%    passed     76.88%
  12  KU174483_Eimeria_apionodes                        50.43%    passed     75.58%
  13  KU174462_Eimeria_apionodes                        25.77%    passed     98.66%
  14  KU174463_Eimeria_apionodes                        57.14%    passed     71.83%
  15  KU174468_Eimeria_apionodes                        27.37%    passed     98.00%
  16  KU174479_Eimeria_apionodes                        46.75%    passed     87.62%
  17  KU174449_Eimeria_apionodes                        26.46%    passed     98.59%
  18  KU174450_Eimeria_apionodes                        25.35%    passed     99.43%
  19  KU174465_Eimeria_apionodes                        54.37%    passed     98.37%
  20  KU174467_Eimeria_apionodes                        25.88%    passed     98.31%
  21  KU174474_Eimeria_apionodes                        26.04%    passed     98.80%
  22  KU174451_Eimeria_apionodes                        25.83%    passed     98.35%
  23  KU174459_Eimeria_apionodes                        26.30%    passed     96.46%
  24  KU174485_Eimeria_apionodes                        38.87%    passed     98.40%
  25  KU174487_Eimeria_apionodes                        59.69%    passed     78.60%
  26  KU174472_Eimeria_apionodes                        25.83%    passed     99.12%
  27  JQ993666_Eimeria_burdai                           24.60%    passed     99.87%
  28  JQ993649_Eimeria_caviae                           24.17%    passed     99.91%
  29  JQ993650_Eimeria_chinchillae                      19.28%    passed     98.36%
  30  AF080614_Eimeria_falciformis                       4.79%    passed     93.01%
  31  MH751998_Eimeria_falciformis                      41.32%    passed     97.10%
  32  KT360995_Eimeria_ferrisi                          29.23%    passed     99.07%
  33  JF304148_Eimeria_myoxi                            22.84%    passed     99.17%
  34  U40263_Eimeria_nieschulzi                          4.37%    passed     90.48%
  35  JQ993651_Eimeria_nkaka                            26.84%    passed     91.24%
  36  AF311643_Eimeria_separata                         18.00%    passed     78.66%
  37  AF311644_Eimeria_sevilletensis                    17.20%    passed     60.84%
  38  JQ993654_Eimeria_sp._ex_Acomys_sp._JK-2013        19.33%    passed     97.94%
  39  JQ993655_Eimeria_sp._ex_Apodemus_agrarius         24.55%    passed     93.86%
  40  JQ993656_Eimeria_sp._ex_Apodemus_agrarius         24.65%    passed     86.35%
  41  JQ993657_Eimeria_sp._ex_Apodemus_agrarius         24.60%    passed     99.51%
  42  JQ993658_Eimeria_sp._ex_Apodemus_agrarius         26.30%    passed     97.62%
  43  JQ993660_Eimeria_sp._ex_Apodemus_agrarius         24.65%    passed     98.82%
  44  KU174475_Eimeria_apionodes                        25.88%    passed     81.61%
  45  JQ993661_Eimeria_sp._ex_Apodemus_sylvaticus       25.67%    passed     81.97%
  46  JQ993662_Eimeria_sp._ex_Apodemus_sylvaticus       25.56%    passed     97.22%
  47  JQ993663_Eimeria_sp._ex_Cricetus_cricetus         24.55%    passed     98.20%
  48  JQ993664_Eimeria_sp._ex_Gerbillus_dasyurus        19.33%    passed     99.97%
  49  JQ993652_Eimeria_sp._2_JK-2013                    24.12%    passed     92.63%
  50  JQ993667_Eimeria_sp._ex_Mastomys_natalensis       19.22%    passed     97.96%
  51  KU174454_Eimeria_sp._ex_Microtus_agrestis         26.68%    passed     98.76%
  52  KU174469_Eimeria_sp._ex_Microtus_agrestis         28.91%    passed     99.57%
  53  KU174481_Eimeria_sp._ex_Microtus_agrestis         48.03%    passed     79.39%
  54  KU174456_Eimeria_sp._ex_Microtus_arvalis          25.88%    passed     98.75%
  55  KU174484_Eimeria_sp._ex_Microtus_arvalis          49.36%    passed     80.37%
  56  KU174478_Eimeria_sp._ex_Microtus_arvalis          58.25%    passed     76.68%
  57  KU174473_Eimeria_sp._ex_Microtus_arvalis          25.99%    passed     98.86%
  58  KU174471_Eimeria_sp._ex_Microtus_levis            25.77%    passed     98.96%
  59  KU174455_Eimeria_sp._ex_Microtus_subterraneus     25.51%    passed     99.88%
  60  KU174457_Eimeria_sp._ex_Clethrionomys_glareolus   28.01%    passed     98.71%
  61  KU174476_Eimeria_sp._ex_Clethrionomys_glareolus   36.85%    passed     97.24%
  62  KU174466_Eimeria_sp._ex_Clethrionomys_glareolus   28.27%    passed     99.09%
  63  KU174486_Eimeria_sp._ex_Clethrionomys_glareolus   56.18%    passed     95.88%
  64  KU174453_Eimeria_sp._ex_Clethrionomys_glareolus   28.91%    passed     98.90%
  65  KU174458_Eimeria_sp._ex_Clethrionomys_glareolus   28.81%    passed     98.67%
  66  KU174460_Eimeria_sp._ex_Clethrionomys_glareolus   25.88%    passed     98.50%
  67  KU174452_Eimeria_sp._ex_Clethrionomys_glareolus   26.20%    passed     98.90%
  68  KU174482_Eimeria_sp._ex_Clethrionomys_glareolus   57.29%    passed     87.09%
  69  AF246717_Eimeria_telekii                          16.93%    passed     92.50%
  70  KT184355_Eimeria_vermiformis                      39.30%    passed     87.65%
  71  JQ993653_Eimeria_vilasi                           23.38%    passed     96.36%
  72  AF307880_Eimeria_albigulae                        17.47%    passed     93.95%
  73  AF339489_Eimeria_chaetodipi                       16.51%    passed     92.56%
  74  AF307878_Eimeria_arizonensis                      16.77%    passed     94.36%
  75  AF307876_Eimeria_antrozoi                         16.99%    passed     98.15%
  76  AF324214_Eimeria_chobotari                        17.15%    passed     93.38%
  77  AF339490_Eimeria_dipodomysis                      18.42%    passed     70.11%
  78  AF339491_Eimeria_leucopi                          18.64%    passed     93.03%
  79  AF307879_Eimeria_onychomysis                      18.64%    passed     91.52%
  80  AF339492_Eimeria_peromysci                        16.29%    passed     87.24%
  81  AF307877_Eimeria_rioarribaensis                   17.52%    passed     97.65%
  82  AF311642_Eimeria_reedi                            17.78%    passed     95.41%
  83  KU192965_Eimeria_alorani                          40.42%    passed     94.78%
  84  KU192958_Eimeria_alorani                          31.68%    passed     98.05%
  85  KU192936_Eimeria_apionodes                        25.83%    passed     98.72%
  86  KU192961_Eimeria_alorani                          26.46%    passed     97.14%
  87  KU192956_Eimeria_apionodes                        59.16%    passed     70.93%
  88  KU192931_Eimeria_apionodes                        25.67%    passed     98.21%
  89  KU192938_Eimeria_apionodes                        72.95%    passed     77.97%
  90  KU192916_Eimeria_apionodes                        28.33%    passed     95.90%
  91  KT184339.1_Eimeria_falciformis                     4.63%    passed     88.25%
  92  MH751925.1_Eimeria_ferrisi                        29.98%    passed     98.83%
  93  MH751926.1_Eimeria_vermiformis                    43.24%    passed     91.50%
  94  MH751927.1_Eimeria_ferrisi                        49.57%    passed     92.29%
  95  MH751928.1_Eimeria_ferrisi                        43.24%    passed     95.52%
  96  MH751929.1_Eimeria_ferrisi                        43.18%    passed     94.21%
  97  MH751930.1_Eimeria_ferrisi                        43.18%    passed     94.21%
  98  MH751931.1_Eimeria_ferrisi                        43.18%    passed     94.21%
  99  MH751932.1_Eimeria_ferrisi                        43.98%    passed     88.93%
 100  MH751933.1_Eimeria_ferrisi                        43.24%    passed     95.66%
 101  MH751934.1_Eimeria_falciformis                    44.14%    passed     86.94%
 102  MH751935.1_Eimeria_ferrisi                        43.18%    passed     93.77%
 103  MH751936.1_Eimeria_ferrisi                        43.34%    passed     95.98%
 104  MH751937.1_Eimeria_falciformis                    43.34%    passed     91.48%
 105  MH751938.1_Eimeria_ferrisi                        28.75%    passed     99.49%
 106  MH751939.1_Eimeria_ferrisi                        43.61%    passed     96.23%
 107  MH751940.1_Eimeria_vermiformis                    39.03%    passed     96.75%
 108  MH751941.1_Eimeria_falciformis                    43.29%    passed     92.38%
 109  MH751942.1_Eimeria_falciformis                    28.43%    passed     94.34%
 110  MH751943.1_Eimeria_falciformis                    43.40%    passed     93.88%
 111  MH751944.1_Eimeria_ferrisi                        43.13%    passed     95.21%
 112  MH751945.1_Eimeria_ferrisi                        31.04%    passed     99.99%
 113  MH751946.1_Eimeria_ferrisi                        42.39%    passed     93.68%
 114  MH751947.1_Eimeria_ferrisi                        28.59%    passed     98.71%
 115  MH751948.1_Eimeria_vermiformis                    29.23%    passed     97.33%
 116  MH751949.1_Eimeria_ferrisi                        28.81%    passed     98.97%
 117  MH751950.1_Eimeria_ferrisi                        37.11%    passed     97.30%
 118  MH751951.1_Eimeria_vermiformis                    43.56%    passed     92.39%
 119  MH751952.1_Eimeria_ferrisi                        43.18%    passed     94.21%
 120  MH751953.1_Eimeria_ferrisi                        43.18%    passed     95.62%
 121  MH751954.1_Eimeria_ferrisi                        40.58%    passed     97.29%
 122  MH751955.1_Eimeria_ferrisi                        29.93%    passed     97.94%
 123  MH751956.1_Eimeria_ferrisi                        43.18%    passed     94.21%
 124  MH751957.1_Eimeria_vermiformis                    27.74%    passed     95.18%
 125  MH751958.1_Eimeria_ferrisi                        50.16%    passed     94.35%
 126  MH751959.1_Eimeria_ferrisi                        29.07%    passed     99.41%
 127  MH751960.1_Eimeria_falciformis                    28.17%    passed     99.73%
 128  MH751961.1_Eimeria_ferrisi                        43.13%    passed     93.77%
 129  MH751962.1_Eimeria_ferrisi                        30.62%    passed     99.63%
 130  MH751963.1_Eimeria_ferrisi                        27.10%    passed     98.93%
 131  MH751964.1_Eimeria_falciformis                    47.07%    passed     77.33%
 132  MH751965.1_Eimeria_ferrisi                        32.06%    passed     99.67%
 133  MH751966.1_Eimeria_ferrisi                        28.54%    passed     99.58%
 134  MH751967.1_Eimeria_ferrisi                        46.91%    passed     85.90%
 135  MH751968.1_Eimeria_ferrisi                        43.24%    passed     94.24%
 136  MH751969.1_Eimeria_ferrisi                        43.72%    passed     88.06%
 137  MH751970.1_Eimeria_ferrisi                        27.90%    passed     97.90%
 138  MH751971.1_Eimeria_ferrisi                        43.18%    passed     94.21%
 139  MH751972.1_Eimeria_ferrisi                        37.54%    passed     98.14%
 140  MH751973.1_Eimeria_ferrisi                        43.18%    passed     94.21%
 141  MH751974.1_Eimeria_vermiformis                    43.18%    passed     92.48%
 142  MH751975.1_Eimeria_falciformis                    48.51%    passed     92.02%
 143  MH751976.1_Eimeria_falciformis                    55.43%    passed     92.01%
 144  MH751977.1_Eimeria_vermiformis                    31.52%    passed     99.02%
 145  MH751978.1_Eimeria_falciformis                    27.74%    passed     97.64%
 146  MH751979.1_Eimeria_ferrisi                        26.09%    passed     98.46%
 147  MH751980.1_Eimeria_falciformis                    28.12%    passed     98.24%
 148  MH751981.1_Eimeria_falciformis                    30.56%    passed     96.12%
 149  MH751982.1_Eimeria_ferrisi                        28.81%    passed     98.97%
 150  MH751983.1_Eimeria_ferrisi                        46.81%    passed     74.96%
 151  MH751984.1_Eimeria_ferrisi                        28.33%    passed     98.15%
 152  MH751985.1_Eimeria_ferrisi                        27.85%    passed     98.83%
 153  MH751986.1_Eimeria_ferrisi                        29.18%    passed     98.98%
 154  MH751987.1_Eimeria_ferrisi                        30.03%    passed     99.95%
 155  MH751988.1_Eimeria_ferrisi                        30.51%    passed     99.04%
 156  MH751989.1_Eimeria_ferrisi                        28.01%    passed     97.34%
 157  MH751990.1_Eimeria_ferrisi                        43.18%    passed     94.21%
 158  MH751991.1_Eimeria_ferrisi                        29.07%    passed     99.18%
 159  MH751992.1_Eimeria_ferrisi                        43.13%    passed     95.21%
 160  MH751993.1_Eimeria_ferrisi                        29.23%    passed     98.65%
 161  MH751994.1_Eimeria_ferrisi                        36.05%    passed     99.97%
 162  MH751995.1_Eimeria_ferrisi                        29.23%    passed     98.65%
 163  MH751996.1_Eimeria_ferrisi                        28.81%    passed     99.25%
 164  MH751997.1_Eimeria_ferrisi                        36.53%    passed     99.14%
 165  MH751998.1_Eimeria_falciformis                    41.32%    passed     97.10%
 166  MH751999.1_Eimeria_ferrisi                        47.39%    passed     78.74%
 167  MH752000.1_Eimeria_ferrisi                        26.20%    passed     97.54%
 168  MH752001.1_Eimeria_ferrisi                        43.18%    passed     94.21%
 169  MH752002.1_Eimeria_ferrisi                        59.64%    passed     89.36%
 170  MH752003.1_Eimeria_vermiformis                    28.91%    passed     99.43%
 171  MH752004.1_Eimeria_ferrisi                        26.57%    passed     98.90%
 172  MH752005.1_Eimeria_ferrisi                        25.88%    passed     98.22%
 173  MH752006.1_Eimeria_ferrisi                        26.14%    passed     98.41%
 174  MH752007.1_Eimeria_ferrisi                        46.91%    passed     87.62%
 175  MH752008.1_Eimeria_ferrisi                        27.00%    passed     98.73%
 176  MH752009.1_Eimeria_ferrisi                        25.77%    passed     98.27%
 177  MH752010.1_Eimeria_ferrisi                        39.67%    passed     96.49%
 178  MH752011.1_Eimeria_falciformis                    25.67%    passed     99.26%
 179  MH752012.1_Eimeria_falciformis                    25.56%    passed     99.61%
 180  MH752013.1_Eimeria_ferrisi                        25.19%    passed     99.10%
 181  MH752014.1_Eimeria_ferrisi                        25.19%    passed     99.10%
 182  MH752015.1_Eimeria_ferrisi                        25.45%    passed     98.40%
 183  MH752016.1_Eimeria_falciformis                    31.52%    passed     98.99%
 184  MH752017.1_Eimeria_falciformis                    28.49%    passed     99.55%
 185  MH752018.1_Eimeria_falciformis                    28.59%    passed     99.42%
 186  MH752019.1_Eimeria_falciformis                    28.12%    passed     99.43%
 187  MH752020.1_Eimeria_ferrisi                        71.25%    passed     98.66%
 188  MH752021.1_Eimeria_ferrisi                        55.27%    passed     59.30%
 189  MH752022.1_Eimeria_ferrisi                        28.97%    passed     91.94%
 190  MH752023.1_Eimeria_ferrisi                        60.97%    passed     50.25%
 191  MH752024.1_Eimeria_ferrisi                        35.36%    passed     98.70%
 192  MH752025.1_Eimeria_ferrisi                        27.10%    passed     91.54%
 193  MH752026.1_Eimeria_ferrisi                        52.66%    passed     68.33%
 194  MH752027.1_Eimeria_ferrisi                        28.06%    passed     91.73%
 195  MH752028.1_Eimeria_ferrisi                        60.65%    passed     60.13%
 196  MH752029.1_Eimeria_ferrisi                        43.34%    passed     93.34%
 197  MH752030.1_Eimeria_vermiformis                    32.43%    passed     98.91%
 198  MH752031.1_Eimeria_ferrisi                        50.37%    passed     67.65%
 199  MH752032.1_Eimeria_ferrisi                        42.65%    passed     97.85%
 200  MH752033.1_Eimeria_ferrisi                        33.07%    passed     98.63%
 201  MH752034.1_Eimeria_ferrisi                        31.68%    passed     99.90%
 202  MH752035.1_Eimeria_ferrisi                        37.33%    passed     99.51%
 203  MH752036.1_Eimeria_ferrisi                        45.10%    passed     97.41%
WARNING: 22 sequences contain more than 50% gaps/ambiguity
****  TOTAL                                             34.20%  0 sequences failed composition chi2 test (p-value<5%; df=3)
NOTE: KU174473_Eimeria_sp._ex_Microtus_arvalis is identical to KU174461_Eimeria_apionodes but kept for subsequent analysis
NOTE: MH751998.1_Eimeria_falciformis is identical to MH751998_Eimeria_falciformis but kept for subsequent analysis
NOTE: MH751930.1_Eimeria_ferrisi is identical to MH751929.1_Eimeria_ferrisi but kept for subsequent analysis
NOTE: MH751992.1_Eimeria_ferrisi is identical to MH751944.1_Eimeria_ferrisi but kept for subsequent analysis
NOTE: MH751982.1_Eimeria_ferrisi is identical to MH751949.1_Eimeria_ferrisi but kept for subsequent analysis
NOTE: MH751995.1_Eimeria_ferrisi is identical to MH751993.1_Eimeria_ferrisi but kept for subsequent analysis
NOTE: MH752014.1_Eimeria_ferrisi is identical to MH752013.1_Eimeria_ferrisi but kept for subsequent analysis
Checking for duplicate sequences: done in 0.00408985 secs using 617.7% CPU
Identifying sites to remove: done in 0.0057737 secs using 8620% CPU
NOTE: 7 identical sequences (see below) will be ignored for subsequent analysis
NOTE: MH751931.1_Eimeria_ferrisi (identical to MH751929.1_Eimeria_ferrisi) is ignored but added at the end
NOTE: MH751952.1_Eimeria_ferrisi (identical to MH751929.1_Eimeria_ferrisi) is ignored but added at the end
NOTE: MH751956.1_Eimeria_ferrisi (identical to MH751929.1_Eimeria_ferrisi) is ignored but added at the end
NOTE: MH751971.1_Eimeria_ferrisi (identical to MH751929.1_Eimeria_ferrisi) is ignored but added at the end
NOTE: MH751973.1_Eimeria_ferrisi (identical to MH751929.1_Eimeria_ferrisi) is ignored but added at the end
NOTE: MH751990.1_Eimeria_ferrisi (identical to MH751929.1_Eimeria_ferrisi) is ignored but added at the end
NOTE: MH752001.1_Eimeria_ferrisi (identical to MH751929.1_Eimeria_ferrisi) is ignored but added at the end
Alignment was printed to tmp/amplicon_alignments/amplicon10.uniqueseq.phy

For your convenience alignment with unique sequences printed to tmp/amplicon_alignments/amplicon10.uniqueseq.phy

Create initial parsimony tree by phylogenetic likelihood library (PLL)... 0.018 seconds
Generating 5000 samples for ultrafast bootstrap (seed: 912104)...

NOTE: 25 MB RAM (0 GB) is required!
Measuring multi-threading efficiency up to 96 CPU cores
Increase to 10 rounds for branch lengths
326 trees examined
Threads: 1 / Time: 96.186 sec / Speedup: 1.000 / Efficiency: 100% / LogL: -11930
Threads: 2 / Time: 64.810 sec / Speedup: 1.484 / Efficiency: 74% / LogL: -11930
Threads: 3 / Time: 83.672 sec / Speedup: 1.150 / Efficiency: 38% / LogL: -11930
Determining AUTO threadcount: done in 244.669 secs using 192.4% CPU
BEST NUMBER OF THREADS: 2

Estimate model parameters (epsilon = 0.100)
1. Initial log-likelihood: -5598.613
2. Current log-likelihood: -5525.591
3. Current log-likelihood: -5521.598
4. Current log-likelihood: -5517.429
5. Current log-likelihood: -5513.135
6. Current log-likelihood: -5508.805
7. Current log-likelihood: -5504.551
8. Current log-likelihood: -5500.518
9. Current log-likelihood: -5496.845
10. Current log-likelihood: -5493.634
11. Current log-likelihood: -5490.958
12. Current log-likelihood: -5488.830
13. Current log-likelihood: -5487.204
14. Current log-likelihood: -5485.995
15. Current log-likelihood: -5485.099
16. Current log-likelihood: -5484.418
17. Current log-likelihood: -5483.828
18. Current log-likelihood: -5483.264
19. Current log-likelihood: -5482.723
20. Current log-likelihood: -5482.208
21. Current log-likelihood: -5481.727
22. Current log-likelihood: -5481.284
23. Current log-likelihood: -5480.882
24. Current log-likelihood: -5480.525
25. Current log-likelihood: -5480.214
26. Current log-likelihood: -5479.948
27. Current log-likelihood: -5479.725
28. Current log-likelihood: -5479.543
29. Current log-likelihood: -5479.397
30. Current log-likelihood: -5479.281
Optimal log-likelihood: -5479.180
Rate parameters:  A-C: 1.00000  A-G: 1.25244  A-T: 1.00000  C-G: 1.00000  C-T: 3.13480  G-T: 1.00000
Base frequencies:  A: 0.252  C: 0.197  G: 0.269  T: 0.282
Site proportion and rates:  (0.902,0.422) (0.098,6.296)
Parameters optimization took 30 rounds (3.557 sec)
Wrote distance file to... 
Computing ML distances based on estimated model parameters...
Calculating distance matrix: done in 0.120212 secs using 200.2% CPU
Computing ML distances took 0.120859 sec (of wall-clock time) 0.241265 sec (of CPU time)
Setting up auxiliary I and S matrices: done in 0.000955806 secs using 190% CPU
Constructing RapidNJ tree: done in 0.0306096 secs using 102.3% CPU
Computing RapidNJ tree took 0.031722 sec (of wall-clock time) 0.033300 sec (of CPU time)
Log-likelihood of RapidNJ tree: -5585.207
--------------------------------------------------------------------
|             INITIALIZING CANDIDATE TREE SET                      |
--------------------------------------------------------------------
Generating 98 parsimony trees... 2.106 second
Computing log-likelihood of 98 initial trees ... 3.389 seconds
Current best score: -5469.179

Do NNI search on 20 best initial trees
Optimizing NNI: done in 2.3171 secs using 199% CPU
Estimate model parameters (epsilon = 0.100)
BETTER TREE FOUND at iteration 1: -5462.176
Optimizing NNI: done in 4.4492 secs using 199.5% CPU
Estimate model parameters (epsilon = 0.100)
BETTER TREE FOUND at iteration 2: -5462.007
Optimizing NNI: done in 5.51827 secs using 198.7% CPU
Estimate model parameters (epsilon = 0.100)
BETTER TREE FOUND at iteration 3: -5458.683
Optimizing NNI: done in 4.2753 secs using 198.9% CPU
Optimizing NNI: done in 3.56545 secs using 199.3% CPU
Optimizing NNI: done in 5.16207 secs using 199.3% CPU
Optimizing NNI: done in 4.9796 secs using 198.7% CPU
Optimizing NNI: done in 3.51259 secs using 198.9% CPU
Optimizing NNI: done in 4.02966 secs using 199.5% CPU
Optimizing NNI: done in 4.82182 secs using 199.1% CPU
Iteration 10 / LogL: -5466.143 / Time: 0h:4m:57s
Optimizing NNI: done in 4.02179 secs using 198.8% CPU
Optimizing NNI: done in 3.34545 secs using 198.6% CPU
Optimizing NNI: done in 5.89948 secs using 199.5% CPU
Optimizing NNI: done in 4.33255 secs using 198.9% CPU
Optimizing NNI: done in 5.74608 secs using 198.8% CPU
Optimizing NNI: done in 6.34102 secs using 199.1% CPU
Optimizing NNI: done in 4.94221 secs using 199.2% CPU
Optimizing NNI: done in 4.01009 secs using 199.2% CPU
Optimizing NNI: done in 4.00857 secs using 199.1% CPU
Optimizing NNI: done in 2.95104 secs using 198.4% CPU
Iteration 20 / LogL: -5470.796 / Time: 0h:5m:43s
Finish initializing candidate tree set (20)
Current best tree score: -5458.683 / CPU time: 94.276
Number of iterations: 20
--------------------------------------------------------------------
|               OPTIMIZING CANDIDATE TREE SET                      |
--------------------------------------------------------------------
Optimizing NNI: done in 2.36887 secs using 198.6% CPU
Optimizing NNI: done in 1.02731 secs using 198.9% CPU
Optimizing NNI: done in 2.23425 secs using 199.7% CPU
Optimizing NNI: done in 1.85884 secs using 198.5% CPU
Optimizing NNI: done in 1.60793 secs using 198.5% CPU
Optimizing NNI: done in 2.3766 secs using 198.6% CPU
Estimate model parameters (epsilon = 0.100)
BETTER TREE FOUND at iteration 26: -5458.619
Optimizing NNI: done in 1.26197 secs using 198.9% CPU
Optimizing NNI: done in 1.45313 secs using 198% CPU
Optimizing NNI: done in 1.57384 secs using 198.3% CPU
Optimizing NNI: done in 2.01137 secs using 198.6% CPU
Iteration 30 / LogL: -5466.074 / Time: 0h:6m:1s (0h:19m:56s left)
Optimizing NNI: done in 0.56578 secs using 199% CPU
Optimizing NNI: done in 2.09483 secs using 198.3% CPU
Optimizing NNI: done in 1.35048 secs using 199.5% CPU
Optimizing NNI: done in 3.15086 secs using 199.1% CPU
Optimizing NNI: done in 1.3654 secs using 197.8% CPU
Optimizing NNI: done in 1.4372 secs using 198.8% CPU
Optimizing NNI: done in 1.9264 secs using 198.4% CPU
Optimizing NNI: done in 1.34727 secs using 198.6% CPU
Optimizing NNI: done in 1.42256 secs using 199.2% CPU
Optimizing NNI: done in 2.88231 secs using 198.8% CPU
Iteration 40 / LogL: -5461.891 / Time: 0h:6m:19s (0h:13m:56s left)
Optimizing NNI: done in 1.72128 secs using 198.5% CPU
Optimizing NNI: done in 0.946958 secs using 198.8% CPU
Optimizing NNI: done in 1.76877 secs using 199% CPU
Estimate model parameters (epsilon = 0.100)
BETTER TREE FOUND at iteration 43: -5457.151
Optimizing NNI: done in 1.7471 secs using 198.7% CPU
Optimizing NNI: done in 2.06418 secs using 199% CPU
Estimate model parameters (epsilon = 0.100)
BETTER TREE FOUND at iteration 45: -5456.315
Optimizing NNI: done in 1.16984 secs using 197.1% CPU
Optimizing NNI: done in 1.07782 secs using 198% CPU
Optimizing NNI: done in 2.05202 secs using 198.6% CPU
Optimizing NNI: done in 1.88386 secs using 198.9% CPU
Optimizing NNI: done in 1.38483 secs using 197.9% CPU
Iteration 50 / LogL: -5457.169 / Time: 0h:6m:35s (0h:12m:47s left)
Log-likelihood cutoff on original alignment: -5499.681
Optimizing NNI: done in 1.30012 secs using 198.7% CPU
Optimizing NNI: done in 1.43549 secs using 199.2% CPU
Optimizing NNI: done in 0.615793 secs using 198.7% CPU
Optimizing NNI: done in 1.36402 secs using 200% CPU
Optimizing NNI: done in 1.60154 secs using 198.4% CPU
Optimizing NNI: done in 1.57839 secs using 198.8% CPU
Optimizing NNI: done in 1.73274 secs using 198.1% CPU
Optimizing NNI: done in 0.994833 secs using 197.3% CPU
Optimizing NNI: done in 1.70142 secs using 199.2% CPU
Optimizing NNI: done in 1.49512 secs using 198.4% CPU
Iteration 60 / LogL: -5493.811 / Time: 0h:6m:54s (0h:9m:57s left)
Optimizing NNI: done in 1.42107 secs using 199.3% CPU
Optimizing NNI: done in 1.6274 secs using 199.5% CPU
Optimizing NNI: done in 1.84683 secs using 199% CPU
Optimizing NNI: done in 1.58538 secs using 197.1% CPU
Optimizing NNI: done in 1.42912 secs using 198.5% CPU
Optimizing NNI: done in 0.573871 secs using 199% CPU
Optimizing NNI: done in 1.40283 secs using 198.9% CPU
Optimizing NNI: done in 2.15974 secs using 199.1% CPU
Optimizing NNI: done in 1.55278 secs using 199.2% CPU
Optimizing NNI: done in 1.70184 secs using 197% CPU
Iteration 70 / LogL: -5457.177 / Time: 0h:7m:10s (0h:7m:48s left)
Optimizing NNI: done in 1.28548 secs using 198.9% CPU
Optimizing NNI: done in 1.50458 secs using 198.6% CPU
Optimizing NNI: done in 1.69926 secs using 197.2% CPU
Optimizing NNI: done in 1.86519 secs using 198.9% CPU
Optimizing NNI: done in 1.90518 secs using 198.5% CPU
Optimizing NNI: done in 1.97878 secs using 198.6% CPU
Optimizing NNI: done in 2.02403 secs using 199.4% CPU
Optimizing NNI: done in 0.95487 secs using 199.7% CPU
Optimizing NNI: done in 1.42815 secs using 198.9% CPU
Optimizing NNI: done in 1.2 secs using 198.3% CPU
Iteration 80 / LogL: -5457.831 / Time: 0h:7m:27s (0h:6m:8s left)
Optimizing NNI: done in 1.74944 secs using 198.8% CPU
Optimizing NNI: done in 1.96925 secs using 199.1% CPU
Optimizing NNI: done in 1.58218 secs using 198.6% CPU
Optimizing NNI: done in 1.88537 secs using 198.2% CPU
Optimizing NNI: done in 1.87737 secs using 198.4% CPU
Optimizing NNI: done in 1.19685 secs using 198.2% CPU
Optimizing NNI: done in 1.90116 secs using 198.9% CPU
Optimizing NNI: done in 1.60534 secs using 198.4% CPU
Optimizing NNI: done in 2.13188 secs using 197.5% CPU
Optimizing NNI: done in 1.53357 secs using 197.8% CPU
Iteration 90 / LogL: -5456.328 / Time: 0h:7m:45s (0h:4m:47s left)
Optimizing NNI: done in 1.76921 secs using 197.9% CPU
Optimizing NNI: done in 1.32966 secs using 199.2% CPU
Optimizing NNI: done in 1.28855 secs using 199.9% CPU
Optimizing NNI: done in 2.18516 secs using 198.3% CPU
Optimizing NNI: done in 0.804952 secs using 197.4% CPU
Optimizing NNI: done in 2.13675 secs using 198.6% CPU
Optimizing NNI: done in 1.41679 secs using 198.2% CPU
Optimizing NNI: done in 2.11324 secs using 199% CPU
Optimizing NNI: done in 1.69999 secs using 199% CPU
Optimizing NNI: done in 1.77042 secs using 198.5% CPU
Iteration 100 / LogL: -5457.241 / Time: 0h:8m:3s (0h:3m:39s left)
Log-likelihood cutoff on original alignment: -5500.433
NOTE: Bootstrap correlation coefficient of split occurrence frequencies: 0.967
NOTE: UFBoot does not converge, continue at least 100 more iterations
Optimizing NNI: done in 1.60373 secs using 198% CPU
Optimizing NNI: done in 1.94838 secs using 198.7% CPU
Optimizing NNI: done in 1.88261 secs using 199.4% CPU
Optimizing NNI: done in 1.52956 secs using 199.4% CPU
Optimizing NNI: done in 1.18166 secs using 198.8% CPU
Optimizing NNI: done in 1.74798 secs using 199.3% CPU
Optimizing NNI: done in 1.85413 secs using 198.6% CPU
Optimizing NNI: done in 1.85003 secs using 199% CPU
Optimizing NNI: done in 1.88298 secs using 198.6% CPU
Optimizing NNI: done in 1.69795 secs using 199.2% CPU
Iteration 110 / LogL: -5457.195 / Time: 0h:8m:25s (0h:6m:57s left)
Optimizing NNI: done in 1.92579 secs using 199.5% CPU
Optimizing NNI: done in 1.05854 secs using 198.2% CPU
Optimizing NNI: done in 1.46752 secs using 198.9% CPU
Optimizing NNI: done in 1.48377 secs using 198.7% CPU
Optimizing NNI: done in 1.94413 secs using 199.2% CPU
Optimizing NNI: done in 1.74838 secs using 199.3% CPU
Optimizing NNI: done in 2.02463 secs using 199.8% CPU
Optimizing NNI: done in 1.9124 secs using 198.9% CPU
Optimizing NNI: done in 1.72159 secs using 198.3% CPU
Optimizing NNI: done in 1.63345 secs using 199.2% CPU
Iteration 120 / LogL: -5456.326 / Time: 0h:8m:43s (0h:5m:52s left)
Optimizing NNI: done in 2.07068 secs using 198.3% CPU
Optimizing NNI: done in 1.70195 secs using 198.2% CPU
Optimizing NNI: done in 1.49702 secs using 198.8% CPU
BETTER TREE FOUND at iteration 123: -5456.313
Optimizing NNI: done in 1.85441 secs using 199% CPU
Optimizing NNI: done in 2.19938 secs using 197.3% CPU
Optimizing NNI: done in 1.84148 secs using 199.5% CPU
Optimizing NNI: done in 1.659 secs using 199.1% CPU
Optimizing NNI: done in 1.67615 secs using 199.5% CPU
Optimizing NNI: done in 2.09336 secs using 198.8% CPU
Optimizing NNI: done in 1.88262 secs using 198.4% CPU
Iteration 130 / LogL: -5456.318 / Time: 0h:9m:3s (0h:6m:31s left)
Optimizing NNI: done in 2.09193 secs using 199% CPU
BETTER TREE FOUND at iteration 131: -5456.310
Optimizing NNI: done in 1.92853 secs using 197.9% CPU
Optimizing NNI: done in 2.21757 secs using 200.1% CPU
Optimizing NNI: done in 1.70785 secs using 198.8% CPU
Optimizing NNI: done in 1.56623 secs using 198.8% CPU
Optimizing NNI: done in 1.51302 secs using 198.9% CPU
Optimizing NNI: done in 1.29883 secs using 200.1% CPU
Optimizing NNI: done in 1.59877 secs using 197.3% CPU
Optimizing NNI: done in 1.42407 secs using 200% CPU
Optimizing NNI: done in 1.93915 secs using 198.6% CPU
Iteration 140 / LogL: -5456.313 / Time: 0h:9m:22s (0h:6m:8s left)
Optimizing NNI: done in 1.79034 secs using 199.2% CPU
Optimizing NNI: done in 1.59405 secs using 198.1% CPU
Optimizing NNI: done in 1.77856 secs using 198.7% CPU
Optimizing NNI: done in 1.87189 secs using 198.7% CPU
Optimizing NNI: done in 1.51037 secs using 197.7% CPU
Optimizing NNI: done in 1.37891 secs using 198.6% CPU
Optimizing NNI: done in 1.63153 secs using 198.5% CPU
Optimizing NNI: done in 1.33448 secs using 199.8% CPU
Optimizing NNI: done in 1.1332 secs using 198.8% CPU
Optimizing NNI: done in 1.67753 secs using 199.4% CPU
Iteration 150 / LogL: -5458.253 / Time: 0h:9m:39s (0h:5m:14s left)
Log-likelihood cutoff on original alignment: -5500.495
Optimizing NNI: done in 1.13276 secs using 198.9% CPU
Optimizing NNI: done in 1.7143 secs using 199.1% CPU
Optimizing NNI: done in 2.32041 secs using 198.2% CPU
Optimizing NNI: done in 1.59346 secs using 197.9% CPU
Optimizing NNI: done in 0.909733 secs using 200.2% CPU
Optimizing NNI: done in 1.70206 secs using 198.4% CPU
Optimizing NNI: done in 1.69877 secs using 199.1% CPU
Optimizing NNI: done in 1.59495 secs using 198.8% CPU
Optimizing NNI: done in 1.17318 secs using 198.9% CPU
Optimizing NNI: done in 1.99242 secs using 198.2% CPU
Iteration 160 / LogL: -5456.327 / Time: 0h:10m:1s (0h:4m:28s left)
Optimizing NNI: done in 2.18234 secs using 198.8% CPU
Optimizing NNI: done in 1.3223 secs using 197.4% CPU
Optimizing NNI: done in 1.68087 secs using 198.3% CPU
Optimizing NNI: done in 1.51165 secs using 199.5% CPU
Optimizing NNI: done in 2.14135 secs using 199.2% CPU
Optimizing NNI: done in 1.99103 secs using 198.8% CPU
Optimizing NNI: done in 1.99606 secs using 198.8% CPU
Optimizing NNI: done in 1.65883 secs using 199.3% CPU
Optimizing NNI: done in 1.45928 secs using 199.8% CPU
Optimizing NNI: done in 1.39723 secs using 198.8% CPU
Iteration 170 / LogL: -5456.341 / Time: 0h:10m:20s (0h:3m:43s left)
Optimizing NNI: done in 2.40349 secs using 198.8% CPU
Optimizing NNI: done in 1.78291 secs using 199.4% CPU
Optimizing NNI: done in 2.09112 secs using 199.1% CPU
Optimizing NNI: done in 1.71234 secs using 198.6% CPU
Optimizing NNI: done in 1.73557 secs using 197.9% CPU
Optimizing NNI: done in 1.87024 secs using 198.8% CPU
Optimizing NNI: done in 2.2254 secs using 199% CPU
Optimizing NNI: done in 1.43229 secs using 198% CPU
Optimizing NNI: done in 1.67952 secs using 198.1% CPU
Optimizing NNI: done in 2.50002 secs using 199% CPU
Iteration 180 / LogL: -5456.317 / Time: 0h:10m:41s (0h:3m:2s left)
Optimizing NNI: done in 3.43956 secs using 198.7% CPU
Optimizing NNI: done in 1.50396 secs using 197.8% CPU
Optimizing NNI: done in 1.4939 secs using 198.8% CPU
Optimizing NNI: done in 2.05746 secs using 198.7% CPU
Optimizing NNI: done in 1.92692 secs using 199% CPU
Optimizing NNI: done in 2.11877 secs using 197.8% CPU
Optimizing NNI: done in 2.81294 secs using 198% CPU
Optimizing NNI: done in 1.67262 secs using 198% CPU
Optimizing NNI: done in 1.21266 secs using 199.3% CPU
Optimizing NNI: done in 1.33127 secs using 198.8% CPU
Iteration 190 / LogL: -5459.584 / Time: 0h:11m:3s (0h:2m:23s left)
Optimizing NNI: done in 1.70293 secs using 199.8% CPU
BETTER TREE FOUND at iteration 191: -5456.306
Optimizing NNI: done in 0.723984 secs using 197.2% CPU
Optimizing NNI: done in 2.08818 secs using 198.8% CPU
Optimizing NNI: done in 1.25053 secs using 198.8% CPU
Optimizing NNI: done in 1.79432 secs using 199.6% CPU
Optimizing NNI: done in 2.06184 secs using 199.5% CPU
Optimizing NNI: done in 1.02207 secs using 198.2% CPU
Optimizing NNI: done in 2.01516 secs using 198.8% CPU
Optimizing NNI: done in 1.93533 secs using 199.2% CPU
Optimizing NNI: done in 1.69178 secs using 198.6% CPU
BETTER TREE FOUND at iteration 200: -5456.305
Iteration 200 / LogL: -5456.305 / Time: 0h:11m:21s (0h:5m:42s left)
Log-likelihood cutoff on original alignment: -5500.495
NOTE: Bootstrap correlation coefficient of split occurrence frequencies: 0.979
NOTE: UFBoot does not converge, continue at least 100 more iterations
Optimizing NNI: done in 1.55687 secs using 197.4% CPU
Optimizing NNI: done in 1.24815 secs using 198.1% CPU
Optimizing NNI: done in 1.92896 secs using 197.9% CPU
Optimizing NNI: done in 1.92127 secs using 198.9% CPU
Optimizing NNI: done in 1.3016 secs using 198% CPU
Optimizing NNI: done in 1.2565 secs using 197.7% CPU
Optimizing NNI: done in 1.32397 secs using 198.8% CPU
Optimizing NNI: done in 2.16809 secs using 199.4% CPU
Optimizing NNI: done in 1.13567 secs using 198.2% CPU
Optimizing NNI: done in 1.6037 secs using 198.5% CPU
Iteration 210 / LogL: -5474.719 / Time: 0h:11m:42s (0h:5m:2s left)
Optimizing NNI: done in 1.94089 secs using 198.5% CPU
Optimizing NNI: done in 2.24179 secs using 198.8% CPU
Optimizing NNI: done in 2.19398 secs using 197.9% CPU
Optimizing NNI: done in 2.13897 secs using 198.9% CPU
BETTER TREE FOUND at iteration 214: -5456.300
Optimizing NNI: done in 0.917794 secs using 198.9% CPU
Optimizing NNI: done in 1.42808 secs using 199.4% CPU
Optimizing NNI: done in 1.75149 secs using 198% CPU
Optimizing NNI: done in 1.73842 secs using 199.2% CPU
Optimizing NNI: done in 1.65915 secs using 198.8% CPU
Optimizing NNI: done in 1.32546 secs using 199.9% CPU
Iteration 220 / LogL: -5457.353 / Time: 0h:12m:2s (0h:5m:10s left)
Optimizing NNI: done in 1.82503 secs using 199% CPU
Optimizing NNI: done in 1.97017 secs using 197.8% CPU
Optimizing NNI: done in 1.52273 secs using 198% CPU
Optimizing NNI: done in 1.72511 secs using 198.7% CPU
Optimizing NNI: done in 1.37652 secs using 197.6% CPU
Optimizing NNI: done in 1.7214 secs using 197.6% CPU
Optimizing NNI: done in 1.1476 secs using 199% CPU
Optimizing NNI: done in 1.40791 secs using 198.6% CPU
Optimizing NNI: done in 1.85052 secs using 198.8% CPU
Optimizing NNI: done in 1.61442 secs using 199.1% CPU
Iteration 230 / LogL: -5457.349 / Time: 0h:12m:21s (0h:4m:31s left)
Optimizing NNI: done in 1.65228 secs using 198% CPU
Optimizing NNI: done in 1.32019 secs using 197.8% CPU
Optimizing NNI: done in 1.60244 secs using 198.8% CPU
Optimizing NNI: done in 1.70839 secs using 198.8% CPU
Optimizing NNI: done in 1.50057 secs using 198.3% CPU
Optimizing NNI: done in 0.717336 secs using 198.7% CPU
Optimizing NNI: done in 2.09781 secs using 199.5% CPU
Optimizing NNI: done in 1.75185 secs using 198.2% CPU
Optimizing NNI: done in 1.68126 secs using 197.5% CPU
Optimizing NNI: done in 1.66868 secs using 199.2% CPU
Iteration 240 / LogL: -5456.306 / Time: 0h:12m:39s (0h:3m:55s left)
Optimizing NNI: done in 1.72705 secs using 198.4% CPU
Optimizing NNI: done in 1.81497 secs using 199.4% CPU
Optimizing NNI: done in 1.79392 secs using 199% CPU
Optimizing NNI: done in 1.44536 secs using 199.1% CPU
Optimizing NNI: done in 1.63148 secs using 199% CPU
Optimizing NNI: done in 2.39817 secs using 198.6% CPU
Optimizing NNI: done in 1.71197 secs using 198.8% CPU
Optimizing NNI: done in 1.68603 secs using 198.4% CPU
Optimizing NNI: done in 0.933963 secs using 199.8% CPU
Optimizing NNI: done in 2.89241 secs using 199.4% CPU
Iteration 250 / LogL: -5456.326 / Time: 0h:12m:59s (0h:3m:20s left)
Log-likelihood cutoff on original alignment: -5500.433
Optimizing NNI: done in 1.93586 secs using 199.4% CPU
Optimizing NNI: done in 1.89539 secs using 198.5% CPU
Optimizing NNI: done in 0.808879 secs using 197.4% CPU
Optimizing NNI: done in 2.13382 secs using 199.1% CPU
Optimizing NNI: done in 1.32883 secs using 198.7% CPU
Optimizing NNI: done in 2.06657 secs using 198.3% CPU
Optimizing NNI: done in 2.00084 secs using 199.1% CPU
Optimizing NNI: done in 1.56188 secs using 199.1% CPU
Optimizing NNI: done in 1.1076 secs using 197.5% CPU
Optimizing NNI: done in 1.88582 secs using 198.2% CPU
Iteration 260 / LogL: -5457.239 / Time: 0h:13m:23s (0h:2m:47s left)
Optimizing NNI: done in 1.23949 secs using 197.4% CPU
Optimizing NNI: done in 1.25595 secs using 199% CPU
Optimizing NNI: done in 1.67789 secs using 198.9% CPU
Optimizing NNI: done in 2.21463 secs using 199.3% CPU
Optimizing NNI: done in 2.29553 secs using 198.4% CPU
Optimizing NNI: done in 2.3201 secs using 198.9% CPU
Optimizing NNI: done in 1.67386 secs using 198.7% CPU
Optimizing NNI: done in 1.61316 secs using 198.7% CPU
Optimizing NNI: done in 1.83596 secs using 198.9% CPU
Optimizing NNI: done in 1.86439 secs using 199.7% CPU
Iteration 270 / LogL: -5456.313 / Time: 0h:13m:44s (0h:2m:14s left)
Optimizing NNI: done in 1.76995 secs using 198.7% CPU
Optimizing NNI: done in 1.29224 secs using 198.1% CPU
Optimizing NNI: done in 1.58224 secs using 197.8% CPU
Optimizing NNI: done in 1.98081 secs using 197.9% CPU
Optimizing NNI: done in 1.3511 secs using 198.9% CPU
Optimizing NNI: done in 2.3132 secs using 198.7% CPU
Optimizing NNI: done in 2.14456 secs using 198.3% CPU
Optimizing NNI: done in 1.28241 secs using 198.2% CPU
Optimizing NNI: done in 1.85683 secs using 199.7% CPU
Optimizing NNI: done in 1.97753 secs using 198.9% CPU
Iteration 280 / LogL: -5456.330 / Time: 0h:14m:4s (0h:1m:42s left)
Optimizing NNI: done in 1.75744 secs using 199% CPU
Optimizing NNI: done in 1.60224 secs using 199.1% CPU
Optimizing NNI: done in 1.79617 secs using 198.6% CPU
Optimizing NNI: done in 2.03578 secs using 199.2% CPU
Optimizing NNI: done in 1.44624 secs using 199% CPU
Optimizing NNI: done in 1.76992 secs using 198.5% CPU
Optimizing NNI: done in 1.73102 secs using 199.1% CPU
Optimizing NNI: done in 1.2388 secs using 198.5% CPU
Optimizing NNI: done in 1.84101 secs using 198.8% CPU
Optimizing NNI: done in 1.9466 secs using 199% CPU
Iteration 290 / LogL: -5465.169 / Time: 0h:14m:25s (0h:1m:11s left)
Optimizing NNI: done in 2.38235 secs using 199% CPU
Optimizing NNI: done in 1.49479 secs using 197.7% CPU
Optimizing NNI: done in 1.47998 secs using 199.2% CPU
Optimizing NNI: done in 1.86757 secs using 198.7% CPU
Optimizing NNI: done in 1.60179 secs using 198.9% CPU
Optimizing NNI: done in 1.61052 secs using 199.3% CPU
Optimizing NNI: done in 1.41395 secs using 198.1% CPU
Optimizing NNI: done in 2.28082 secs using 199.2% CPU
Optimizing NNI: done in 1.66166 secs using 199.2% CPU
Optimizing NNI: done in 1.74977 secs using 199.2% CPU
Iteration 300 / LogL: -5456.345 / Time: 0h:14m:45s (0h:0m:41s left)
Log-likelihood cutoff on original alignment: -5500.433
NOTE: Bootstrap correlation coefficient of split occurrence frequencies: 0.992
Optimizing NNI: done in 1.49114 secs using 199.2% CPU
Optimizing NNI: done in 1.52006 secs using 198.4% CPU
Optimizing NNI: done in 1.48554 secs using 197.4% CPU
Optimizing NNI: done in 1.55088 secs using 199.3% CPU
Optimizing NNI: done in 1.53717 secs using 198.9% CPU
Optimizing NNI: done in 1.35566 secs using 199.1% CPU
Optimizing NNI: done in 1.74377 secs using 199.1% CPU
Optimizing NNI: done in 1.57849 secs using 198.8% CPU
Optimizing NNI: done in 1.04342 secs using 197.7% CPU
Optimizing NNI: done in 1.04526 secs using 198.7% CPU
Iteration 310 / LogL: -5456.308 / Time: 0h:15m:7s (0h:4m:24s left)
Optimizing NNI: done in 1.95607 secs using 198.1% CPU
Optimizing NNI: done in 1.76806 secs using 198.6% CPU
Optimizing NNI: done in 1.69136 secs using 198.6% CPU
Optimizing NNI: done in 1.28946 secs using 198.9% CPU
Optimizing NNI: done in 1.48711 secs using 198.7% CPU
TREE SEARCH COMPLETED AFTER 315 ITERATIONS / Time: 0h:15m:17s

--------------------------------------------------------------------
|                    FINALIZING TREE SEARCH                        |
--------------------------------------------------------------------
Performs final model parameters optimization
Estimate model parameters (epsilon = 0.010)
1. Initial log-likelihood: -5456.300
Optimal log-likelihood: -5456.294
Rate parameters:  A-C: 1.00000  A-G: 1.26707  A-T: 1.00000  C-G: 1.00000  C-T: 3.16370  G-T: 1.00000
Base frequencies:  A: 0.252  C: 0.197  G: 0.269  T: 0.282
Site proportion and rates:  (0.911,0.450) (0.089,6.662)
Parameters optimization took 1 rounds (0.102 sec)
BEST SCORE FOUND : -5456.294
Creating bootstrap support values...
Split supports printed to NEXUS file tmp/amplicon_alignments/amplicon10.splits.nex
Total tree length: 0.312

Total number of iterations: 315
CPU time used for tree search: 1250.651 sec (0h:20m:50s)
Wall-clock time used for tree search: 668.718 sec (0h:11m:8s)
Total CPU time used: 1734.029 sec (0h:28m:54s)
Total wall-clock time used: 921.954 sec (0h:15m:21s)

Computing bootstrap consensus tree...
Reading input file tmp/amplicon_alignments/amplicon10.splits.nex...
196 taxa and 11451 splits.
Consensus tree written to tmp/amplicon_alignments/amplicon10.contree
Reading input trees file tmp/amplicon_alignments/amplicon10.contree
Log-likelihood of consensus tree: -5456.540

Analysis results written to: 
  IQ-TREE report:                tmp/amplicon_alignments/amplicon10.iqtree
  Maximum-likelihood tree:       tmp/amplicon_alignments/amplicon10.treefile
  Likelihood distances:          tmp/amplicon_alignments/amplicon10.mldist

Ultrafast bootstrap approximation results written to:
  Split support values:          tmp/amplicon_alignments/amplicon10.splits.nex
  Consensus tree:                tmp/amplicon_alignments/amplicon10.contree
  Screen log file:               tmp/amplicon_alignments/amplicon10.log

Date and Time: Mon Dec 12 09:30:13 2022
